ARM GAS  C:\Users\Fabian\AppData\Local\Temp\cc5O1qvO.s 			page 1


   1              		.syntax unified
   2              		.cpu cortex-m3
   3              		.fpu softvfp
   4              		.eabi_attribute 20, 1
   5              		.eabi_attribute 21, 1
   6              		.eabi_attribute 23, 3
   7              		.eabi_attribute 24, 1
   8              		.eabi_attribute 25, 1
   9              		.eabi_attribute 26, 1
  10              		.eabi_attribute 30, 1
  11              		.eabi_attribute 34, 1
  12              		.eabi_attribute 18, 4
  13              		.thumb
  14              		.syntax unified
  15              		.file	"cymetadata.c"
  16              		.text
  17              	.Ltext0:
  18              		.cfi_sections	.debug_frame
  19              		.global	cy_metadata
  20              		.global	cy_meta_flashprotect
  21              		.global	cy_meta_wonvl
  22              		.global	cy_meta_custnvl
  23              		.global	cy_meta_configecc
  24              		.section	.cyconfigecc,"a",%progbits
  25              		.align	2
  26              		.type	cy_meta_configecc, %object
  27              		.size	cy_meta_configecc, 84
  28              	cy_meta_configecc:
  29 0000 01       		.byte	1
  30 0001 52       		.byte	82
  31 0002 00       		.byte	0
  32 0003 40       		.byte	64
  33 0004 04       		.byte	4
  34 0005 0B       		.byte	11
  35 0006 01       		.byte	1
  36 0007 40       		.byte	64
  37 0008 05       		.byte	5
  38 0009 0C       		.byte	12
  39 000a 01       		.byte	1
  40 000b 40       		.byte	64
  41 000c 03       		.byte	3
  42 000d 0D       		.byte	13
  43 000e 01       		.byte	1
  44 000f 40       		.byte	64
  45 0010 04       		.byte	4
  46 0011 45       		.byte	69
  47 0012 01       		.byte	1
  48 0013 40       		.byte	64
  49 0014 02       		.byte	2
  50 0015 46       		.byte	70
  51 0016 01       		.byte	1
  52 0017 40       		.byte	64
  53 0018 11       		.byte	17
  54 0019 02       		.byte	2
  55 001a AB       		.byte	-85
  56 001b 80       		.byte	-128
  57 001c AF       		.byte	-81
ARM GAS  C:\Users\Fabian\AppData\Local\Temp\cc5O1qvO.s 			page 2


  58 001d 10       		.byte	16
  59 001e EC       		.byte	-20
  60 001f 04       		.byte	4
  61 0020 EE       		.byte	-18
  62 0021 02       		.byte	2
  63 0022 94       		.byte	-108
  64 0023 01       		.byte	1
  65 0024 B6       		.byte	-74
  66 0025 01       		.byte	1
  67 0026 BE       		.byte	-66
  68 0027 40       		.byte	64
  69 0028 D8       		.byte	-40
  70 0029 04       		.byte	4
  71 002a DF       		.byte	-33
  72 002b 01       		.byte	1
  73 002c 0B       		.byte	11
  74 002d 20       		.byte	32
  75 002e 1B       		.byte	27
  76 002f 80       		.byte	-128
  77 0030 C2       		.byte	-62
  78 0031 04       		.byte	4
  79 0032 03       		.byte	3
  80 0033 08       		.byte	8
  81 0034 53       		.byte	83
  82 0035 01       		.byte	1
  83 0036 C0       		.byte	-64
  84 0037 02       		.byte	2
  85 0038 D4       		.byte	-44
  86 0039 01       		.byte	1
  87 003a AB       		.byte	-85
  88 003b 01       		.byte	1
  89 003c AF       		.byte	-81
  90 003d 08       		.byte	8
  91 003e 00       		.byte	0
  92 003f 00       		.byte	0
  93 0040 00       		.byte	0
  94 0041 0B       		.byte	11
  95 0042 0B       		.byte	11
  96 0043 00       		.byte	0
  97 0044 00       		.byte	0
  98 0045 00       		.byte	0
  99 0046 00       		.byte	0
 100 0047 00       		.byte	0
 101 0048 04       		.byte	4
 102 0049 00       		.byte	0
 103 004a 00       		.byte	0
 104 004b 06       		.byte	6
 105 004c 02       		.byte	2
 106 004d 00       		.byte	0
 107 004e 02       		.byte	2
 108 004f 00       		.byte	0
 109 0050 00       		.byte	0
 110 0051 00       		.byte	0
 111 0052 00       		.byte	0
 112 0053 00       		.byte	0
 113              		.section	.cywolatch,"a",%progbits
 114              		.align	2
ARM GAS  C:\Users\Fabian\AppData\Local\Temp\cc5O1qvO.s 			page 3


 115              		.type	cy_meta_wonvl, %object
 116              		.size	cy_meta_wonvl, 4
 117              	cy_meta_wonvl:
 118 0000 BC       		.byte	-68
 119 0001 90       		.byte	-112
 120 0002 AC       		.byte	-84
 121 0003 AF       		.byte	-81
 122              		.section	.cycustnvl,"a",%progbits
 123              		.align	2
 124              		.type	cy_meta_custnvl, %object
 125              		.size	cy_meta_custnvl, 4
 126              	cy_meta_custnvl:
 127 0000 00       		.byte	0
 128 0001 00       		.byte	0
 129 0002 40       		.byte	64
 130 0003 05       		.byte	5
 131              		.section	.cymeta,"a",%progbits
 132              		.align	2
 133              		.type	cy_metadata, %object
 134              		.size	cy_metadata, 12
 135              	cy_metadata:
 136 0000 00       		.byte	0
 137 0001 01       		.byte	1
 138 0002 2E       		.byte	46
 139 0003 16       		.byte	22
 140 0004 10       		.byte	16
 141 0005 69       		.byte	105
 142 0006 00       		.byte	0
 143 0007 01       		.byte	1
 144 0008 00       		.byte	0
 145 0009 00       		.byte	0
 146 000a 00       		.byte	0
 147 000b 00       		.byte	0
 148              		.section	.cyflashprotect,"a",%progbits
 149              		.align	2
 150              		.type	cy_meta_flashprotect, %object
 151              		.size	cy_meta_flashprotect, 256
 152              	cy_meta_flashprotect:
 153 0000 00000000 		.space	256
 153      00000000 
 153      00000000 
 153      00000000 
 153      00000000 
 154              		.text
 155              	.Letext0:
 156              		.file 1 "c:\\program files (x86)\\cypress\\psoc creator\\4.4\\psoc creator\\import\\gnu\\arm\\5.4.
 157              		.file 2 "c:\\program files (x86)\\cypress\\psoc creator\\4.4\\psoc creator\\import\\gnu\\arm\\5.4.
 158              		.file 3 "Generated_Source\\PSoC5\\cymetadata.c"
 159              		.section	.debug_info,"",%progbits
 160              	.Ldebug_info0:
 161 0000 30010000 		.4byte	0x130
 162 0004 0400     		.2byte	0x4
 163 0006 00000000 		.4byte	.Ldebug_abbrev0
 164 000a 04       		.byte	0x4
 165 000b 01       		.uleb128 0x1
 166 000c BC000000 		.4byte	.LASF17
 167 0010 0C       		.byte	0xc
ARM GAS  C:\Users\Fabian\AppData\Local\Temp\cc5O1qvO.s 			page 4


 168 0011 16020000 		.4byte	.LASF18
 169 0015 00000000 		.4byte	.LASF19
 170 0019 00000000 		.4byte	.Ldebug_line0
 171 001d 02       		.uleb128 0x2
 172 001e 01       		.byte	0x1
 173 001f 06       		.byte	0x6
 174 0020 0A020000 		.4byte	.LASF0
 175 0024 03       		.uleb128 0x3
 176 0025 98000000 		.4byte	.LASF9
 177 0029 01       		.byte	0x1
 178 002a 1D       		.byte	0x1d
 179 002b 2F000000 		.4byte	0x2f
 180 002f 02       		.uleb128 0x2
 181 0030 01       		.byte	0x1
 182 0031 08       		.byte	0x8
 183 0032 AE000000 		.4byte	.LASF1
 184 0036 02       		.uleb128 0x2
 185 0037 02       		.byte	0x2
 186 0038 05       		.byte	0x5
 187 0039 F7010000 		.4byte	.LASF2
 188 003d 02       		.uleb128 0x2
 189 003e 02       		.byte	0x2
 190 003f 07       		.byte	0x7
 191 0040 5C010000 		.4byte	.LASF3
 192 0044 02       		.uleb128 0x2
 193 0045 04       		.byte	0x4
 194 0046 05       		.byte	0x5
 195 0047 01020000 		.4byte	.LASF4
 196 004b 02       		.uleb128 0x2
 197 004c 04       		.byte	0x4
 198 004d 07       		.byte	0x7
 199 004e 4A010000 		.4byte	.LASF5
 200 0052 02       		.uleb128 0x2
 201 0053 08       		.byte	0x8
 202 0054 05       		.byte	0x5
 203 0055 E9010000 		.4byte	.LASF6
 204 0059 02       		.uleb128 0x2
 205 005a 08       		.byte	0x8
 206 005b 07       		.byte	0x7
 207 005c 9E010000 		.4byte	.LASF7
 208 0060 04       		.uleb128 0x4
 209 0061 04       		.byte	0x4
 210 0062 05       		.byte	0x5
 211 0063 696E7400 		.ascii	"int\000"
 212 0067 02       		.uleb128 0x2
 213 0068 04       		.byte	0x4
 214 0069 07       		.byte	0x7
 215 006a 91010000 		.4byte	.LASF8
 216 006e 03       		.uleb128 0x3
 217 006f B5010000 		.4byte	.LASF10
 218 0073 02       		.byte	0x2
 219 0074 18       		.byte	0x18
 220 0075 24000000 		.4byte	0x24
 221 0079 05       		.uleb128 0x5
 222 007a 90000000 		.4byte	0x90
 223 007e 89000000 		.4byte	0x89
 224 0082 06       		.uleb128 0x6
ARM GAS  C:\Users\Fabian\AppData\Local\Temp\cc5O1qvO.s 			page 5


 225 0083 89000000 		.4byte	0x89
 226 0087 53       		.byte	0x53
 227 0088 00       		.byte	0
 228 0089 02       		.uleb128 0x2
 229 008a 04       		.byte	0x4
 230 008b 07       		.byte	0x7
 231 008c E0010000 		.4byte	.LASF11
 232 0090 07       		.uleb128 0x7
 233 0091 6E000000 		.4byte	0x6e
 234 0095 08       		.uleb128 0x8
 235 0096 7F010000 		.4byte	.LASF12
 236 009a 03       		.byte	0x3
 237 009b 1F       		.byte	0x1f
 238 009c A6000000 		.4byte	0xa6
 239 00a0 05       		.uleb128 0x5
 240 00a1 03       		.byte	0x3
 241 00a2 00000000 		.4byte	cy_meta_configecc
 242 00a6 07       		.uleb128 0x7
 243 00a7 79000000 		.4byte	0x79
 244 00ab 05       		.uleb128 0x5
 245 00ac 90000000 		.4byte	0x90
 246 00b0 BB000000 		.4byte	0xbb
 247 00b4 06       		.uleb128 0x6
 248 00b5 89000000 		.4byte	0x89
 249 00b9 03       		.byte	0x3
 250 00ba 00       		.byte	0
 251 00bb 08       		.uleb128 0x8
 252 00bc 6F010000 		.4byte	.LASF13
 253 00c0 03       		.byte	0x3
 254 00c1 37       		.byte	0x37
 255 00c2 CC000000 		.4byte	0xcc
 256 00c6 05       		.uleb128 0x5
 257 00c7 03       		.byte	0x3
 258 00c8 00000000 		.4byte	cy_meta_custnvl
 259 00cc 07       		.uleb128 0x7
 260 00cd AB000000 		.4byte	0xab
 261 00d1 08       		.uleb128 0x8
 262 00d2 D2010000 		.4byte	.LASF14
 263 00d6 03       		.byte	0x3
 264 00d7 45       		.byte	0x45
 265 00d8 E2000000 		.4byte	0xe2
 266 00dc 05       		.uleb128 0x5
 267 00dd 03       		.byte	0x3
 268 00de 00000000 		.4byte	cy_meta_wonvl
 269 00e2 07       		.uleb128 0x7
 270 00e3 AB000000 		.4byte	0xab
 271 00e7 05       		.uleb128 0x5
 272 00e8 90000000 		.4byte	0x90
 273 00ec F7000000 		.4byte	0xf7
 274 00f0 06       		.uleb128 0x6
 275 00f1 89000000 		.4byte	0x89
 276 00f5 FF       		.byte	0xff
 277 00f6 00       		.byte	0
 278 00f7 08       		.uleb128 0x8
 279 00f8 BD010000 		.4byte	.LASF15
 280 00fc 03       		.byte	0x3
 281 00fd 53       		.byte	0x53
ARM GAS  C:\Users\Fabian\AppData\Local\Temp\cc5O1qvO.s 			page 6


 282 00fe 08010000 		.4byte	0x108
 283 0102 05       		.uleb128 0x5
 284 0103 03       		.byte	0x3
 285 0104 00000000 		.4byte	cy_meta_flashprotect
 286 0108 07       		.uleb128 0x7
 287 0109 E7000000 		.4byte	0xe7
 288 010d 05       		.uleb128 0x5
 289 010e 90000000 		.4byte	0x90
 290 0112 1D010000 		.4byte	0x11d
 291 0116 06       		.uleb128 0x6
 292 0117 89000000 		.4byte	0x89
 293 011b 0B       		.byte	0xb
 294 011c 00       		.byte	0
 295 011d 08       		.uleb128 0x8
 296 011e A2000000 		.4byte	.LASF16
 297 0122 03       		.byte	0x3
 298 0123 80       		.byte	0x80
 299 0124 2E010000 		.4byte	0x12e
 300 0128 05       		.uleb128 0x5
 301 0129 03       		.byte	0x3
 302 012a 00000000 		.4byte	cy_metadata
 303 012e 07       		.uleb128 0x7
 304 012f 0D010000 		.4byte	0x10d
 305 0133 00       		.byte	0
 306              		.section	.debug_abbrev,"",%progbits
 307              	.Ldebug_abbrev0:
 308 0000 01       		.uleb128 0x1
 309 0001 11       		.uleb128 0x11
 310 0002 01       		.byte	0x1
 311 0003 25       		.uleb128 0x25
 312 0004 0E       		.uleb128 0xe
 313 0005 13       		.uleb128 0x13
 314 0006 0B       		.uleb128 0xb
 315 0007 03       		.uleb128 0x3
 316 0008 0E       		.uleb128 0xe
 317 0009 1B       		.uleb128 0x1b
 318 000a 0E       		.uleb128 0xe
 319 000b 10       		.uleb128 0x10
 320 000c 17       		.uleb128 0x17
 321 000d 00       		.byte	0
 322 000e 00       		.byte	0
 323 000f 02       		.uleb128 0x2
 324 0010 24       		.uleb128 0x24
 325 0011 00       		.byte	0
 326 0012 0B       		.uleb128 0xb
 327 0013 0B       		.uleb128 0xb
 328 0014 3E       		.uleb128 0x3e
 329 0015 0B       		.uleb128 0xb
 330 0016 03       		.uleb128 0x3
 331 0017 0E       		.uleb128 0xe
 332 0018 00       		.byte	0
 333 0019 00       		.byte	0
 334 001a 03       		.uleb128 0x3
 335 001b 16       		.uleb128 0x16
 336 001c 00       		.byte	0
 337 001d 03       		.uleb128 0x3
 338 001e 0E       		.uleb128 0xe
ARM GAS  C:\Users\Fabian\AppData\Local\Temp\cc5O1qvO.s 			page 7


 339 001f 3A       		.uleb128 0x3a
 340 0020 0B       		.uleb128 0xb
 341 0021 3B       		.uleb128 0x3b
 342 0022 0B       		.uleb128 0xb
 343 0023 49       		.uleb128 0x49
 344 0024 13       		.uleb128 0x13
 345 0025 00       		.byte	0
 346 0026 00       		.byte	0
 347 0027 04       		.uleb128 0x4
 348 0028 24       		.uleb128 0x24
 349 0029 00       		.byte	0
 350 002a 0B       		.uleb128 0xb
 351 002b 0B       		.uleb128 0xb
 352 002c 3E       		.uleb128 0x3e
 353 002d 0B       		.uleb128 0xb
 354 002e 03       		.uleb128 0x3
 355 002f 08       		.uleb128 0x8
 356 0030 00       		.byte	0
 357 0031 00       		.byte	0
 358 0032 05       		.uleb128 0x5
 359 0033 01       		.uleb128 0x1
 360 0034 01       		.byte	0x1
 361 0035 49       		.uleb128 0x49
 362 0036 13       		.uleb128 0x13
 363 0037 01       		.uleb128 0x1
 364 0038 13       		.uleb128 0x13
 365 0039 00       		.byte	0
 366 003a 00       		.byte	0
 367 003b 06       		.uleb128 0x6
 368 003c 21       		.uleb128 0x21
 369 003d 00       		.byte	0
 370 003e 49       		.uleb128 0x49
 371 003f 13       		.uleb128 0x13
 372 0040 2F       		.uleb128 0x2f
 373 0041 0B       		.uleb128 0xb
 374 0042 00       		.byte	0
 375 0043 00       		.byte	0
 376 0044 07       		.uleb128 0x7
 377 0045 26       		.uleb128 0x26
 378 0046 00       		.byte	0
 379 0047 49       		.uleb128 0x49
 380 0048 13       		.uleb128 0x13
 381 0049 00       		.byte	0
 382 004a 00       		.byte	0
 383 004b 08       		.uleb128 0x8
 384 004c 34       		.uleb128 0x34
 385 004d 00       		.byte	0
 386 004e 03       		.uleb128 0x3
 387 004f 0E       		.uleb128 0xe
 388 0050 3A       		.uleb128 0x3a
 389 0051 0B       		.uleb128 0xb
 390 0052 3B       		.uleb128 0x3b
 391 0053 0B       		.uleb128 0xb
 392 0054 49       		.uleb128 0x49
 393 0055 13       		.uleb128 0x13
 394 0056 3F       		.uleb128 0x3f
 395 0057 19       		.uleb128 0x19
ARM GAS  C:\Users\Fabian\AppData\Local\Temp\cc5O1qvO.s 			page 8


 396 0058 02       		.uleb128 0x2
 397 0059 18       		.uleb128 0x18
 398 005a 00       		.byte	0
 399 005b 00       		.byte	0
 400 005c 00       		.byte	0
 401              		.section	.debug_aranges,"",%progbits
 402 0000 14000000 		.4byte	0x14
 403 0004 0200     		.2byte	0x2
 404 0006 00000000 		.4byte	.Ldebug_info0
 405 000a 04       		.byte	0x4
 406 000b 00       		.byte	0
 407 000c 0000     		.2byte	0
 408 000e 0000     		.2byte	0
 409 0010 00000000 		.4byte	0
 410 0014 00000000 		.4byte	0
 411              		.section	.debug_line,"",%progbits
 412              	.Ldebug_line0:
 413 0000 3D010000 		.section	.debug_str,"MS",%progbits,1
 413      02003701 
 413      00000201 
 413      FB0E0D00 
 413      01010101 
 414              	.LASF19:
 415 0000 433A5C55 		.ascii	"C:\\Users\\Fabian\\OneDrive - Escuela Tecnologica I"
 415      73657273 
 415      5C466162 
 415      69616E5C 
 415      4F6E6544 
 416 0030 6E737469 		.ascii	"nstituto Tecnico Central\\A_Microcontroladores\\Mic"
 416      7475746F 
 416      20546563 
 416      6E69636F 
 416      2043656E 
 417 0061 726F636F 		.ascii	"rocontroladores\\Sesion_2\\Multiplexor\\Multiplexor"
 417      6E74726F 
 417      6C61646F 
 417      7265735C 
 417      53657369 
 418 0091 2E637964 		.ascii	".cydsn\000"
 418      736E00
 419              	.LASF9:
 420 0098 5F5F7569 		.ascii	"__uint8_t\000"
 420      6E74385F 
 420      7400
 421              	.LASF16:
 422 00a2 63795F6D 		.ascii	"cy_metadata\000"
 422      65746164 
 422      61746100 
 423              	.LASF1:
 424 00ae 756E7369 		.ascii	"unsigned char\000"
 424      676E6564 
 424      20636861 
 424      7200
 425              	.LASF17:
 426 00bc 474E5520 		.ascii	"GNU C11 5.4.1 20160609 (release) [ARM/embedded-5-br"
 426      43313120 
 426      352E342E 
ARM GAS  C:\Users\Fabian\AppData\Local\Temp\cc5O1qvO.s 			page 9


 426      31203230 
 426      31363036 
 427 00ef 616E6368 		.ascii	"anch revision 237715] -mcpu=cortex-m3 -mthumb -g -O"
 427      20726576 
 427      6973696F 
 427      6E203233 
 427      37373135 
 428 0122 67202D66 		.ascii	"g -ffunction-sections -ffat-lto-objects\000"
 428      66756E63 
 428      74696F6E 
 428      2D736563 
 428      74696F6E 
 429              	.LASF5:
 430 014a 6C6F6E67 		.ascii	"long unsigned int\000"
 430      20756E73 
 430      69676E65 
 430      6420696E 
 430      7400
 431              	.LASF3:
 432 015c 73686F72 		.ascii	"short unsigned int\000"
 432      7420756E 
 432      7369676E 
 432      65642069 
 432      6E7400
 433              	.LASF13:
 434 016f 63795F6D 		.ascii	"cy_meta_custnvl\000"
 434      6574615F 
 434      63757374 
 434      6E766C00 
 435              	.LASF12:
 436 017f 63795F6D 		.ascii	"cy_meta_configecc\000"
 436      6574615F 
 436      636F6E66 
 436      69676563 
 436      6300
 437              	.LASF8:
 438 0191 756E7369 		.ascii	"unsigned int\000"
 438      676E6564 
 438      20696E74 
 438      00
 439              	.LASF7:
 440 019e 6C6F6E67 		.ascii	"long long unsigned int\000"
 440      206C6F6E 
 440      6720756E 
 440      7369676E 
 440      65642069 
 441              	.LASF10:
 442 01b5 75696E74 		.ascii	"uint8_t\000"
 442      385F7400 
 443              	.LASF15:
 444 01bd 63795F6D 		.ascii	"cy_meta_flashprotect\000"
 444      6574615F 
 444      666C6173 
 444      6870726F 
 444      74656374 
 445              	.LASF14:
 446 01d2 63795F6D 		.ascii	"cy_meta_wonvl\000"
ARM GAS  C:\Users\Fabian\AppData\Local\Temp\cc5O1qvO.s 			page 10


 446      6574615F 
 446      776F6E76 
 446      6C00
 447              	.LASF11:
 448 01e0 73697A65 		.ascii	"sizetype\000"
 448      74797065 
 448      00
 449              	.LASF6:
 450 01e9 6C6F6E67 		.ascii	"long long int\000"
 450      206C6F6E 
 450      6720696E 
 450      7400
 451              	.LASF2:
 452 01f7 73686F72 		.ascii	"short int\000"
 452      7420696E 
 452      7400
 453              	.LASF4:
 454 0201 6C6F6E67 		.ascii	"long int\000"
 454      20696E74 
 454      00
 455              	.LASF0:
 456 020a 7369676E 		.ascii	"signed char\000"
 456      65642063 
 456      68617200 
 457              	.LASF18:
 458 0216 47656E65 		.ascii	"Generated_Source\\PSoC5\\cymetadata.c\000"
 458      72617465 
 458      645F536F 
 458      75726365 
 458      5C50536F 
 459              		.ident	"GCC: (GNU Tools for ARM Embedded Processors) 5.4.1 20160609 (release) [ARM/embedded-5-bran
