ARM GAS  C:\Users\Fabian\AppData\Local\Temp\ccxZP8Sj.s 			page 1


   1              		.syntax unified
   2              		.cpu cortex-m3
   3              		.fpu softvfp
   4              		.eabi_attribute 20, 1
   5              		.eabi_attribute 21, 1
   6              		.eabi_attribute 23, 3
   7              		.eabi_attribute 24, 1
   8              		.eabi_attribute 25, 1
   9              		.eabi_attribute 26, 1
  10              		.eabi_attribute 30, 1
  11              		.eabi_attribute 34, 1
  12              		.eabi_attribute 18, 4
  13              		.thumb
  14              		.syntax unified
  15              		.file	"main.c"
  16              		.text
  17              	.Ltext0:
  18              		.cfi_sections	.debug_frame
  19              		.section	.text.isr_1_Handler,"ax",%progbits
  20              		.align	2
  21              		.global	isr_1_Handler
  22              		.thumb
  23              		.thumb_func
  24              		.type	isr_1_Handler, %function
  25              	isr_1_Handler:
  26              	.LFB63:
  27              		.file 1 "main.c"
   1:main.c        **** #include "project.h"
   2:main.c        **** 
   3:main.c        **** int conteo=0;
   4:main.c        **** 
   5:main.c        **** CY_ISR(isr_1_Handler)
   6:main.c        **** {
  28              		.loc 1 6 0
  29              		.cfi_startproc
  30              		@ args = 0, pretend = 0, frame = 0
  31              		@ frame_needed = 0, uses_anonymous_args = 0
  32 0000 08B5     		push	{r3, lr}
  33              		.cfi_def_cfa_offset 8
  34              		.cfi_offset 3, -8
  35              		.cfi_offset 14, -4
   7:main.c        ****     isr_1_ClearPending();
  36              		.loc 1 7 0
  37 0002 FFF7FEFF 		bl	isr_1_ClearPending
  38              	.LVL0:
   8:main.c        ****     LED_Write(~LED_Read());
  39              		.loc 1 8 0
  40 0006 FFF7FEFF 		bl	LED_Read
  41              	.LVL1:
  42 000a C043     		mvns	r0, r0
  43 000c C0B2     		uxtb	r0, r0
  44 000e FFF7FEFF 		bl	LED_Write
  45              	.LVL2:
   9:main.c        ****     conteo++;
  46              		.loc 1 9 0
  47 0012 024A     		ldr	r2, .L3
  48 0014 1368     		ldr	r3, [r2]
ARM GAS  C:\Users\Fabian\AppData\Local\Temp\ccxZP8Sj.s 			page 2


  49 0016 0133     		adds	r3, r3, #1
  50 0018 1360     		str	r3, [r2]
  51 001a 08BD     		pop	{r3, pc}
  52              	.L4:
  53              		.align	2
  54              	.L3:
  55 001c 00000000 		.word	.LANCHOR0
  56              		.cfi_endproc
  57              	.LFE63:
  58              		.size	isr_1_Handler, .-isr_1_Handler
  59              		.section	.text.main,"ax",%progbits
  60              		.align	2
  61              		.global	main
  62              		.thumb
  63              		.thumb_func
  64              		.type	main, %function
  65              	main:
  66              	.LFB64:
  10:main.c        **** }
  11:main.c        **** 
  12:main.c        **** int main(void)
  13:main.c        **** {
  67              		.loc 1 13 0
  68              		.cfi_startproc
  69              		@ Volatile: function does not return.
  70              		@ args = 0, pretend = 0, frame = 0
  71              		@ frame_needed = 0, uses_anonymous_args = 0
  72 0000 08B5     		push	{r3, lr}
  73              		.cfi_def_cfa_offset 8
  74              		.cfi_offset 3, -8
  75              		.cfi_offset 14, -4
  14:main.c        ****      CyGlobalIntEnable; 
  76              		.loc 1 14 0
  77              		.syntax unified
  78              	@ 14 "main.c" 1
  79 0002 62B6     		CPSIE   i
  80              	@ 0 "" 2
  15:main.c        **** 
  16:main.c        ****     isr_1_StartEx(isr_1_Handler);
  81              		.loc 1 16 0
  82              		.thumb
  83              		.syntax unified
  84 0004 0148     		ldr	r0, .L8
  85 0006 FFF7FEFF 		bl	isr_1_StartEx
  86              	.LVL3:
  87              	.L6:
  88 000a FEE7     		b	.L6
  89              	.L9:
  90              		.align	2
  91              	.L8:
  92 000c 00000000 		.word	isr_1_Handler
  93              		.cfi_endproc
  94              	.LFE64:
  95              		.size	main, .-main
  96              		.global	conteo
  97              		.bss
  98              		.align	2
ARM GAS  C:\Users\Fabian\AppData\Local\Temp\ccxZP8Sj.s 			page 3


  99              		.set	.LANCHOR0,. + 0
 100              		.type	conteo, %object
 101              		.size	conteo, 4
 102              	conteo:
 103 0000 00000000 		.space	4
 104              		.text
 105              	.Letext0:
 106              		.file 2 "c:\\program files (x86)\\cypress\\psoc creator\\4.4\\psoc creator\\import\\gnu\\arm\\5.4.
 107              		.file 3 "c:\\program files (x86)\\cypress\\psoc creator\\4.4\\psoc creator\\import\\gnu\\arm\\5.4.
 108              		.file 4 "Generated_Source\\PSoC5/core_cm3.h"
 109              		.file 5 "Generated_Source\\PSoC5/isr_1.h"
 110              		.file 6 "Generated_Source\\PSoC5/LED.h"
 111              		.section	.debug_info,"",%progbits
 112              	.Ldebug_info0:
 113 0000 4D010000 		.4byte	0x14d
 114 0004 0400     		.2byte	0x4
 115 0006 00000000 		.4byte	.Ldebug_abbrev0
 116 000a 04       		.byte	0x4
 117 000b 01       		.uleb128 0x1
 118 000c 41000000 		.4byte	.LASF22
 119 0010 0C       		.byte	0xc
 120 0011 35000000 		.4byte	.LASF23
 121 0015 4D010000 		.4byte	.LASF24
 122 0019 00000000 		.4byte	.Ldebug_ranges0+0
 123 001d 00000000 		.4byte	0
 124 0021 00000000 		.4byte	.Ldebug_line0
 125 0025 02       		.uleb128 0x2
 126 0026 01       		.byte	0x1
 127 0027 06       		.byte	0x6
 128 0028 FE010000 		.4byte	.LASF0
 129 002c 02       		.uleb128 0x2
 130 002d 01       		.byte	0x1
 131 002e 08       		.byte	0x8
 132 002f 1E010000 		.4byte	.LASF1
 133 0033 02       		.uleb128 0x2
 134 0034 02       		.byte	0x2
 135 0035 05       		.byte	0x5
 136 0036 26020000 		.4byte	.LASF2
 137 003a 02       		.uleb128 0x2
 138 003b 02       		.byte	0x2
 139 003c 07       		.byte	0x7
 140 003d 0E000000 		.4byte	.LASF3
 141 0041 03       		.uleb128 0x3
 142 0042 16020000 		.4byte	.LASF9
 143 0046 02       		.byte	0x2
 144 0047 3F       		.byte	0x3f
 145 0048 4C000000 		.4byte	0x4c
 146 004c 02       		.uleb128 0x2
 147 004d 04       		.byte	0x4
 148 004e 05       		.byte	0x5
 149 004f E8010000 		.4byte	.LASF4
 150 0053 02       		.uleb128 0x2
 151 0054 04       		.byte	0x4
 152 0055 07       		.byte	0x7
 153 0056 D9000000 		.4byte	.LASF5
 154 005a 02       		.uleb128 0x2
 155 005b 08       		.byte	0x8
ARM GAS  C:\Users\Fabian\AppData\Local\Temp\ccxZP8Sj.s 			page 4


 156 005c 05       		.byte	0x5
 157 005d 00000000 		.4byte	.LASF6
 158 0061 02       		.uleb128 0x2
 159 0062 08       		.byte	0x8
 160 0063 07       		.byte	0x7
 161 0064 EB000000 		.4byte	.LASF7
 162 0068 04       		.uleb128 0x4
 163 0069 04       		.byte	0x4
 164 006a 05       		.byte	0x5
 165 006b 696E7400 		.ascii	"int\000"
 166 006f 02       		.uleb128 0x2
 167 0070 04       		.byte	0x4
 168 0071 07       		.byte	0x7
 169 0072 28000000 		.4byte	.LASF8
 170 0076 03       		.uleb128 0x3
 171 0077 30020000 		.4byte	.LASF10
 172 007b 03       		.byte	0x3
 173 007c 2C       		.byte	0x2c
 174 007d 41000000 		.4byte	0x41
 175 0081 02       		.uleb128 0x2
 176 0082 04       		.byte	0x4
 177 0083 04       		.byte	0x4
 178 0084 20020000 		.4byte	.LASF11
 179 0088 02       		.uleb128 0x2
 180 0089 08       		.byte	0x8
 181 008a 04       		.byte	0x4
 182 008b E1010000 		.4byte	.LASF12
 183 008f 02       		.uleb128 0x2
 184 0090 01       		.byte	0x1
 185 0091 08       		.byte	0x8
 186 0092 3A010000 		.4byte	.LASF13
 187 0096 02       		.uleb128 0x2
 188 0097 04       		.byte	0x4
 189 0098 07       		.byte	0x7
 190 0099 38020000 		.4byte	.LASF14
 191 009d 02       		.uleb128 0x2
 192 009e 08       		.byte	0x8
 193 009f 04       		.byte	0x4
 194 00a0 0A020000 		.4byte	.LASF15
 195 00a4 05       		.uleb128 0x5
 196 00a5 2C010000 		.4byte	.LASF25
 197 00a9 01       		.byte	0x1
 198 00aa 05       		.byte	0x5
 199 00ab 00000000 		.4byte	.LFB63
 200 00af 20000000 		.4byte	.LFE63-.LFB63
 201 00b3 01       		.uleb128 0x1
 202 00b4 9C       		.byte	0x9c
 203 00b5 D5000000 		.4byte	0xd5
 204 00b9 06       		.uleb128 0x6
 205 00ba 06000000 		.4byte	.LVL0
 206 00be 24010000 		.4byte	0x124
 207 00c2 06       		.uleb128 0x6
 208 00c3 0A000000 		.4byte	.LVL1
 209 00c7 2F010000 		.4byte	0x12f
 210 00cb 06       		.uleb128 0x6
 211 00cc 12000000 		.4byte	.LVL2
 212 00d0 3A010000 		.4byte	0x13a
ARM GAS  C:\Users\Fabian\AppData\Local\Temp\ccxZP8Sj.s 			page 5


 213 00d4 00       		.byte	0
 214 00d5 07       		.uleb128 0x7
 215 00d6 3C000000 		.4byte	.LASF26
 216 00da 01       		.byte	0x1
 217 00db 0C       		.byte	0xc
 218 00dc 68000000 		.4byte	0x68
 219 00e0 00000000 		.4byte	.LFB64
 220 00e4 10000000 		.4byte	.LFE64-.LFB64
 221 00e8 01       		.uleb128 0x1
 222 00e9 9C       		.byte	0x9c
 223 00ea 02010000 		.4byte	0x102
 224 00ee 08       		.uleb128 0x8
 225 00ef 0A000000 		.4byte	.LVL3
 226 00f3 45010000 		.4byte	0x145
 227 00f7 09       		.uleb128 0x9
 228 00f8 01       		.uleb128 0x1
 229 00f9 50       		.byte	0x50
 230 00fa 05       		.uleb128 0x5
 231 00fb 03       		.byte	0x3
 232 00fc 00000000 		.4byte	isr_1_Handler
 233 0100 00       		.byte	0
 234 0101 00       		.byte	0
 235 0102 0A       		.uleb128 0xa
 236 0103 F1010000 		.4byte	.LASF16
 237 0107 04       		.byte	0x4
 238 0108 1207     		.2byte	0x712
 239 010a 0E010000 		.4byte	0x10e
 240 010e 0B       		.uleb128 0xb
 241 010f 76000000 		.4byte	0x76
 242 0113 0C       		.uleb128 0xc
 243 0114 21000000 		.4byte	.LASF17
 244 0118 01       		.byte	0x1
 245 0119 03       		.byte	0x3
 246 011a 68000000 		.4byte	0x68
 247 011e 05       		.uleb128 0x5
 248 011f 03       		.byte	0x3
 249 0120 00000000 		.4byte	conteo
 250 0124 0D       		.uleb128 0xd
 251 0125 0B010000 		.4byte	.LASF18
 252 0129 0B010000 		.4byte	.LASF18
 253 012d 05       		.byte	0x5
 254 012e 28       		.byte	0x28
 255 012f 0D       		.uleb128 0xd
 256 0130 02010000 		.4byte	.LASF19
 257 0134 02010000 		.4byte	.LASF19
 258 0138 06       		.byte	0x6
 259 0139 29       		.byte	0x29
 260 013a 0D       		.uleb128 0xd
 261 013b CF000000 		.4byte	.LASF20
 262 013f CF000000 		.4byte	.LASF20
 263 0143 06       		.byte	0x6
 264 0144 26       		.byte	0x26
 265 0145 0D       		.uleb128 0xd
 266 0146 3F010000 		.4byte	.LASF21
 267 014a 3F010000 		.4byte	.LASF21
 268 014e 05       		.byte	0x5
 269 014f 18       		.byte	0x18
ARM GAS  C:\Users\Fabian\AppData\Local\Temp\ccxZP8Sj.s 			page 6


 270 0150 00       		.byte	0
 271              		.section	.debug_abbrev,"",%progbits
 272              	.Ldebug_abbrev0:
 273 0000 01       		.uleb128 0x1
 274 0001 11       		.uleb128 0x11
 275 0002 01       		.byte	0x1
 276 0003 25       		.uleb128 0x25
 277 0004 0E       		.uleb128 0xe
 278 0005 13       		.uleb128 0x13
 279 0006 0B       		.uleb128 0xb
 280 0007 03       		.uleb128 0x3
 281 0008 0E       		.uleb128 0xe
 282 0009 1B       		.uleb128 0x1b
 283 000a 0E       		.uleb128 0xe
 284 000b 55       		.uleb128 0x55
 285 000c 17       		.uleb128 0x17
 286 000d 11       		.uleb128 0x11
 287 000e 01       		.uleb128 0x1
 288 000f 10       		.uleb128 0x10
 289 0010 17       		.uleb128 0x17
 290 0011 00       		.byte	0
 291 0012 00       		.byte	0
 292 0013 02       		.uleb128 0x2
 293 0014 24       		.uleb128 0x24
 294 0015 00       		.byte	0
 295 0016 0B       		.uleb128 0xb
 296 0017 0B       		.uleb128 0xb
 297 0018 3E       		.uleb128 0x3e
 298 0019 0B       		.uleb128 0xb
 299 001a 03       		.uleb128 0x3
 300 001b 0E       		.uleb128 0xe
 301 001c 00       		.byte	0
 302 001d 00       		.byte	0
 303 001e 03       		.uleb128 0x3
 304 001f 16       		.uleb128 0x16
 305 0020 00       		.byte	0
 306 0021 03       		.uleb128 0x3
 307 0022 0E       		.uleb128 0xe
 308 0023 3A       		.uleb128 0x3a
 309 0024 0B       		.uleb128 0xb
 310 0025 3B       		.uleb128 0x3b
 311 0026 0B       		.uleb128 0xb
 312 0027 49       		.uleb128 0x49
 313 0028 13       		.uleb128 0x13
 314 0029 00       		.byte	0
 315 002a 00       		.byte	0
 316 002b 04       		.uleb128 0x4
 317 002c 24       		.uleb128 0x24
 318 002d 00       		.byte	0
 319 002e 0B       		.uleb128 0xb
 320 002f 0B       		.uleb128 0xb
 321 0030 3E       		.uleb128 0x3e
 322 0031 0B       		.uleb128 0xb
 323 0032 03       		.uleb128 0x3
 324 0033 08       		.uleb128 0x8
 325 0034 00       		.byte	0
 326 0035 00       		.byte	0
ARM GAS  C:\Users\Fabian\AppData\Local\Temp\ccxZP8Sj.s 			page 7


 327 0036 05       		.uleb128 0x5
 328 0037 2E       		.uleb128 0x2e
 329 0038 01       		.byte	0x1
 330 0039 3F       		.uleb128 0x3f
 331 003a 19       		.uleb128 0x19
 332 003b 03       		.uleb128 0x3
 333 003c 0E       		.uleb128 0xe
 334 003d 3A       		.uleb128 0x3a
 335 003e 0B       		.uleb128 0xb
 336 003f 3B       		.uleb128 0x3b
 337 0040 0B       		.uleb128 0xb
 338 0041 27       		.uleb128 0x27
 339 0042 19       		.uleb128 0x19
 340 0043 11       		.uleb128 0x11
 341 0044 01       		.uleb128 0x1
 342 0045 12       		.uleb128 0x12
 343 0046 06       		.uleb128 0x6
 344 0047 40       		.uleb128 0x40
 345 0048 18       		.uleb128 0x18
 346 0049 9742     		.uleb128 0x2117
 347 004b 19       		.uleb128 0x19
 348 004c 01       		.uleb128 0x1
 349 004d 13       		.uleb128 0x13
 350 004e 00       		.byte	0
 351 004f 00       		.byte	0
 352 0050 06       		.uleb128 0x6
 353 0051 898201   		.uleb128 0x4109
 354 0054 00       		.byte	0
 355 0055 11       		.uleb128 0x11
 356 0056 01       		.uleb128 0x1
 357 0057 31       		.uleb128 0x31
 358 0058 13       		.uleb128 0x13
 359 0059 00       		.byte	0
 360 005a 00       		.byte	0
 361 005b 07       		.uleb128 0x7
 362 005c 2E       		.uleb128 0x2e
 363 005d 01       		.byte	0x1
 364 005e 3F       		.uleb128 0x3f
 365 005f 19       		.uleb128 0x19
 366 0060 03       		.uleb128 0x3
 367 0061 0E       		.uleb128 0xe
 368 0062 3A       		.uleb128 0x3a
 369 0063 0B       		.uleb128 0xb
 370 0064 3B       		.uleb128 0x3b
 371 0065 0B       		.uleb128 0xb
 372 0066 27       		.uleb128 0x27
 373 0067 19       		.uleb128 0x19
 374 0068 49       		.uleb128 0x49
 375 0069 13       		.uleb128 0x13
 376 006a 8701     		.uleb128 0x87
 377 006c 19       		.uleb128 0x19
 378 006d 11       		.uleb128 0x11
 379 006e 01       		.uleb128 0x1
 380 006f 12       		.uleb128 0x12
 381 0070 06       		.uleb128 0x6
 382 0071 40       		.uleb128 0x40
 383 0072 18       		.uleb128 0x18
ARM GAS  C:\Users\Fabian\AppData\Local\Temp\ccxZP8Sj.s 			page 8


 384 0073 9742     		.uleb128 0x2117
 385 0075 19       		.uleb128 0x19
 386 0076 01       		.uleb128 0x1
 387 0077 13       		.uleb128 0x13
 388 0078 00       		.byte	0
 389 0079 00       		.byte	0
 390 007a 08       		.uleb128 0x8
 391 007b 898201   		.uleb128 0x4109
 392 007e 01       		.byte	0x1
 393 007f 11       		.uleb128 0x11
 394 0080 01       		.uleb128 0x1
 395 0081 31       		.uleb128 0x31
 396 0082 13       		.uleb128 0x13
 397 0083 00       		.byte	0
 398 0084 00       		.byte	0
 399 0085 09       		.uleb128 0x9
 400 0086 8A8201   		.uleb128 0x410a
 401 0089 00       		.byte	0
 402 008a 02       		.uleb128 0x2
 403 008b 18       		.uleb128 0x18
 404 008c 9142     		.uleb128 0x2111
 405 008e 18       		.uleb128 0x18
 406 008f 00       		.byte	0
 407 0090 00       		.byte	0
 408 0091 0A       		.uleb128 0xa
 409 0092 34       		.uleb128 0x34
 410 0093 00       		.byte	0
 411 0094 03       		.uleb128 0x3
 412 0095 0E       		.uleb128 0xe
 413 0096 3A       		.uleb128 0x3a
 414 0097 0B       		.uleb128 0xb
 415 0098 3B       		.uleb128 0x3b
 416 0099 05       		.uleb128 0x5
 417 009a 49       		.uleb128 0x49
 418 009b 13       		.uleb128 0x13
 419 009c 3F       		.uleb128 0x3f
 420 009d 19       		.uleb128 0x19
 421 009e 3C       		.uleb128 0x3c
 422 009f 19       		.uleb128 0x19
 423 00a0 00       		.byte	0
 424 00a1 00       		.byte	0
 425 00a2 0B       		.uleb128 0xb
 426 00a3 35       		.uleb128 0x35
 427 00a4 00       		.byte	0
 428 00a5 49       		.uleb128 0x49
 429 00a6 13       		.uleb128 0x13
 430 00a7 00       		.byte	0
 431 00a8 00       		.byte	0
 432 00a9 0C       		.uleb128 0xc
 433 00aa 34       		.uleb128 0x34
 434 00ab 00       		.byte	0
 435 00ac 03       		.uleb128 0x3
 436 00ad 0E       		.uleb128 0xe
 437 00ae 3A       		.uleb128 0x3a
 438 00af 0B       		.uleb128 0xb
 439 00b0 3B       		.uleb128 0x3b
 440 00b1 0B       		.uleb128 0xb
ARM GAS  C:\Users\Fabian\AppData\Local\Temp\ccxZP8Sj.s 			page 9


 441 00b2 49       		.uleb128 0x49
 442 00b3 13       		.uleb128 0x13
 443 00b4 3F       		.uleb128 0x3f
 444 00b5 19       		.uleb128 0x19
 445 00b6 02       		.uleb128 0x2
 446 00b7 18       		.uleb128 0x18
 447 00b8 00       		.byte	0
 448 00b9 00       		.byte	0
 449 00ba 0D       		.uleb128 0xd
 450 00bb 2E       		.uleb128 0x2e
 451 00bc 00       		.byte	0
 452 00bd 3F       		.uleb128 0x3f
 453 00be 19       		.uleb128 0x19
 454 00bf 3C       		.uleb128 0x3c
 455 00c0 19       		.uleb128 0x19
 456 00c1 6E       		.uleb128 0x6e
 457 00c2 0E       		.uleb128 0xe
 458 00c3 03       		.uleb128 0x3
 459 00c4 0E       		.uleb128 0xe
 460 00c5 3A       		.uleb128 0x3a
 461 00c6 0B       		.uleb128 0xb
 462 00c7 3B       		.uleb128 0x3b
 463 00c8 0B       		.uleb128 0xb
 464 00c9 00       		.byte	0
 465 00ca 00       		.byte	0
 466 00cb 00       		.byte	0
 467              		.section	.debug_aranges,"",%progbits
 468 0000 24000000 		.4byte	0x24
 469 0004 0200     		.2byte	0x2
 470 0006 00000000 		.4byte	.Ldebug_info0
 471 000a 04       		.byte	0x4
 472 000b 00       		.byte	0
 473 000c 0000     		.2byte	0
 474 000e 0000     		.2byte	0
 475 0010 00000000 		.4byte	.LFB63
 476 0014 20000000 		.4byte	.LFE63-.LFB63
 477 0018 00000000 		.4byte	.LFB64
 478 001c 10000000 		.4byte	.LFE64-.LFB64
 479 0020 00000000 		.4byte	0
 480 0024 00000000 		.4byte	0
 481              		.section	.debug_ranges,"",%progbits
 482              	.Ldebug_ranges0:
 483 0000 00000000 		.4byte	.LFB63
 484 0004 20000000 		.4byte	.LFE63
 485 0008 00000000 		.4byte	.LFB64
 486 000c 10000000 		.4byte	.LFE64
 487 0010 00000000 		.4byte	0
 488 0014 00000000 		.4byte	0
 489              		.section	.debug_line,"",%progbits
 490              	.Ldebug_line0:
 491 0000 7A010000 		.section	.debug_str,"MS",%progbits,1
 491      02005301 
 491      00000201 
 491      FB0E0D00 
 491      01010101 
 492              	.LASF6:
 493 0000 6C6F6E67 		.ascii	"long long int\000"
ARM GAS  C:\Users\Fabian\AppData\Local\Temp\ccxZP8Sj.s 			page 10


 493      206C6F6E 
 493      6720696E 
 493      7400
 494              	.LASF3:
 495 000e 73686F72 		.ascii	"short unsigned int\000"
 495      7420756E 
 495      7369676E 
 495      65642069 
 495      6E7400
 496              	.LASF17:
 497 0021 636F6E74 		.ascii	"conteo\000"
 497      656F00
 498              	.LASF8:
 499 0028 756E7369 		.ascii	"unsigned int\000"
 499      676E6564 
 499      20696E74 
 499      00
 500              	.LASF23:
 501 0035 6D61696E 		.ascii	"main.c\000"
 501      2E6300
 502              	.LASF26:
 503 003c 6D61696E 		.ascii	"main\000"
 503      00
 504              	.LASF22:
 505 0041 474E5520 		.ascii	"GNU C11 5.4.1 20160609 (release) [ARM/embedded-5-br"
 505      43313120 
 505      352E342E 
 505      31203230 
 505      31363036 
 506 0074 616E6368 		.ascii	"anch revision 237715] -mcpu=cortex-m3 -mthumb -g -O"
 506      20726576 
 506      6973696F 
 506      6E203233 
 506      37373135 
 507 00a7 67202D66 		.ascii	"g -ffunction-sections -ffat-lto-objects\000"
 507      66756E63 
 507      74696F6E 
 507      2D736563 
 507      74696F6E 
 508              	.LASF20:
 509 00cf 4C45445F 		.ascii	"LED_Write\000"
 509      57726974 
 509      6500
 510              	.LASF5:
 511 00d9 6C6F6E67 		.ascii	"long unsigned int\000"
 511      20756E73 
 511      69676E65 
 511      6420696E 
 511      7400
 512              	.LASF7:
 513 00eb 6C6F6E67 		.ascii	"long long unsigned int\000"
 513      206C6F6E 
 513      6720756E 
 513      7369676E 
 513      65642069 
 514              	.LASF19:
 515 0102 4C45445F 		.ascii	"LED_Read\000"
ARM GAS  C:\Users\Fabian\AppData\Local\Temp\ccxZP8Sj.s 			page 11


 515      52656164 
 515      00
 516              	.LASF18:
 517 010b 6973725F 		.ascii	"isr_1_ClearPending\000"
 517      315F436C 
 517      65617250 
 517      656E6469 
 517      6E6700
 518              	.LASF1:
 519 011e 756E7369 		.ascii	"unsigned char\000"
 519      676E6564 
 519      20636861 
 519      7200
 520              	.LASF25:
 521 012c 6973725F 		.ascii	"isr_1_Handler\000"
 521      315F4861 
 521      6E646C65 
 521      7200
 522              	.LASF13:
 523 013a 63686172 		.ascii	"char\000"
 523      00
 524              	.LASF21:
 525 013f 6973725F 		.ascii	"isr_1_StartEx\000"
 525      315F5374 
 525      61727445 
 525      7800
 526              	.LASF24:
 527 014d 433A5C55 		.ascii	"C:\\Users\\Fabian\\OneDrive - Escuela Tecnologica I"
 527      73657273 
 527      5C466162 
 527      69616E5C 
 527      4F6E6544 
 528 017d 6E737469 		.ascii	"nstituto Tecnico Central\\A_Microcontroladores\\Mic"
 528      7475746F 
 528      20546563 
 528      6E69636F 
 528      2043656E 
 529 01ae 726F636F 		.ascii	"rocontroladores\\Sesion_3\\Debouncer\\Debouncer.cyd"
 529      6E74726F 
 529      6C61646F 
 529      7265735C 
 529      53657369 
 530 01de 736E00   		.ascii	"sn\000"
 531              	.LASF12:
 532 01e1 646F7562 		.ascii	"double\000"
 532      6C6500
 533              	.LASF4:
 534 01e8 6C6F6E67 		.ascii	"long int\000"
 534      20696E74 
 534      00
 535              	.LASF16:
 536 01f1 49544D5F 		.ascii	"ITM_RxBuffer\000"
 536      52784275 
 536      66666572 
 536      00
 537              	.LASF0:
 538 01fe 7369676E 		.ascii	"signed char\000"
ARM GAS  C:\Users\Fabian\AppData\Local\Temp\ccxZP8Sj.s 			page 12


 538      65642063 
 538      68617200 
 539              	.LASF15:
 540 020a 6C6F6E67 		.ascii	"long double\000"
 540      20646F75 
 540      626C6500 
 541              	.LASF9:
 542 0216 5F5F696E 		.ascii	"__int32_t\000"
 542      7433325F 
 542      7400
 543              	.LASF11:
 544 0220 666C6F61 		.ascii	"float\000"
 544      7400
 545              	.LASF2:
 546 0226 73686F72 		.ascii	"short int\000"
 546      7420696E 
 546      7400
 547              	.LASF10:
 548 0230 696E7433 		.ascii	"int32_t\000"
 548      325F7400 
 549              	.LASF14:
 550 0238 73697A65 		.ascii	"sizetype\000"
 550      74797065 
 550      00
 551              		.ident	"GCC: (GNU Tools for ARM Embedded Processors) 5.4.1 20160609 (release) [ARM/embedded-5-bran
