ARM GAS  C:\Users\Fabian\AppData\Local\Temp\ccyZvPBw.s 			page 1


   1              		.syntax unified
   2              		.cpu cortex-m3
   3              		.fpu softvfp
   4              		.eabi_attribute 20, 1
   5              		.eabi_attribute 21, 1
   6              		.eabi_attribute 23, 3
   7              		.eabi_attribute 24, 1
   8              		.eabi_attribute 25, 1
   9              		.eabi_attribute 26, 1
  10              		.eabi_attribute 30, 1
  11              		.eabi_attribute 34, 1
  12              		.eabi_attribute 18, 4
  13              		.thumb
  14              		.syntax unified
  15              		.file	"main.c"
  16              		.text
  17              	.Ltext0:
  18              		.cfi_sections	.debug_frame
  19              		.section	.text.main,"ax",%progbits
  20              		.align	2
  21              		.global	main
  22              		.thumb
  23              		.thumb_func
  24              		.type	main, %function
  25              	main:
  26              	.LFB63:
  27              		.file 1 "main.c"
   1:main.c        **** #include "project.h"
   2:main.c        **** /*
   3:main.c        ****     El siguiente código escribe en la memoria cada que el botón se pulsa
   4:main.c        ****     una vez la cuenta llega a 10 se reinicia el contador
   5:main.c        ****     El led indica cada que se reinicia el contador
   6:main.c        **** */
   7:main.c        **** 
   8:main.c        **** #define USED_EEPROM_SECTOR          (1u)
   9:main.c        **** #define RESET_COUNTER_BYTE          ((USED_EEPROM_SECTOR * CYDEV_EEPROM_SECTOR_SIZE) + 0x00)
  10:main.c        **** 
  11:main.c        **** #define DEBOUNCE_DELAY_MS           (200u)
  12:main.c        **** 
  13:main.c        **** int main(void)
  14:main.c        **** {   
  28              		.loc 1 14 0
  29              		.cfi_startproc
  30              		@ args = 0, pretend = 0, frame = 0
  31              		@ frame_needed = 0, uses_anonymous_args = 0
  32 0000 10B5     		push	{r4, lr}
  33              		.cfi_def_cfa_offset 8
  34              		.cfi_offset 4, -8
  35              		.cfi_offset 14, -4
  36              	.LVL0:
  15:main.c        ****     uint8 contador;
  16:main.c        ****     uint8 lectura = 0;
  17:main.c        ****     
  18:main.c        ****     EEPROM_Start();
  37              		.loc 1 18 0
  38 0002 FFF7FEFF 		bl	EEPROM_Start
  39              	.LVL1:
ARM GAS  C:\Users\Fabian\AppData\Local\Temp\ccyZvPBw.s 			page 2


  19:main.c        ****     
  20:main.c        ****     CyGlobalIntEnable; 
  40              		.loc 1 20 0
  41              		.syntax unified
  42              	@ 20 "main.c" 1
  43 0006 62B6     		CPSIE   i
  44              	@ 0 "" 2
  21:main.c        ****     //EEPROM_ReadByte(Address);
  22:main.c        ****     contador = EEPROM_ReadByte(RESET_COUNTER_BYTE);    
  45              		.loc 1 22 0
  46              		.thumb
  47              		.syntax unified
  48 0008 4FF48060 		mov	r0, #1024
  49 000c FFF7FEFF 		bl	EEPROM_ReadByte
  50              	.LVL2:
  51 0010 0446     		mov	r4, r0
  52              	.LVL3:
  53              	.L3:
  23:main.c        ****     for(;;)
  24:main.c        ****     {
  25:main.c        ****         if (!Boton_Read()){
  54              		.loc 1 25 0
  55 0012 FFF7FEFF 		bl	Boton_Read
  56              	.LVL4:
  57 0016 60B9     		cbnz	r0, .L2
  26:main.c        ****             LED_Write(1u);
  58              		.loc 1 26 0
  59 0018 0120     		movs	r0, #1
  60 001a FFF7FEFF 		bl	LED_Write
  61              	.LVL5:
  27:main.c        ****             contador++;
  62              		.loc 1 27 0
  63 001e 0134     		adds	r4, r4, #1
  64              	.LVL6:
  65 0020 E4B2     		uxtb	r4, r4
  66              	.LVL7:
  28:main.c        ****             //EEPROM_WriteByte(byte, Address);        
  29:main.c        ****             EEPROM_WriteByte(contador, RESET_COUNTER_BYTE);
  67              		.loc 1 29 0
  68 0022 4FF48061 		mov	r1, #1024
  69 0026 2046     		mov	r0, r4
  70 0028 FFF7FEFF 		bl	EEPROM_WriteByte
  71              	.LVL8:
  30:main.c        ****             CyDelay(DEBOUNCE_DELAY_MS);//Si cambiamos el delay a >100 ms tenemos el efecto rebóte 
  72              		.loc 1 30 0
  73 002c C820     		movs	r0, #200
  74 002e FFF7FEFF 		bl	CyDelay
  75              	.LVL9:
  76              	.L2:
  31:main.c        ****         }
  32:main.c        **** 
  33:main.c        ****         lectura = EEPROM_ReadByte(RESET_COUNTER_BYTE);
  77              		.loc 1 33 0
  78 0032 4FF48060 		mov	r0, #1024
  79 0036 FFF7FEFF 		bl	EEPROM_ReadByte
  80              	.LVL10:
  34:main.c        ****         
ARM GAS  C:\Users\Fabian\AppData\Local\Temp\ccyZvPBw.s 			page 3


  35:main.c        ****         if (lectura>10){
  81              		.loc 1 35 0
  82 003a 0A28     		cmp	r0, #10
  83 003c E9D9     		bls	.L3
  84              	.LVL11:
  36:main.c        ****             contador=0;
  37:main.c        ****             LED_Write(0u);
  85              		.loc 1 37 0
  86 003e 0020     		movs	r0, #0
  87              	.LVL12:
  88 0040 FFF7FEFF 		bl	LED_Write
  89              	.LVL13:
  38:main.c        ****             CyDelay(DEBOUNCE_DELAY_MS);
  90              		.loc 1 38 0
  91 0044 C820     		movs	r0, #200
  92 0046 FFF7FEFF 		bl	CyDelay
  93              	.LVL14:
  36:main.c        ****             contador=0;
  94              		.loc 1 36 0
  95 004a 0024     		movs	r4, #0
  96 004c E1E7     		b	.L3
  97              		.cfi_endproc
  98              	.LFE63:
  99              		.size	main, .-main
 100 004e 00BF     		.text
 101              	.Letext0:
 102              		.file 2 "c:\\program files (x86)\\cypress\\psoc creator\\4.4\\psoc creator\\import\\gnu\\arm\\5.4.
 103              		.file 3 "c:\\program files (x86)\\cypress\\psoc creator\\4.4\\psoc creator\\import\\gnu\\arm\\5.4.
 104              		.file 4 "Generated_Source\\PSoC5/cytypes.h"
 105              		.file 5 "Generated_Source\\PSoC5/EEPROM.h"
 106              		.file 6 "Generated_Source\\PSoC5/Boton.h"
 107              		.file 7 "Generated_Source\\PSoC5/LED.h"
 108              		.file 8 "Generated_Source\\PSoC5/CyLib.h"
 109              		.file 9 "Generated_Source\\PSoC5/core_cm3.h"
 110              		.section	.debug_info,"",%progbits
 111              	.Ldebug_info0:
 112 0000 D9010000 		.4byte	0x1d9
 113 0004 0400     		.2byte	0x4
 114 0006 00000000 		.4byte	.Ldebug_abbrev0
 115 000a 04       		.byte	0x4
 116 000b 01       		.uleb128 0x1
 117 000c 34000000 		.4byte	.LASF25
 118 0010 0C       		.byte	0xc
 119 0011 17020000 		.4byte	.LASF26
 120 0015 66010000 		.4byte	.LASF27
 121 0019 00000000 		.4byte	.Ldebug_ranges0+0
 122 001d 00000000 		.4byte	0
 123 0021 00000000 		.4byte	.Ldebug_line0
 124 0025 02       		.uleb128 0x2
 125 0026 01       		.byte	0x1
 126 0027 06       		.byte	0x6
 127 0028 1A000000 		.4byte	.LASF0
 128 002c 02       		.uleb128 0x2
 129 002d 01       		.byte	0x1
 130 002e 08       		.byte	0x8
 131 002f 26000000 		.4byte	.LASF1
 132 0033 02       		.uleb128 0x2
ARM GAS  C:\Users\Fabian\AppData\Local\Temp\ccyZvPBw.s 			page 4


 133 0034 02       		.byte	0x2
 134 0035 05       		.byte	0x5
 135 0036 23020000 		.4byte	.LASF2
 136 003a 02       		.uleb128 0x2
 137 003b 02       		.byte	0x2
 138 003c 07       		.byte	0x7
 139 003d DD000000 		.4byte	.LASF3
 140 0041 03       		.uleb128 0x3
 141 0042 0A000000 		.4byte	.LASF9
 142 0046 02       		.byte	0x2
 143 0047 3F       		.byte	0x3f
 144 0048 4C000000 		.4byte	0x4c
 145 004c 02       		.uleb128 0x2
 146 004d 04       		.byte	0x4
 147 004e 05       		.byte	0x5
 148 004f 33020000 		.4byte	.LASF4
 149 0053 02       		.uleb128 0x2
 150 0054 04       		.byte	0x4
 151 0055 07       		.byte	0x7
 152 0056 CB000000 		.4byte	.LASF5
 153 005a 02       		.uleb128 0x2
 154 005b 08       		.byte	0x8
 155 005c 05       		.byte	0x5
 156 005d 09020000 		.4byte	.LASF6
 157 0061 02       		.uleb128 0x2
 158 0062 08       		.byte	0x8
 159 0063 07       		.byte	0x7
 160 0064 3E010000 		.4byte	.LASF7
 161 0068 04       		.uleb128 0x4
 162 0069 04       		.byte	0x4
 163 006a 05       		.byte	0x5
 164 006b 696E7400 		.ascii	"int\000"
 165 006f 02       		.uleb128 0x2
 166 0070 04       		.byte	0x4
 167 0071 07       		.byte	0x7
 168 0072 24010000 		.4byte	.LASF8
 169 0076 03       		.uleb128 0x3
 170 0077 F8010000 		.4byte	.LASF10
 171 007b 03       		.byte	0x3
 172 007c 2C       		.byte	0x2c
 173 007d 41000000 		.4byte	0x41
 174 0081 05       		.uleb128 0x5
 175 0082 2D020000 		.4byte	.LASF11
 176 0086 04       		.byte	0x4
 177 0087 E801     		.2byte	0x1e8
 178 0089 2C000000 		.4byte	0x2c
 179 008d 02       		.uleb128 0x2
 180 008e 04       		.byte	0x4
 181 008f 04       		.byte	0x4
 182 0090 14000000 		.4byte	.LASF12
 183 0094 02       		.uleb128 0x2
 184 0095 08       		.byte	0x8
 185 0096 04       		.byte	0x4
 186 0097 18010000 		.4byte	.LASF13
 187 009b 02       		.uleb128 0x2
 188 009c 01       		.byte	0x1
 189 009d 08       		.byte	0x8
ARM GAS  C:\Users\Fabian\AppData\Local\Temp\ccyZvPBw.s 			page 5


 190 009e 1E020000 		.4byte	.LASF14
 191 00a2 02       		.uleb128 0x2
 192 00a3 08       		.byte	0x8
 193 00a4 04       		.byte	0x4
 194 00a5 3C020000 		.4byte	.LASF15
 195 00a9 02       		.uleb128 0x2
 196 00aa 04       		.byte	0x4
 197 00ab 07       		.byte	0x7
 198 00ac 00020000 		.4byte	.LASF16
 199 00b0 06       		.uleb128 0x6
 200 00b1 1F010000 		.4byte	.LASF28
 201 00b5 01       		.byte	0x1
 202 00b6 0D       		.byte	0xd
 203 00b7 68000000 		.4byte	0x68
 204 00bb 00000000 		.4byte	.LFB63
 205 00bf 4E000000 		.4byte	.LFE63-.LFB63
 206 00c3 01       		.uleb128 0x1
 207 00c4 9C       		.byte	0x9c
 208 00c5 89010000 		.4byte	0x189
 209 00c9 07       		.uleb128 0x7
 210 00ca C2000000 		.4byte	.LASF17
 211 00ce 01       		.byte	0x1
 212 00cf 0F       		.byte	0xf
 213 00d0 81000000 		.4byte	0x81
 214 00d4 00000000 		.4byte	.LLST0
 215 00d8 07       		.uleb128 0x7
 216 00d9 48020000 		.4byte	.LASF18
 217 00dd 01       		.byte	0x1
 218 00de 10       		.byte	0x10
 219 00df 81000000 		.4byte	0x81
 220 00e3 2A000000 		.4byte	.LLST1
 221 00e7 08       		.uleb128 0x8
 222 00e8 06000000 		.4byte	.LVL1
 223 00ec 9A010000 		.4byte	0x19a
 224 00f0 09       		.uleb128 0x9
 225 00f1 10000000 		.4byte	.LVL2
 226 00f5 A5010000 		.4byte	0x1a5
 227 00f9 05010000 		.4byte	0x105
 228 00fd 0A       		.uleb128 0xa
 229 00fe 01       		.uleb128 0x1
 230 00ff 50       		.byte	0x50
 231 0100 03       		.uleb128 0x3
 232 0101 0A       		.byte	0xa
 233 0102 0004     		.2byte	0x400
 234 0104 00       		.byte	0
 235 0105 08       		.uleb128 0x8
 236 0106 16000000 		.4byte	.LVL4
 237 010a B0010000 		.4byte	0x1b0
 238 010e 09       		.uleb128 0x9
 239 010f 1E000000 		.4byte	.LVL5
 240 0113 BB010000 		.4byte	0x1bb
 241 0117 21010000 		.4byte	0x121
 242 011b 0A       		.uleb128 0xa
 243 011c 01       		.uleb128 0x1
 244 011d 50       		.byte	0x50
 245 011e 01       		.uleb128 0x1
 246 011f 31       		.byte	0x31
ARM GAS  C:\Users\Fabian\AppData\Local\Temp\ccyZvPBw.s 			page 6


 247 0120 00       		.byte	0
 248 0121 09       		.uleb128 0x9
 249 0122 2C000000 		.4byte	.LVL8
 250 0126 C6010000 		.4byte	0x1c6
 251 012a 3C010000 		.4byte	0x13c
 252 012e 0A       		.uleb128 0xa
 253 012f 01       		.uleb128 0x1
 254 0130 50       		.byte	0x50
 255 0131 02       		.uleb128 0x2
 256 0132 74       		.byte	0x74
 257 0133 00       		.sleb128 0
 258 0134 0A       		.uleb128 0xa
 259 0135 01       		.uleb128 0x1
 260 0136 51       		.byte	0x51
 261 0137 03       		.uleb128 0x3
 262 0138 0A       		.byte	0xa
 263 0139 0004     		.2byte	0x400
 264 013b 00       		.byte	0
 265 013c 09       		.uleb128 0x9
 266 013d 32000000 		.4byte	.LVL9
 267 0141 D1010000 		.4byte	0x1d1
 268 0145 50010000 		.4byte	0x150
 269 0149 0A       		.uleb128 0xa
 270 014a 01       		.uleb128 0x1
 271 014b 50       		.byte	0x50
 272 014c 02       		.uleb128 0x2
 273 014d 08       		.byte	0x8
 274 014e C8       		.byte	0xc8
 275 014f 00       		.byte	0
 276 0150 09       		.uleb128 0x9
 277 0151 3A000000 		.4byte	.LVL10
 278 0155 A5010000 		.4byte	0x1a5
 279 0159 65010000 		.4byte	0x165
 280 015d 0A       		.uleb128 0xa
 281 015e 01       		.uleb128 0x1
 282 015f 50       		.byte	0x50
 283 0160 03       		.uleb128 0x3
 284 0161 0A       		.byte	0xa
 285 0162 0004     		.2byte	0x400
 286 0164 00       		.byte	0
 287 0165 09       		.uleb128 0x9
 288 0166 44000000 		.4byte	.LVL13
 289 016a BB010000 		.4byte	0x1bb
 290 016e 78010000 		.4byte	0x178
 291 0172 0A       		.uleb128 0xa
 292 0173 01       		.uleb128 0x1
 293 0174 50       		.byte	0x50
 294 0175 01       		.uleb128 0x1
 295 0176 30       		.byte	0x30
 296 0177 00       		.byte	0
 297 0178 0B       		.uleb128 0xb
 298 0179 4A000000 		.4byte	.LVL14
 299 017d D1010000 		.4byte	0x1d1
 300 0181 0A       		.uleb128 0xa
 301 0182 01       		.uleb128 0x1
 302 0183 50       		.byte	0x50
 303 0184 02       		.uleb128 0x2
ARM GAS  C:\Users\Fabian\AppData\Local\Temp\ccyZvPBw.s 			page 7


 304 0185 08       		.byte	0x8
 305 0186 C8       		.byte	0xc8
 306 0187 00       		.byte	0
 307 0188 00       		.byte	0
 308 0189 0C       		.uleb128 0xc
 309 018a F0000000 		.4byte	.LASF29
 310 018e 09       		.byte	0x9
 311 018f 1207     		.2byte	0x712
 312 0191 95010000 		.4byte	0x195
 313 0195 0D       		.uleb128 0xd
 314 0196 76000000 		.4byte	0x76
 315 019a 0E       		.uleb128 0xe
 316 019b 31010000 		.4byte	.LASF19
 317 019f 31010000 		.4byte	.LASF19
 318 01a3 05       		.byte	0x5
 319 01a4 1F       		.byte	0x1f
 320 01a5 0E       		.uleb128 0xe
 321 01a6 08010000 		.4byte	.LASF20
 322 01aa 08010000 		.4byte	.LASF20
 323 01ae 05       		.byte	0x5
 324 01af 23       		.byte	0x23
 325 01b0 0E       		.uleb128 0xe
 326 01b1 FD000000 		.4byte	.LASF21
 327 01b5 FD000000 		.4byte	.LASF21
 328 01b9 06       		.byte	0x6
 329 01ba 29       		.byte	0x29
 330 01bb 0E       		.uleb128 0xe
 331 01bc 00000000 		.4byte	.LASF22
 332 01c0 00000000 		.4byte	.LASF22
 333 01c4 07       		.byte	0x7
 334 01c5 26       		.byte	0x26
 335 01c6 0E       		.uleb128 0xe
 336 01c7 55010000 		.4byte	.LASF23
 337 01cb 55010000 		.4byte	.LASF23
 338 01cf 05       		.byte	0x5
 339 01d0 21       		.byte	0x21
 340 01d1 0E       		.uleb128 0xe
 341 01d2 50020000 		.4byte	.LASF24
 342 01d6 50020000 		.4byte	.LASF24
 343 01da 08       		.byte	0x8
 344 01db 76       		.byte	0x76
 345 01dc 00       		.byte	0
 346              		.section	.debug_abbrev,"",%progbits
 347              	.Ldebug_abbrev0:
 348 0000 01       		.uleb128 0x1
 349 0001 11       		.uleb128 0x11
 350 0002 01       		.byte	0x1
 351 0003 25       		.uleb128 0x25
 352 0004 0E       		.uleb128 0xe
 353 0005 13       		.uleb128 0x13
 354 0006 0B       		.uleb128 0xb
 355 0007 03       		.uleb128 0x3
 356 0008 0E       		.uleb128 0xe
 357 0009 1B       		.uleb128 0x1b
 358 000a 0E       		.uleb128 0xe
 359 000b 55       		.uleb128 0x55
 360 000c 17       		.uleb128 0x17
ARM GAS  C:\Users\Fabian\AppData\Local\Temp\ccyZvPBw.s 			page 8


 361 000d 11       		.uleb128 0x11
 362 000e 01       		.uleb128 0x1
 363 000f 10       		.uleb128 0x10
 364 0010 17       		.uleb128 0x17
 365 0011 00       		.byte	0
 366 0012 00       		.byte	0
 367 0013 02       		.uleb128 0x2
 368 0014 24       		.uleb128 0x24
 369 0015 00       		.byte	0
 370 0016 0B       		.uleb128 0xb
 371 0017 0B       		.uleb128 0xb
 372 0018 3E       		.uleb128 0x3e
 373 0019 0B       		.uleb128 0xb
 374 001a 03       		.uleb128 0x3
 375 001b 0E       		.uleb128 0xe
 376 001c 00       		.byte	0
 377 001d 00       		.byte	0
 378 001e 03       		.uleb128 0x3
 379 001f 16       		.uleb128 0x16
 380 0020 00       		.byte	0
 381 0021 03       		.uleb128 0x3
 382 0022 0E       		.uleb128 0xe
 383 0023 3A       		.uleb128 0x3a
 384 0024 0B       		.uleb128 0xb
 385 0025 3B       		.uleb128 0x3b
 386 0026 0B       		.uleb128 0xb
 387 0027 49       		.uleb128 0x49
 388 0028 13       		.uleb128 0x13
 389 0029 00       		.byte	0
 390 002a 00       		.byte	0
 391 002b 04       		.uleb128 0x4
 392 002c 24       		.uleb128 0x24
 393 002d 00       		.byte	0
 394 002e 0B       		.uleb128 0xb
 395 002f 0B       		.uleb128 0xb
 396 0030 3E       		.uleb128 0x3e
 397 0031 0B       		.uleb128 0xb
 398 0032 03       		.uleb128 0x3
 399 0033 08       		.uleb128 0x8
 400 0034 00       		.byte	0
 401 0035 00       		.byte	0
 402 0036 05       		.uleb128 0x5
 403 0037 16       		.uleb128 0x16
 404 0038 00       		.byte	0
 405 0039 03       		.uleb128 0x3
 406 003a 0E       		.uleb128 0xe
 407 003b 3A       		.uleb128 0x3a
 408 003c 0B       		.uleb128 0xb
 409 003d 3B       		.uleb128 0x3b
 410 003e 05       		.uleb128 0x5
 411 003f 49       		.uleb128 0x49
 412 0040 13       		.uleb128 0x13
 413 0041 00       		.byte	0
 414 0042 00       		.byte	0
 415 0043 06       		.uleb128 0x6
 416 0044 2E       		.uleb128 0x2e
 417 0045 01       		.byte	0x1
ARM GAS  C:\Users\Fabian\AppData\Local\Temp\ccyZvPBw.s 			page 9


 418 0046 3F       		.uleb128 0x3f
 419 0047 19       		.uleb128 0x19
 420 0048 03       		.uleb128 0x3
 421 0049 0E       		.uleb128 0xe
 422 004a 3A       		.uleb128 0x3a
 423 004b 0B       		.uleb128 0xb
 424 004c 3B       		.uleb128 0x3b
 425 004d 0B       		.uleb128 0xb
 426 004e 27       		.uleb128 0x27
 427 004f 19       		.uleb128 0x19
 428 0050 49       		.uleb128 0x49
 429 0051 13       		.uleb128 0x13
 430 0052 8701     		.uleb128 0x87
 431 0054 19       		.uleb128 0x19
 432 0055 11       		.uleb128 0x11
 433 0056 01       		.uleb128 0x1
 434 0057 12       		.uleb128 0x12
 435 0058 06       		.uleb128 0x6
 436 0059 40       		.uleb128 0x40
 437 005a 18       		.uleb128 0x18
 438 005b 9742     		.uleb128 0x2117
 439 005d 19       		.uleb128 0x19
 440 005e 01       		.uleb128 0x1
 441 005f 13       		.uleb128 0x13
 442 0060 00       		.byte	0
 443 0061 00       		.byte	0
 444 0062 07       		.uleb128 0x7
 445 0063 34       		.uleb128 0x34
 446 0064 00       		.byte	0
 447 0065 03       		.uleb128 0x3
 448 0066 0E       		.uleb128 0xe
 449 0067 3A       		.uleb128 0x3a
 450 0068 0B       		.uleb128 0xb
 451 0069 3B       		.uleb128 0x3b
 452 006a 0B       		.uleb128 0xb
 453 006b 49       		.uleb128 0x49
 454 006c 13       		.uleb128 0x13
 455 006d 02       		.uleb128 0x2
 456 006e 17       		.uleb128 0x17
 457 006f 00       		.byte	0
 458 0070 00       		.byte	0
 459 0071 08       		.uleb128 0x8
 460 0072 898201   		.uleb128 0x4109
 461 0075 00       		.byte	0
 462 0076 11       		.uleb128 0x11
 463 0077 01       		.uleb128 0x1
 464 0078 31       		.uleb128 0x31
 465 0079 13       		.uleb128 0x13
 466 007a 00       		.byte	0
 467 007b 00       		.byte	0
 468 007c 09       		.uleb128 0x9
 469 007d 898201   		.uleb128 0x4109
 470 0080 01       		.byte	0x1
 471 0081 11       		.uleb128 0x11
 472 0082 01       		.uleb128 0x1
 473 0083 31       		.uleb128 0x31
 474 0084 13       		.uleb128 0x13
ARM GAS  C:\Users\Fabian\AppData\Local\Temp\ccyZvPBw.s 			page 10


 475 0085 01       		.uleb128 0x1
 476 0086 13       		.uleb128 0x13
 477 0087 00       		.byte	0
 478 0088 00       		.byte	0
 479 0089 0A       		.uleb128 0xa
 480 008a 8A8201   		.uleb128 0x410a
 481 008d 00       		.byte	0
 482 008e 02       		.uleb128 0x2
 483 008f 18       		.uleb128 0x18
 484 0090 9142     		.uleb128 0x2111
 485 0092 18       		.uleb128 0x18
 486 0093 00       		.byte	0
 487 0094 00       		.byte	0
 488 0095 0B       		.uleb128 0xb
 489 0096 898201   		.uleb128 0x4109
 490 0099 01       		.byte	0x1
 491 009a 11       		.uleb128 0x11
 492 009b 01       		.uleb128 0x1
 493 009c 31       		.uleb128 0x31
 494 009d 13       		.uleb128 0x13
 495 009e 00       		.byte	0
 496 009f 00       		.byte	0
 497 00a0 0C       		.uleb128 0xc
 498 00a1 34       		.uleb128 0x34
 499 00a2 00       		.byte	0
 500 00a3 03       		.uleb128 0x3
 501 00a4 0E       		.uleb128 0xe
 502 00a5 3A       		.uleb128 0x3a
 503 00a6 0B       		.uleb128 0xb
 504 00a7 3B       		.uleb128 0x3b
 505 00a8 05       		.uleb128 0x5
 506 00a9 49       		.uleb128 0x49
 507 00aa 13       		.uleb128 0x13
 508 00ab 3F       		.uleb128 0x3f
 509 00ac 19       		.uleb128 0x19
 510 00ad 3C       		.uleb128 0x3c
 511 00ae 19       		.uleb128 0x19
 512 00af 00       		.byte	0
 513 00b0 00       		.byte	0
 514 00b1 0D       		.uleb128 0xd
 515 00b2 35       		.uleb128 0x35
 516 00b3 00       		.byte	0
 517 00b4 49       		.uleb128 0x49
 518 00b5 13       		.uleb128 0x13
 519 00b6 00       		.byte	0
 520 00b7 00       		.byte	0
 521 00b8 0E       		.uleb128 0xe
 522 00b9 2E       		.uleb128 0x2e
 523 00ba 00       		.byte	0
 524 00bb 3F       		.uleb128 0x3f
 525 00bc 19       		.uleb128 0x19
 526 00bd 3C       		.uleb128 0x3c
 527 00be 19       		.uleb128 0x19
 528 00bf 6E       		.uleb128 0x6e
 529 00c0 0E       		.uleb128 0xe
 530 00c1 03       		.uleb128 0x3
 531 00c2 0E       		.uleb128 0xe
ARM GAS  C:\Users\Fabian\AppData\Local\Temp\ccyZvPBw.s 			page 11


 532 00c3 3A       		.uleb128 0x3a
 533 00c4 0B       		.uleb128 0xb
 534 00c5 3B       		.uleb128 0x3b
 535 00c6 0B       		.uleb128 0xb
 536 00c7 00       		.byte	0
 537 00c8 00       		.byte	0
 538 00c9 00       		.byte	0
 539              		.section	.debug_loc,"",%progbits
 540              	.Ldebug_loc0:
 541              	.LLST0:
 542 0000 12000000 		.4byte	.LVL3
 543 0004 20000000 		.4byte	.LVL6
 544 0008 0100     		.2byte	0x1
 545 000a 54       		.byte	0x54
 546 000b 22000000 		.4byte	.LVL7
 547 000f 3E000000 		.4byte	.LVL11
 548 0013 0100     		.2byte	0x1
 549 0015 54       		.byte	0x54
 550 0016 3E000000 		.4byte	.LVL11
 551 001a 4E000000 		.4byte	.LFE63
 552 001e 0200     		.2byte	0x2
 553 0020 30       		.byte	0x30
 554 0021 9F       		.byte	0x9f
 555 0022 00000000 		.4byte	0
 556 0026 00000000 		.4byte	0
 557              	.LLST1:
 558 002a 02000000 		.4byte	.LVL0
 559 002e 12000000 		.4byte	.LVL3
 560 0032 0200     		.2byte	0x2
 561 0034 30       		.byte	0x30
 562 0035 9F       		.byte	0x9f
 563 0036 3A000000 		.4byte	.LVL10
 564 003a 40000000 		.4byte	.LVL12
 565 003e 0100     		.2byte	0x1
 566 0040 50       		.byte	0x50
 567 0041 00000000 		.4byte	0
 568 0045 00000000 		.4byte	0
 569              		.section	.debug_aranges,"",%progbits
 570 0000 1C000000 		.4byte	0x1c
 571 0004 0200     		.2byte	0x2
 572 0006 00000000 		.4byte	.Ldebug_info0
 573 000a 04       		.byte	0x4
 574 000b 00       		.byte	0
 575 000c 0000     		.2byte	0
 576 000e 0000     		.2byte	0
 577 0010 00000000 		.4byte	.LFB63
 578 0014 4E000000 		.4byte	.LFE63-.LFB63
 579 0018 00000000 		.4byte	0
 580 001c 00000000 		.4byte	0
 581              		.section	.debug_ranges,"",%progbits
 582              	.Ldebug_ranges0:
 583 0000 00000000 		.4byte	.LFB63
 584 0004 4E000000 		.4byte	.LFE63
 585 0008 00000000 		.4byte	0
 586 000c 00000000 		.4byte	0
 587              		.section	.debug_line,"",%progbits
 588              	.Ldebug_line0:
ARM GAS  C:\Users\Fabian\AppData\Local\Temp\ccyZvPBw.s 			page 12


 589 0000 99010000 		.section	.debug_str,"MS",%progbits,1
 589      02007701 
 589      00000201 
 589      FB0E0D00 
 589      01010101 
 590              	.LASF22:
 591 0000 4C45445F 		.ascii	"LED_Write\000"
 591      57726974 
 591      6500
 592              	.LASF9:
 593 000a 5F5F696E 		.ascii	"__int32_t\000"
 593      7433325F 
 593      7400
 594              	.LASF12:
 595 0014 666C6F61 		.ascii	"float\000"
 595      7400
 596              	.LASF0:
 597 001a 7369676E 		.ascii	"signed char\000"
 597      65642063 
 597      68617200 
 598              	.LASF1:
 599 0026 756E7369 		.ascii	"unsigned char\000"
 599      676E6564 
 599      20636861 
 599      7200
 600              	.LASF25:
 601 0034 474E5520 		.ascii	"GNU C11 5.4.1 20160609 (release) [ARM/embedded-5-br"
 601      43313120 
 601      352E342E 
 601      31203230 
 601      31363036 
 602 0067 616E6368 		.ascii	"anch revision 237715] -mcpu=cortex-m3 -mthumb -g -O"
 602      20726576 
 602      6973696F 
 602      6E203233 
 602      37373135 
 603 009a 67202D66 		.ascii	"g -ffunction-sections -ffat-lto-objects\000"
 603      66756E63 
 603      74696F6E 
 603      2D736563 
 603      74696F6E 
 604              	.LASF17:
 605 00c2 636F6E74 		.ascii	"contador\000"
 605      61646F72 
 605      00
 606              	.LASF5:
 607 00cb 6C6F6E67 		.ascii	"long unsigned int\000"
 607      20756E73 
 607      69676E65 
 607      6420696E 
 607      7400
 608              	.LASF3:
 609 00dd 73686F72 		.ascii	"short unsigned int\000"
 609      7420756E 
 609      7369676E 
 609      65642069 
 609      6E7400
ARM GAS  C:\Users\Fabian\AppData\Local\Temp\ccyZvPBw.s 			page 13


 610              	.LASF29:
 611 00f0 49544D5F 		.ascii	"ITM_RxBuffer\000"
 611      52784275 
 611      66666572 
 611      00
 612              	.LASF21:
 613 00fd 426F746F 		.ascii	"Boton_Read\000"
 613      6E5F5265 
 613      616400
 614              	.LASF20:
 615 0108 45455052 		.ascii	"EEPROM_ReadByte\000"
 615      4F4D5F52 
 615      65616442 
 615      79746500 
 616              	.LASF13:
 617 0118 646F7562 		.ascii	"double\000"
 617      6C6500
 618              	.LASF28:
 619 011f 6D61696E 		.ascii	"main\000"
 619      00
 620              	.LASF8:
 621 0124 756E7369 		.ascii	"unsigned int\000"
 621      676E6564 
 621      20696E74 
 621      00
 622              	.LASF19:
 623 0131 45455052 		.ascii	"EEPROM_Start\000"
 623      4F4D5F53 
 623      74617274 
 623      00
 624              	.LASF7:
 625 013e 6C6F6E67 		.ascii	"long long unsigned int\000"
 625      206C6F6E 
 625      6720756E 
 625      7369676E 
 625      65642069 
 626              	.LASF23:
 627 0155 45455052 		.ascii	"EEPROM_WriteByte\000"
 627      4F4D5F57 
 627      72697465 
 627      42797465 
 627      00
 628              	.LASF27:
 629 0166 433A5C55 		.ascii	"C:\\Users\\Fabian\\OneDrive - Escuela Tecnologica I"
 629      73657273 
 629      5C466162 
 629      69616E5C 
 629      4F6E6544 
 630 0196 6E737469 		.ascii	"nstituto Tecnico Central\\A_Microcontroladores\\Mic"
 630      7475746F 
 630      20546563 
 630      6E69636F 
 630      2043656E 
 631 01c7 726F636F 		.ascii	"rocontroladores\\Sesion_3\\Memorias\\Memorias.cydsn"
 631      6E74726F 
 631      6C61646F 
 631      7265735C 
ARM GAS  C:\Users\Fabian\AppData\Local\Temp\ccyZvPBw.s 			page 14


 631      53657369 
 632 01f7 00       		.ascii	"\000"
 633              	.LASF10:
 634 01f8 696E7433 		.ascii	"int32_t\000"
 634      325F7400 
 635              	.LASF16:
 636 0200 73697A65 		.ascii	"sizetype\000"
 636      74797065 
 636      00
 637              	.LASF6:
 638 0209 6C6F6E67 		.ascii	"long long int\000"
 638      206C6F6E 
 638      6720696E 
 638      7400
 639              	.LASF26:
 640 0217 6D61696E 		.ascii	"main.c\000"
 640      2E6300
 641              	.LASF14:
 642 021e 63686172 		.ascii	"char\000"
 642      00
 643              	.LASF2:
 644 0223 73686F72 		.ascii	"short int\000"
 644      7420696E 
 644      7400
 645              	.LASF11:
 646 022d 75696E74 		.ascii	"uint8\000"
 646      3800
 647              	.LASF4:
 648 0233 6C6F6E67 		.ascii	"long int\000"
 648      20696E74 
 648      00
 649              	.LASF15:
 650 023c 6C6F6E67 		.ascii	"long double\000"
 650      20646F75 
 650      626C6500 
 651              	.LASF18:
 652 0248 6C656374 		.ascii	"lectura\000"
 652      75726100 
 653              	.LASF24:
 654 0250 43794465 		.ascii	"CyDelay\000"
 654      6C617900 
 655              		.ident	"GCC: (GNU Tools for ARM Embedded Processors) 5.4.1 20160609 (release) [ARM/embedded-5-bran
