ARM GAS  C:\Users\Fabian\AppData\Local\Temp\ccKO7zte.s 			page 1


   1              		.syntax unified
   2              		.cpu cortex-m3
   3              		.fpu softvfp
   4              		.eabi_attribute 20, 1
   5              		.eabi_attribute 21, 1
   6              		.eabi_attribute 23, 3
   7              		.eabi_attribute 24, 1
   8              		.eabi_attribute 25, 1
   9              		.eabi_attribute 26, 1
  10              		.eabi_attribute 30, 1
  11              		.eabi_attribute 34, 1
  12              		.eabi_attribute 18, 4
  13              		.thumb
  14              		.syntax unified
  15              		.file	"main.c"
  16              		.text
  17              	.Ltext0:
  18              		.cfi_sections	.debug_frame
  19              		.section	.text.main,"ax",%progbits
  20              		.align	2
  21              		.global	main
  22              		.thumb
  23              		.thumb_func
  24              		.type	main, %function
  25              	main:
  26              	.LFB63:
  27              		.file 1 "main.c"
   1:main.c        **** #include <project.h>
   2:main.c        **** 
   3:main.c        **** int main()
   4:main.c        **** {
  28              		.loc 1 4 0
  29              		.cfi_startproc
  30              		@ Volatile: function does not return.
  31              		@ args = 0, pretend = 0, frame = 0
  32              		@ frame_needed = 0, uses_anonymous_args = 0
  33 0000 08B5     		push	{r3, lr}
  34              		.cfi_def_cfa_offset 8
  35              		.cfi_offset 3, -8
  36              		.cfi_offset 14, -4
   5:main.c        **** 
   6:main.c        **** 
   7:main.c        ****     /* Start VDAC */
   8:main.c        ****     VDAC8_1_Start();
  37              		.loc 1 8 0
  38 0002 FFF7FEFF 		bl	VDAC8_1_Start
  39              	.LVL0:
  40              	.L2:
   9:main.c        ****     
  10:main.c        ****     for(;;)
  11:main.c        ****     {
  12:main.c        ****         VDAC8_1_SetValue(0u);
  41              		.loc 1 12 0 discriminator 1
  42 0006 0020     		movs	r0, #0
  43 0008 FFF7FEFF 		bl	VDAC8_1_SetValue
  44              	.LVL1:
  13:main.c        ****         CyDelay(1000);
ARM GAS  C:\Users\Fabian\AppData\Local\Temp\ccKO7zte.s 			page 2


  45              		.loc 1 13 0 discriminator 1
  46 000c 4FF47A70 		mov	r0, #1000
  47 0010 FFF7FEFF 		bl	CyDelay
  48              	.LVL2:
  14:main.c        ****         VDAC8_1_SetValue(240u);
  49              		.loc 1 14 0 discriminator 1
  50 0014 F020     		movs	r0, #240
  51 0016 FFF7FEFF 		bl	VDAC8_1_SetValue
  52              	.LVL3:
  15:main.c        ****         CyDelay(1000);
  53              		.loc 1 15 0 discriminator 1
  54 001a 4FF47A70 		mov	r0, #1000
  55 001e FFF7FEFF 		bl	CyDelay
  56              	.LVL4:
  57 0022 F0E7     		b	.L2
  58              		.cfi_endproc
  59              	.LFE63:
  60              		.size	main, .-main
  61              		.text
  62              	.Letext0:
  63              		.file 2 "c:\\program files (x86)\\cypress\\psoc creator\\4.4\\psoc creator\\import\\gnu\\arm\\5.4.
  64              		.file 3 "c:\\program files (x86)\\cypress\\psoc creator\\4.4\\psoc creator\\import\\gnu\\arm\\5.4.
  65              		.file 4 "Generated_Source\\PSoC5/VDAC8_1.h"
  66              		.file 5 "Generated_Source\\PSoC5/CyLib.h"
  67              		.file 6 "Generated_Source\\PSoC5/core_cm3.h"
  68              		.section	.debug_info,"",%progbits
  69              	.Ldebug_info0:
  70 0000 43010000 		.4byte	0x143
  71 0004 0400     		.2byte	0x4
  72 0006 00000000 		.4byte	.Ldebug_abbrev0
  73 000a 04       		.byte	0x4
  74 000b 01       		.uleb128 0x1
  75 000c 3A000000 		.4byte	.LASF19
  76 0010 0C       		.byte	0xc
  77 0011 2E000000 		.4byte	.LASF20
  78 0015 C8000000 		.4byte	.LASF21
  79 0019 00000000 		.4byte	.Ldebug_ranges0+0
  80 001d 00000000 		.4byte	0
  81 0021 00000000 		.4byte	.Ldebug_line0
  82 0025 02       		.uleb128 0x2
  83 0026 01       		.byte	0x1
  84 0027 06       		.byte	0x6
  85 0028 D0010000 		.4byte	.LASF0
  86 002c 02       		.uleb128 0x2
  87 002d 01       		.byte	0x1
  88 002e 08       		.byte	0x8
  89 002f 81010000 		.4byte	.LASF1
  90 0033 02       		.uleb128 0x2
  91 0034 02       		.byte	0x2
  92 0035 05       		.byte	0x5
  93 0036 F8010000 		.4byte	.LASF2
  94 003a 02       		.uleb128 0x2
  95 003b 02       		.byte	0x2
  96 003c 07       		.byte	0x7
  97 003d 0E000000 		.4byte	.LASF3
  98 0041 03       		.uleb128 0x3
  99 0042 E8010000 		.4byte	.LASF9
ARM GAS  C:\Users\Fabian\AppData\Local\Temp\ccKO7zte.s 			page 3


 100 0046 02       		.byte	0x2
 101 0047 3F       		.byte	0x3f
 102 0048 4C000000 		.4byte	0x4c
 103 004c 02       		.uleb128 0x2
 104 004d 04       		.byte	0x4
 105 004e 05       		.byte	0x5
 106 004f 94010000 		.4byte	.LASF4
 107 0053 02       		.uleb128 0x2
 108 0054 04       		.byte	0x4
 109 0055 07       		.byte	0x7
 110 0056 58010000 		.4byte	.LASF5
 111 005a 02       		.uleb128 0x2
 112 005b 08       		.byte	0x8
 113 005c 05       		.byte	0x5
 114 005d 00000000 		.4byte	.LASF6
 115 0061 02       		.uleb128 0x2
 116 0062 08       		.byte	0x8
 117 0063 07       		.byte	0x7
 118 0064 6A010000 		.4byte	.LASF7
 119 0068 04       		.uleb128 0x4
 120 0069 04       		.byte	0x4
 121 006a 05       		.byte	0x5
 122 006b 696E7400 		.ascii	"int\000"
 123 006f 02       		.uleb128 0x2
 124 0070 04       		.byte	0x4
 125 0071 07       		.byte	0x7
 126 0072 21000000 		.4byte	.LASF8
 127 0076 03       		.uleb128 0x3
 128 0077 02020000 		.4byte	.LASF10
 129 007b 03       		.byte	0x3
 130 007c 2C       		.byte	0x2c
 131 007d 41000000 		.4byte	0x41
 132 0081 02       		.uleb128 0x2
 133 0082 04       		.byte	0x4
 134 0083 04       		.byte	0x4
 135 0084 F2010000 		.4byte	.LASF11
 136 0088 02       		.uleb128 0x2
 137 0089 08       		.byte	0x8
 138 008a 04       		.byte	0x4
 139 008b AE010000 		.4byte	.LASF12
 140 008f 02       		.uleb128 0x2
 141 0090 01       		.byte	0x1
 142 0091 08       		.byte	0x8
 143 0092 8F010000 		.4byte	.LASF13
 144 0096 02       		.uleb128 0x2
 145 0097 04       		.byte	0x4
 146 0098 07       		.byte	0x7
 147 0099 0A020000 		.4byte	.LASF14
 148 009d 02       		.uleb128 0x2
 149 009e 08       		.byte	0x8
 150 009f 04       		.byte	0x4
 151 00a0 DC010000 		.4byte	.LASF15
 152 00a4 05       		.uleb128 0x5
 153 00a5 35000000 		.4byte	.LASF22
 154 00a9 01       		.byte	0x1
 155 00aa 03       		.byte	0x3
 156 00ab 68000000 		.4byte	0x68
ARM GAS  C:\Users\Fabian\AppData\Local\Temp\ccKO7zte.s 			page 4


 157 00af 00000000 		.4byte	.LFB63
 158 00b3 24000000 		.4byte	.LFE63-.LFB63
 159 00b7 01       		.uleb128 0x1
 160 00b8 9C       		.byte	0x9c
 161 00b9 14010000 		.4byte	0x114
 162 00bd 06       		.uleb128 0x6
 163 00be 06000000 		.4byte	.LVL0
 164 00c2 25010000 		.4byte	0x125
 165 00c6 07       		.uleb128 0x7
 166 00c7 0C000000 		.4byte	.LVL1
 167 00cb 30010000 		.4byte	0x130
 168 00cf D9000000 		.4byte	0xd9
 169 00d3 08       		.uleb128 0x8
 170 00d4 01       		.uleb128 0x1
 171 00d5 50       		.byte	0x50
 172 00d6 01       		.uleb128 0x1
 173 00d7 30       		.byte	0x30
 174 00d8 00       		.byte	0
 175 00d9 07       		.uleb128 0x7
 176 00da 14000000 		.4byte	.LVL2
 177 00de 3B010000 		.4byte	0x13b
 178 00e2 EE000000 		.4byte	0xee
 179 00e6 08       		.uleb128 0x8
 180 00e7 01       		.uleb128 0x1
 181 00e8 50       		.byte	0x50
 182 00e9 03       		.uleb128 0x3
 183 00ea 0A       		.byte	0xa
 184 00eb E803     		.2byte	0x3e8
 185 00ed 00       		.byte	0
 186 00ee 07       		.uleb128 0x7
 187 00ef 1A000000 		.4byte	.LVL3
 188 00f3 30010000 		.4byte	0x130
 189 00f7 02010000 		.4byte	0x102
 190 00fb 08       		.uleb128 0x8
 191 00fc 01       		.uleb128 0x1
 192 00fd 50       		.byte	0x50
 193 00fe 02       		.uleb128 0x2
 194 00ff 09       		.byte	0x9
 195 0100 F0       		.byte	0xf0
 196 0101 00       		.byte	0
 197 0102 09       		.uleb128 0x9
 198 0103 22000000 		.4byte	.LVL4
 199 0107 3B010000 		.4byte	0x13b
 200 010b 08       		.uleb128 0x8
 201 010c 01       		.uleb128 0x1
 202 010d 50       		.byte	0x50
 203 010e 03       		.uleb128 0x3
 204 010f 0A       		.byte	0xa
 205 0110 E803     		.2byte	0x3e8
 206 0112 00       		.byte	0
 207 0113 00       		.byte	0
 208 0114 0A       		.uleb128 0xa
 209 0115 C3010000 		.4byte	.LASF23
 210 0119 06       		.byte	0x6
 211 011a 1207     		.2byte	0x712
 212 011c 20010000 		.4byte	0x120
 213 0120 0B       		.uleb128 0xb
ARM GAS  C:\Users\Fabian\AppData\Local\Temp\ccKO7zte.s 			page 5


 214 0121 76000000 		.4byte	0x76
 215 0125 0C       		.uleb128 0xc
 216 0126 B5010000 		.4byte	.LASF16
 217 012a B5010000 		.4byte	.LASF16
 218 012e 04       		.byte	0x4
 219 012f 33       		.byte	0x33
 220 0130 0C       		.uleb128 0xc
 221 0131 9D010000 		.4byte	.LASF17
 222 0135 9D010000 		.4byte	.LASF17
 223 0139 04       		.byte	0x4
 224 013a 37       		.byte	0x37
 225 013b 0C       		.uleb128 0xc
 226 013c 50010000 		.4byte	.LASF18
 227 0140 50010000 		.4byte	.LASF18
 228 0144 05       		.byte	0x5
 229 0145 76       		.byte	0x76
 230 0146 00       		.byte	0
 231              		.section	.debug_abbrev,"",%progbits
 232              	.Ldebug_abbrev0:
 233 0000 01       		.uleb128 0x1
 234 0001 11       		.uleb128 0x11
 235 0002 01       		.byte	0x1
 236 0003 25       		.uleb128 0x25
 237 0004 0E       		.uleb128 0xe
 238 0005 13       		.uleb128 0x13
 239 0006 0B       		.uleb128 0xb
 240 0007 03       		.uleb128 0x3
 241 0008 0E       		.uleb128 0xe
 242 0009 1B       		.uleb128 0x1b
 243 000a 0E       		.uleb128 0xe
 244 000b 55       		.uleb128 0x55
 245 000c 17       		.uleb128 0x17
 246 000d 11       		.uleb128 0x11
 247 000e 01       		.uleb128 0x1
 248 000f 10       		.uleb128 0x10
 249 0010 17       		.uleb128 0x17
 250 0011 00       		.byte	0
 251 0012 00       		.byte	0
 252 0013 02       		.uleb128 0x2
 253 0014 24       		.uleb128 0x24
 254 0015 00       		.byte	0
 255 0016 0B       		.uleb128 0xb
 256 0017 0B       		.uleb128 0xb
 257 0018 3E       		.uleb128 0x3e
 258 0019 0B       		.uleb128 0xb
 259 001a 03       		.uleb128 0x3
 260 001b 0E       		.uleb128 0xe
 261 001c 00       		.byte	0
 262 001d 00       		.byte	0
 263 001e 03       		.uleb128 0x3
 264 001f 16       		.uleb128 0x16
 265 0020 00       		.byte	0
 266 0021 03       		.uleb128 0x3
 267 0022 0E       		.uleb128 0xe
 268 0023 3A       		.uleb128 0x3a
 269 0024 0B       		.uleb128 0xb
 270 0025 3B       		.uleb128 0x3b
ARM GAS  C:\Users\Fabian\AppData\Local\Temp\ccKO7zte.s 			page 6


 271 0026 0B       		.uleb128 0xb
 272 0027 49       		.uleb128 0x49
 273 0028 13       		.uleb128 0x13
 274 0029 00       		.byte	0
 275 002a 00       		.byte	0
 276 002b 04       		.uleb128 0x4
 277 002c 24       		.uleb128 0x24
 278 002d 00       		.byte	0
 279 002e 0B       		.uleb128 0xb
 280 002f 0B       		.uleb128 0xb
 281 0030 3E       		.uleb128 0x3e
 282 0031 0B       		.uleb128 0xb
 283 0032 03       		.uleb128 0x3
 284 0033 08       		.uleb128 0x8
 285 0034 00       		.byte	0
 286 0035 00       		.byte	0
 287 0036 05       		.uleb128 0x5
 288 0037 2E       		.uleb128 0x2e
 289 0038 01       		.byte	0x1
 290 0039 3F       		.uleb128 0x3f
 291 003a 19       		.uleb128 0x19
 292 003b 03       		.uleb128 0x3
 293 003c 0E       		.uleb128 0xe
 294 003d 3A       		.uleb128 0x3a
 295 003e 0B       		.uleb128 0xb
 296 003f 3B       		.uleb128 0x3b
 297 0040 0B       		.uleb128 0xb
 298 0041 49       		.uleb128 0x49
 299 0042 13       		.uleb128 0x13
 300 0043 8701     		.uleb128 0x87
 301 0045 19       		.uleb128 0x19
 302 0046 11       		.uleb128 0x11
 303 0047 01       		.uleb128 0x1
 304 0048 12       		.uleb128 0x12
 305 0049 06       		.uleb128 0x6
 306 004a 40       		.uleb128 0x40
 307 004b 18       		.uleb128 0x18
 308 004c 9742     		.uleb128 0x2117
 309 004e 19       		.uleb128 0x19
 310 004f 01       		.uleb128 0x1
 311 0050 13       		.uleb128 0x13
 312 0051 00       		.byte	0
 313 0052 00       		.byte	0
 314 0053 06       		.uleb128 0x6
 315 0054 898201   		.uleb128 0x4109
 316 0057 00       		.byte	0
 317 0058 11       		.uleb128 0x11
 318 0059 01       		.uleb128 0x1
 319 005a 31       		.uleb128 0x31
 320 005b 13       		.uleb128 0x13
 321 005c 00       		.byte	0
 322 005d 00       		.byte	0
 323 005e 07       		.uleb128 0x7
 324 005f 898201   		.uleb128 0x4109
 325 0062 01       		.byte	0x1
 326 0063 11       		.uleb128 0x11
 327 0064 01       		.uleb128 0x1
ARM GAS  C:\Users\Fabian\AppData\Local\Temp\ccKO7zte.s 			page 7


 328 0065 31       		.uleb128 0x31
 329 0066 13       		.uleb128 0x13
 330 0067 01       		.uleb128 0x1
 331 0068 13       		.uleb128 0x13
 332 0069 00       		.byte	0
 333 006a 00       		.byte	0
 334 006b 08       		.uleb128 0x8
 335 006c 8A8201   		.uleb128 0x410a
 336 006f 00       		.byte	0
 337 0070 02       		.uleb128 0x2
 338 0071 18       		.uleb128 0x18
 339 0072 9142     		.uleb128 0x2111
 340 0074 18       		.uleb128 0x18
 341 0075 00       		.byte	0
 342 0076 00       		.byte	0
 343 0077 09       		.uleb128 0x9
 344 0078 898201   		.uleb128 0x4109
 345 007b 01       		.byte	0x1
 346 007c 11       		.uleb128 0x11
 347 007d 01       		.uleb128 0x1
 348 007e 31       		.uleb128 0x31
 349 007f 13       		.uleb128 0x13
 350 0080 00       		.byte	0
 351 0081 00       		.byte	0
 352 0082 0A       		.uleb128 0xa
 353 0083 34       		.uleb128 0x34
 354 0084 00       		.byte	0
 355 0085 03       		.uleb128 0x3
 356 0086 0E       		.uleb128 0xe
 357 0087 3A       		.uleb128 0x3a
 358 0088 0B       		.uleb128 0xb
 359 0089 3B       		.uleb128 0x3b
 360 008a 05       		.uleb128 0x5
 361 008b 49       		.uleb128 0x49
 362 008c 13       		.uleb128 0x13
 363 008d 3F       		.uleb128 0x3f
 364 008e 19       		.uleb128 0x19
 365 008f 3C       		.uleb128 0x3c
 366 0090 19       		.uleb128 0x19
 367 0091 00       		.byte	0
 368 0092 00       		.byte	0
 369 0093 0B       		.uleb128 0xb
 370 0094 35       		.uleb128 0x35
 371 0095 00       		.byte	0
 372 0096 49       		.uleb128 0x49
 373 0097 13       		.uleb128 0x13
 374 0098 00       		.byte	0
 375 0099 00       		.byte	0
 376 009a 0C       		.uleb128 0xc
 377 009b 2E       		.uleb128 0x2e
 378 009c 00       		.byte	0
 379 009d 3F       		.uleb128 0x3f
 380 009e 19       		.uleb128 0x19
 381 009f 3C       		.uleb128 0x3c
 382 00a0 19       		.uleb128 0x19
 383 00a1 6E       		.uleb128 0x6e
 384 00a2 0E       		.uleb128 0xe
ARM GAS  C:\Users\Fabian\AppData\Local\Temp\ccKO7zte.s 			page 8


 385 00a3 03       		.uleb128 0x3
 386 00a4 0E       		.uleb128 0xe
 387 00a5 3A       		.uleb128 0x3a
 388 00a6 0B       		.uleb128 0xb
 389 00a7 3B       		.uleb128 0x3b
 390 00a8 0B       		.uleb128 0xb
 391 00a9 00       		.byte	0
 392 00aa 00       		.byte	0
 393 00ab 00       		.byte	0
 394              		.section	.debug_aranges,"",%progbits
 395 0000 1C000000 		.4byte	0x1c
 396 0004 0200     		.2byte	0x2
 397 0006 00000000 		.4byte	.Ldebug_info0
 398 000a 04       		.byte	0x4
 399 000b 00       		.byte	0
 400 000c 0000     		.2byte	0
 401 000e 0000     		.2byte	0
 402 0010 00000000 		.4byte	.LFB63
 403 0014 24000000 		.4byte	.LFE63-.LFB63
 404 0018 00000000 		.4byte	0
 405 001c 00000000 		.4byte	0
 406              		.section	.debug_ranges,"",%progbits
 407              	.Ldebug_ranges0:
 408 0000 00000000 		.4byte	.LFB63
 409 0004 24000000 		.4byte	.LFE63
 410 0008 00000000 		.4byte	0
 411 000c 00000000 		.4byte	0
 412              		.section	.debug_line,"",%progbits
 413              	.Ldebug_line0:
 414 0000 7F010000 		.section	.debug_str,"MS",%progbits,1
 414      02005701 
 414      00000201 
 414      FB0E0D00 
 414      01010101 
 415              	.LASF6:
 416 0000 6C6F6E67 		.ascii	"long long int\000"
 416      206C6F6E 
 416      6720696E 
 416      7400
 417              	.LASF3:
 418 000e 73686F72 		.ascii	"short unsigned int\000"
 418      7420756E 
 418      7369676E 
 418      65642069 
 418      6E7400
 419              	.LASF8:
 420 0021 756E7369 		.ascii	"unsigned int\000"
 420      676E6564 
 420      20696E74 
 420      00
 421              	.LASF20:
 422 002e 6D61696E 		.ascii	"main.c\000"
 422      2E6300
 423              	.LASF22:
 424 0035 6D61696E 		.ascii	"main\000"
 424      00
 425              	.LASF19:
ARM GAS  C:\Users\Fabian\AppData\Local\Temp\ccKO7zte.s 			page 9


 426 003a 474E5520 		.ascii	"GNU C11 5.4.1 20160609 (release) [ARM/embedded-5-br"
 426      43313120 
 426      352E342E 
 426      31203230 
 426      31363036 
 427 006d 616E6368 		.ascii	"anch revision 237715] -mcpu=cortex-m3 -mthumb -g -O"
 427      20726576 
 427      6973696F 
 427      6E203233 
 427      37373135 
 428 00a0 67202D66 		.ascii	"g -ffunction-sections -ffat-lto-objects\000"
 428      66756E63 
 428      74696F6E 
 428      2D736563 
 428      74696F6E 
 429              	.LASF21:
 430 00c8 433A5C55 		.ascii	"C:\\Users\\Fabian\\OneDrive - Escuela Tecnologica I"
 430      73657273 
 430      5C466162 
 430      69616E5C 
 430      4F6E6544 
 431 00f8 6E737469 		.ascii	"nstituto Tecnico Central\\A_Microcontroladores\\Mic"
 431      7475746F 
 431      20546563 
 431      6E69636F 
 431      2043656E 
 432 0129 726F636F 		.ascii	"rocontroladores\\Sesion_5\\DAC\\DAC.cydsn\000"
 432      6E74726F 
 432      6C61646F 
 432      7265735C 
 432      53657369 
 433              	.LASF18:
 434 0150 43794465 		.ascii	"CyDelay\000"
 434      6C617900 
 435              	.LASF5:
 436 0158 6C6F6E67 		.ascii	"long unsigned int\000"
 436      20756E73 
 436      69676E65 
 436      6420696E 
 436      7400
 437              	.LASF7:
 438 016a 6C6F6E67 		.ascii	"long long unsigned int\000"
 438      206C6F6E 
 438      6720756E 
 438      7369676E 
 438      65642069 
 439              	.LASF1:
 440 0181 756E7369 		.ascii	"unsigned char\000"
 440      676E6564 
 440      20636861 
 440      7200
 441              	.LASF13:
 442 018f 63686172 		.ascii	"char\000"
 442      00
 443              	.LASF4:
 444 0194 6C6F6E67 		.ascii	"long int\000"
 444      20696E74 
ARM GAS  C:\Users\Fabian\AppData\Local\Temp\ccKO7zte.s 			page 10


 444      00
 445              	.LASF17:
 446 019d 56444143 		.ascii	"VDAC8_1_SetValue\000"
 446      385F315F 
 446      53657456 
 446      616C7565 
 446      00
 447              	.LASF12:
 448 01ae 646F7562 		.ascii	"double\000"
 448      6C6500
 449              	.LASF16:
 450 01b5 56444143 		.ascii	"VDAC8_1_Start\000"
 450      385F315F 
 450      53746172 
 450      7400
 451              	.LASF23:
 452 01c3 49544D5F 		.ascii	"ITM_RxBuffer\000"
 452      52784275 
 452      66666572 
 452      00
 453              	.LASF0:
 454 01d0 7369676E 		.ascii	"signed char\000"
 454      65642063 
 454      68617200 
 455              	.LASF15:
 456 01dc 6C6F6E67 		.ascii	"long double\000"
 456      20646F75 
 456      626C6500 
 457              	.LASF9:
 458 01e8 5F5F696E 		.ascii	"__int32_t\000"
 458      7433325F 
 458      7400
 459              	.LASF11:
 460 01f2 666C6F61 		.ascii	"float\000"
 460      7400
 461              	.LASF2:
 462 01f8 73686F72 		.ascii	"short int\000"
 462      7420696E 
 462      7400
 463              	.LASF10:
 464 0202 696E7433 		.ascii	"int32_t\000"
 464      325F7400 
 465              	.LASF14:
 466 020a 73697A65 		.ascii	"sizetype\000"
 466      74797065 
 466      00
 467              		.ident	"GCC: (GNU Tools for ARM Embedded Processors) 5.4.1 20160609 (release) [ARM/embedded-5-bran
