ARM GAS  C:\Users\Fabian\AppData\Local\Temp\ccOzcdgB.s 			page 1


   1              		.syntax unified
   2              		.cpu cortex-m3
   3              		.fpu softvfp
   4              		.eabi_attribute 20, 1
   5              		.eabi_attribute 21, 1
   6              		.eabi_attribute 23, 3
   7              		.eabi_attribute 24, 1
   8              		.eabi_attribute 25, 1
   9              		.eabi_attribute 26, 1
  10              		.eabi_attribute 30, 1
  11              		.eabi_attribute 34, 1
  12              		.eabi_attribute 18, 4
  13              		.thumb
  14              		.syntax unified
  15              		.file	"main.c"
  16              		.text
  17              	.Ltext0:
  18              		.cfi_sections	.debug_frame
  19              		.section	.text.isr_1_Handler,"ax",%progbits
  20              		.align	2
  21              		.global	isr_1_Handler
  22              		.thumb
  23              		.thumb_func
  24              		.type	isr_1_Handler, %function
  25              	isr_1_Handler:
  26              	.LFB63:
  27              		.file 1 "main.c"
   1:main.c        **** 
   2:main.c        **** #include "project.h"
   3:main.c        **** 
   4:main.c        **** int conteo=0;
   5:main.c        **** CY_ISR(isr_1_Handler)
   6:main.c        **** {
  28              		.loc 1 6 0
  29              		.cfi_startproc
  30              		@ args = 0, pretend = 0, frame = 0
  31              		@ frame_needed = 0, uses_anonymous_args = 0
  32 0000 08B5     		push	{r3, lr}
  33              		.cfi_def_cfa_offset 8
  34              		.cfi_offset 3, -8
  35              		.cfi_offset 14, -4
   7:main.c        ****     CyDelay(100);
  36              		.loc 1 7 0
  37 0002 6420     		movs	r0, #100
  38 0004 FFF7FEFF 		bl	CyDelay
  39              	.LVL0:
   8:main.c        ****     LED_Write(~LED_Read());
  40              		.loc 1 8 0
  41 0008 FFF7FEFF 		bl	LED_Read
  42              	.LVL1:
  43 000c C043     		mvns	r0, r0
  44 000e C0B2     		uxtb	r0, r0
  45 0010 FFF7FEFF 		bl	LED_Write
  46              	.LVL2:
   9:main.c        ****     BOTON_ClearInterrupt();
  47              		.loc 1 9 0
  48 0014 FFF7FEFF 		bl	BOTON_ClearInterrupt
ARM GAS  C:\Users\Fabian\AppData\Local\Temp\ccOzcdgB.s 			page 2


  49              	.LVL3:
  10:main.c        ****     conteo++;
  50              		.loc 1 10 0
  51 0018 024A     		ldr	r2, .L3
  52 001a 1368     		ldr	r3, [r2]
  53 001c 0133     		adds	r3, r3, #1
  54 001e 1360     		str	r3, [r2]
  55 0020 08BD     		pop	{r3, pc}
  56              	.L4:
  57 0022 00BF     		.align	2
  58              	.L3:
  59 0024 00000000 		.word	.LANCHOR0
  60              		.cfi_endproc
  61              	.LFE63:
  62              		.size	isr_1_Handler, .-isr_1_Handler
  63              		.section	.text.main,"ax",%progbits
  64              		.align	2
  65              		.global	main
  66              		.thumb
  67              		.thumb_func
  68              		.type	main, %function
  69              	main:
  70              	.LFB64:
  11:main.c        **** }
  12:main.c        **** 
  13:main.c        **** 
  14:main.c        **** int main(void)
  15:main.c        **** {
  71              		.loc 1 15 0
  72              		.cfi_startproc
  73              		@ Volatile: function does not return.
  74              		@ args = 0, pretend = 0, frame = 0
  75              		@ frame_needed = 0, uses_anonymous_args = 0
  76 0000 08B5     		push	{r3, lr}
  77              		.cfi_def_cfa_offset 8
  78              		.cfi_offset 3, -8
  79              		.cfi_offset 14, -4
  16:main.c        ****     CyGlobalIntEnable; 
  80              		.loc 1 16 0
  81              		.syntax unified
  82              	@ 16 "main.c" 1
  83 0002 62B6     		CPSIE   i
  84              	@ 0 "" 2
  17:main.c        **** 
  18:main.c        ****     isr_1_StartEx(isr_1_Handler);
  85              		.loc 1 18 0
  86              		.thumb
  87              		.syntax unified
  88 0004 0148     		ldr	r0, .L8
  89 0006 FFF7FEFF 		bl	isr_1_StartEx
  90              	.LVL4:
  91              	.L6:
  92 000a FEE7     		b	.L6
  93              	.L9:
  94              		.align	2
  95              	.L8:
  96 000c 00000000 		.word	isr_1_Handler
ARM GAS  C:\Users\Fabian\AppData\Local\Temp\ccOzcdgB.s 			page 3


  97              		.cfi_endproc
  98              	.LFE64:
  99              		.size	main, .-main
 100              		.global	conteo
 101              		.bss
 102              		.align	2
 103              		.set	.LANCHOR0,. + 0
 104              		.type	conteo, %object
 105              		.size	conteo, 4
 106              	conteo:
 107 0000 00000000 		.space	4
 108              		.text
 109              	.Letext0:
 110              		.file 2 "c:\\program files (x86)\\cypress\\psoc creator\\4.4\\psoc creator\\import\\gnu\\arm\\5.4.
 111              		.file 3 "c:\\program files (x86)\\cypress\\psoc creator\\4.4\\psoc creator\\import\\gnu\\arm\\5.4.
 112              		.file 4 "Generated_Source\\PSoC5/core_cm3.h"
 113              		.file 5 "Generated_Source\\PSoC5/CyLib.h"
 114              		.file 6 "Generated_Source\\PSoC5/LED.h"
 115              		.file 7 "Generated_Source\\PSoC5/BOTON.h"
 116              		.file 8 "Generated_Source\\PSoC5/isr_1.h"
 117              		.section	.debug_info,"",%progbits
 118              	.Ldebug_info0:
 119 0000 6C010000 		.4byte	0x16c
 120 0004 0400     		.2byte	0x4
 121 0006 00000000 		.4byte	.Ldebug_abbrev0
 122 000a 04       		.byte	0x4
 123 000b 01       		.uleb128 0x1
 124 000c 56000000 		.4byte	.LASF23
 125 0010 0C       		.byte	0xc
 126 0011 4A000000 		.4byte	.LASF24
 127 0015 67010000 		.4byte	.LASF25
 128 0019 00000000 		.4byte	.Ldebug_ranges0+0
 129 001d 00000000 		.4byte	0
 130 0021 00000000 		.4byte	.Ldebug_line0
 131 0025 02       		.uleb128 0x2
 132 0026 01       		.byte	0x1
 133 0027 06       		.byte	0x6
 134 0028 12020000 		.4byte	.LASF0
 135 002c 02       		.uleb128 0x2
 136 002d 01       		.byte	0x1
 137 002e 08       		.byte	0x8
 138 002f 28010000 		.4byte	.LASF1
 139 0033 02       		.uleb128 0x2
 140 0034 02       		.byte	0x2
 141 0035 05       		.byte	0x5
 142 0036 3A020000 		.4byte	.LASF2
 143 003a 02       		.uleb128 0x2
 144 003b 02       		.byte	0x2
 145 003c 07       		.byte	0x7
 146 003d 0E000000 		.4byte	.LASF3
 147 0041 03       		.uleb128 0x3
 148 0042 2A020000 		.4byte	.LASF9
 149 0046 02       		.byte	0x2
 150 0047 3F       		.byte	0x3f
 151 0048 4C000000 		.4byte	0x4c
 152 004c 02       		.uleb128 0x2
 153 004d 04       		.byte	0x4
ARM GAS  C:\Users\Fabian\AppData\Local\Temp\ccOzcdgB.s 			page 4


 154 004e 05       		.byte	0x5
 155 004f 5E010000 		.4byte	.LASF4
 156 0053 02       		.uleb128 0x2
 157 0054 04       		.byte	0x4
 158 0055 07       		.byte	0x7
 159 0056 F6000000 		.4byte	.LASF5
 160 005a 02       		.uleb128 0x2
 161 005b 08       		.byte	0x8
 162 005c 05       		.byte	0x5
 163 005d 00000000 		.4byte	.LASF6
 164 0061 02       		.uleb128 0x2
 165 0062 08       		.byte	0x8
 166 0063 07       		.byte	0x7
 167 0064 08010000 		.4byte	.LASF7
 168 0068 04       		.uleb128 0x4
 169 0069 04       		.byte	0x4
 170 006a 05       		.byte	0x5
 171 006b 696E7400 		.ascii	"int\000"
 172 006f 02       		.uleb128 0x2
 173 0070 04       		.byte	0x4
 174 0071 07       		.byte	0x7
 175 0072 28000000 		.4byte	.LASF8
 176 0076 03       		.uleb128 0x3
 177 0077 44020000 		.4byte	.LASF10
 178 007b 03       		.byte	0x3
 179 007c 2C       		.byte	0x2c
 180 007d 41000000 		.4byte	0x41
 181 0081 02       		.uleb128 0x2
 182 0082 04       		.byte	0x4
 183 0083 04       		.byte	0x4
 184 0084 34020000 		.4byte	.LASF11
 185 0088 02       		.uleb128 0x2
 186 0089 08       		.byte	0x8
 187 008a 04       		.byte	0x4
 188 008b 57010000 		.4byte	.LASF12
 189 008f 02       		.uleb128 0x2
 190 0090 01       		.byte	0x1
 191 0091 08       		.byte	0x8
 192 0092 44010000 		.4byte	.LASF13
 193 0096 02       		.uleb128 0x2
 194 0097 04       		.byte	0x4
 195 0098 07       		.byte	0x7
 196 0099 4C020000 		.4byte	.LASF14
 197 009d 02       		.uleb128 0x2
 198 009e 08       		.byte	0x8
 199 009f 04       		.byte	0x4
 200 00a0 1E020000 		.4byte	.LASF15
 201 00a4 05       		.uleb128 0x5
 202 00a5 36010000 		.4byte	.LASF26
 203 00a9 01       		.byte	0x1
 204 00aa 05       		.byte	0x5
 205 00ab 00000000 		.4byte	.LFB63
 206 00af 28000000 		.4byte	.LFE63-.LFB63
 207 00b3 01       		.uleb128 0x1
 208 00b4 9C       		.byte	0x9c
 209 00b5 E9000000 		.4byte	0xe9
 210 00b9 06       		.uleb128 0x6
ARM GAS  C:\Users\Fabian\AppData\Local\Temp\ccOzcdgB.s 			page 5


 211 00ba 08000000 		.4byte	.LVL0
 212 00be 38010000 		.4byte	0x138
 213 00c2 CD000000 		.4byte	0xcd
 214 00c6 07       		.uleb128 0x7
 215 00c7 01       		.uleb128 0x1
 216 00c8 50       		.byte	0x50
 217 00c9 02       		.uleb128 0x2
 218 00ca 08       		.byte	0x8
 219 00cb 64       		.byte	0x64
 220 00cc 00       		.byte	0
 221 00cd 08       		.uleb128 0x8
 222 00ce 0C000000 		.4byte	.LVL1
 223 00d2 43010000 		.4byte	0x143
 224 00d6 08       		.uleb128 0x8
 225 00d7 14000000 		.4byte	.LVL2
 226 00db 4E010000 		.4byte	0x14e
 227 00df 08       		.uleb128 0x8
 228 00e0 18000000 		.4byte	.LVL3
 229 00e4 59010000 		.4byte	0x159
 230 00e8 00       		.byte	0
 231 00e9 09       		.uleb128 0x9
 232 00ea 51000000 		.4byte	.LASF27
 233 00ee 01       		.byte	0x1
 234 00ef 0E       		.byte	0xe
 235 00f0 68000000 		.4byte	0x68
 236 00f4 00000000 		.4byte	.LFB64
 237 00f8 10000000 		.4byte	.LFE64-.LFB64
 238 00fc 01       		.uleb128 0x1
 239 00fd 9C       		.byte	0x9c
 240 00fe 16010000 		.4byte	0x116
 241 0102 0A       		.uleb128 0xa
 242 0103 0A000000 		.4byte	.LVL4
 243 0107 64010000 		.4byte	0x164
 244 010b 07       		.uleb128 0x7
 245 010c 01       		.uleb128 0x1
 246 010d 50       		.byte	0x50
 247 010e 05       		.uleb128 0x5
 248 010f 03       		.byte	0x3
 249 0110 00000000 		.4byte	isr_1_Handler
 250 0114 00       		.byte	0
 251 0115 00       		.byte	0
 252 0116 0B       		.uleb128 0xb
 253 0117 05020000 		.4byte	.LASF16
 254 011b 04       		.byte	0x4
 255 011c 1207     		.2byte	0x712
 256 011e 22010000 		.4byte	0x122
 257 0122 0C       		.uleb128 0xc
 258 0123 76000000 		.4byte	0x76
 259 0127 0D       		.uleb128 0xd
 260 0128 21000000 		.4byte	.LASF17
 261 012c 01       		.byte	0x1
 262 012d 04       		.byte	0x4
 263 012e 68000000 		.4byte	0x68
 264 0132 05       		.uleb128 0x5
 265 0133 03       		.byte	0x3
 266 0134 00000000 		.4byte	conteo
 267 0138 0E       		.uleb128 0xe
ARM GAS  C:\Users\Fabian\AppData\Local\Temp\ccOzcdgB.s 			page 6


 268 0139 E4000000 		.4byte	.LASF18
 269 013d E4000000 		.4byte	.LASF18
 270 0141 05       		.byte	0x5
 271 0142 76       		.byte	0x76
 272 0143 0E       		.uleb128 0xe
 273 0144 1F010000 		.4byte	.LASF19
 274 0148 1F010000 		.4byte	.LASF19
 275 014c 06       		.byte	0x6
 276 014d 29       		.byte	0x29
 277 014e 0E       		.uleb128 0xe
 278 014f EC000000 		.4byte	.LASF20
 279 0153 EC000000 		.4byte	.LASF20
 280 0157 06       		.byte	0x6
 281 0158 26       		.byte	0x26
 282 0159 0E       		.uleb128 0xe
 283 015a 35000000 		.4byte	.LASF21
 284 015e 35000000 		.4byte	.LASF21
 285 0162 07       		.byte	0x7
 286 0163 2B       		.byte	0x2b
 287 0164 0E       		.uleb128 0xe
 288 0165 49010000 		.4byte	.LASF22
 289 0169 49010000 		.4byte	.LASF22
 290 016d 08       		.byte	0x8
 291 016e 18       		.byte	0x18
 292 016f 00       		.byte	0
 293              		.section	.debug_abbrev,"",%progbits
 294              	.Ldebug_abbrev0:
 295 0000 01       		.uleb128 0x1
 296 0001 11       		.uleb128 0x11
 297 0002 01       		.byte	0x1
 298 0003 25       		.uleb128 0x25
 299 0004 0E       		.uleb128 0xe
 300 0005 13       		.uleb128 0x13
 301 0006 0B       		.uleb128 0xb
 302 0007 03       		.uleb128 0x3
 303 0008 0E       		.uleb128 0xe
 304 0009 1B       		.uleb128 0x1b
 305 000a 0E       		.uleb128 0xe
 306 000b 55       		.uleb128 0x55
 307 000c 17       		.uleb128 0x17
 308 000d 11       		.uleb128 0x11
 309 000e 01       		.uleb128 0x1
 310 000f 10       		.uleb128 0x10
 311 0010 17       		.uleb128 0x17
 312 0011 00       		.byte	0
 313 0012 00       		.byte	0
 314 0013 02       		.uleb128 0x2
 315 0014 24       		.uleb128 0x24
 316 0015 00       		.byte	0
 317 0016 0B       		.uleb128 0xb
 318 0017 0B       		.uleb128 0xb
 319 0018 3E       		.uleb128 0x3e
 320 0019 0B       		.uleb128 0xb
 321 001a 03       		.uleb128 0x3
 322 001b 0E       		.uleb128 0xe
 323 001c 00       		.byte	0
 324 001d 00       		.byte	0
ARM GAS  C:\Users\Fabian\AppData\Local\Temp\ccOzcdgB.s 			page 7


 325 001e 03       		.uleb128 0x3
 326 001f 16       		.uleb128 0x16
 327 0020 00       		.byte	0
 328 0021 03       		.uleb128 0x3
 329 0022 0E       		.uleb128 0xe
 330 0023 3A       		.uleb128 0x3a
 331 0024 0B       		.uleb128 0xb
 332 0025 3B       		.uleb128 0x3b
 333 0026 0B       		.uleb128 0xb
 334 0027 49       		.uleb128 0x49
 335 0028 13       		.uleb128 0x13
 336 0029 00       		.byte	0
 337 002a 00       		.byte	0
 338 002b 04       		.uleb128 0x4
 339 002c 24       		.uleb128 0x24
 340 002d 00       		.byte	0
 341 002e 0B       		.uleb128 0xb
 342 002f 0B       		.uleb128 0xb
 343 0030 3E       		.uleb128 0x3e
 344 0031 0B       		.uleb128 0xb
 345 0032 03       		.uleb128 0x3
 346 0033 08       		.uleb128 0x8
 347 0034 00       		.byte	0
 348 0035 00       		.byte	0
 349 0036 05       		.uleb128 0x5
 350 0037 2E       		.uleb128 0x2e
 351 0038 01       		.byte	0x1
 352 0039 3F       		.uleb128 0x3f
 353 003a 19       		.uleb128 0x19
 354 003b 03       		.uleb128 0x3
 355 003c 0E       		.uleb128 0xe
 356 003d 3A       		.uleb128 0x3a
 357 003e 0B       		.uleb128 0xb
 358 003f 3B       		.uleb128 0x3b
 359 0040 0B       		.uleb128 0xb
 360 0041 27       		.uleb128 0x27
 361 0042 19       		.uleb128 0x19
 362 0043 11       		.uleb128 0x11
 363 0044 01       		.uleb128 0x1
 364 0045 12       		.uleb128 0x12
 365 0046 06       		.uleb128 0x6
 366 0047 40       		.uleb128 0x40
 367 0048 18       		.uleb128 0x18
 368 0049 9742     		.uleb128 0x2117
 369 004b 19       		.uleb128 0x19
 370 004c 01       		.uleb128 0x1
 371 004d 13       		.uleb128 0x13
 372 004e 00       		.byte	0
 373 004f 00       		.byte	0
 374 0050 06       		.uleb128 0x6
 375 0051 898201   		.uleb128 0x4109
 376 0054 01       		.byte	0x1
 377 0055 11       		.uleb128 0x11
 378 0056 01       		.uleb128 0x1
 379 0057 31       		.uleb128 0x31
 380 0058 13       		.uleb128 0x13
 381 0059 01       		.uleb128 0x1
ARM GAS  C:\Users\Fabian\AppData\Local\Temp\ccOzcdgB.s 			page 8


 382 005a 13       		.uleb128 0x13
 383 005b 00       		.byte	0
 384 005c 00       		.byte	0
 385 005d 07       		.uleb128 0x7
 386 005e 8A8201   		.uleb128 0x410a
 387 0061 00       		.byte	0
 388 0062 02       		.uleb128 0x2
 389 0063 18       		.uleb128 0x18
 390 0064 9142     		.uleb128 0x2111
 391 0066 18       		.uleb128 0x18
 392 0067 00       		.byte	0
 393 0068 00       		.byte	0
 394 0069 08       		.uleb128 0x8
 395 006a 898201   		.uleb128 0x4109
 396 006d 00       		.byte	0
 397 006e 11       		.uleb128 0x11
 398 006f 01       		.uleb128 0x1
 399 0070 31       		.uleb128 0x31
 400 0071 13       		.uleb128 0x13
 401 0072 00       		.byte	0
 402 0073 00       		.byte	0
 403 0074 09       		.uleb128 0x9
 404 0075 2E       		.uleb128 0x2e
 405 0076 01       		.byte	0x1
 406 0077 3F       		.uleb128 0x3f
 407 0078 19       		.uleb128 0x19
 408 0079 03       		.uleb128 0x3
 409 007a 0E       		.uleb128 0xe
 410 007b 3A       		.uleb128 0x3a
 411 007c 0B       		.uleb128 0xb
 412 007d 3B       		.uleb128 0x3b
 413 007e 0B       		.uleb128 0xb
 414 007f 27       		.uleb128 0x27
 415 0080 19       		.uleb128 0x19
 416 0081 49       		.uleb128 0x49
 417 0082 13       		.uleb128 0x13
 418 0083 8701     		.uleb128 0x87
 419 0085 19       		.uleb128 0x19
 420 0086 11       		.uleb128 0x11
 421 0087 01       		.uleb128 0x1
 422 0088 12       		.uleb128 0x12
 423 0089 06       		.uleb128 0x6
 424 008a 40       		.uleb128 0x40
 425 008b 18       		.uleb128 0x18
 426 008c 9742     		.uleb128 0x2117
 427 008e 19       		.uleb128 0x19
 428 008f 01       		.uleb128 0x1
 429 0090 13       		.uleb128 0x13
 430 0091 00       		.byte	0
 431 0092 00       		.byte	0
 432 0093 0A       		.uleb128 0xa
 433 0094 898201   		.uleb128 0x4109
 434 0097 01       		.byte	0x1
 435 0098 11       		.uleb128 0x11
 436 0099 01       		.uleb128 0x1
 437 009a 31       		.uleb128 0x31
 438 009b 13       		.uleb128 0x13
ARM GAS  C:\Users\Fabian\AppData\Local\Temp\ccOzcdgB.s 			page 9


 439 009c 00       		.byte	0
 440 009d 00       		.byte	0
 441 009e 0B       		.uleb128 0xb
 442 009f 34       		.uleb128 0x34
 443 00a0 00       		.byte	0
 444 00a1 03       		.uleb128 0x3
 445 00a2 0E       		.uleb128 0xe
 446 00a3 3A       		.uleb128 0x3a
 447 00a4 0B       		.uleb128 0xb
 448 00a5 3B       		.uleb128 0x3b
 449 00a6 05       		.uleb128 0x5
 450 00a7 49       		.uleb128 0x49
 451 00a8 13       		.uleb128 0x13
 452 00a9 3F       		.uleb128 0x3f
 453 00aa 19       		.uleb128 0x19
 454 00ab 3C       		.uleb128 0x3c
 455 00ac 19       		.uleb128 0x19
 456 00ad 00       		.byte	0
 457 00ae 00       		.byte	0
 458 00af 0C       		.uleb128 0xc
 459 00b0 35       		.uleb128 0x35
 460 00b1 00       		.byte	0
 461 00b2 49       		.uleb128 0x49
 462 00b3 13       		.uleb128 0x13
 463 00b4 00       		.byte	0
 464 00b5 00       		.byte	0
 465 00b6 0D       		.uleb128 0xd
 466 00b7 34       		.uleb128 0x34
 467 00b8 00       		.byte	0
 468 00b9 03       		.uleb128 0x3
 469 00ba 0E       		.uleb128 0xe
 470 00bb 3A       		.uleb128 0x3a
 471 00bc 0B       		.uleb128 0xb
 472 00bd 3B       		.uleb128 0x3b
 473 00be 0B       		.uleb128 0xb
 474 00bf 49       		.uleb128 0x49
 475 00c0 13       		.uleb128 0x13
 476 00c1 3F       		.uleb128 0x3f
 477 00c2 19       		.uleb128 0x19
 478 00c3 02       		.uleb128 0x2
 479 00c4 18       		.uleb128 0x18
 480 00c5 00       		.byte	0
 481 00c6 00       		.byte	0
 482 00c7 0E       		.uleb128 0xe
 483 00c8 2E       		.uleb128 0x2e
 484 00c9 00       		.byte	0
 485 00ca 3F       		.uleb128 0x3f
 486 00cb 19       		.uleb128 0x19
 487 00cc 3C       		.uleb128 0x3c
 488 00cd 19       		.uleb128 0x19
 489 00ce 6E       		.uleb128 0x6e
 490 00cf 0E       		.uleb128 0xe
 491 00d0 03       		.uleb128 0x3
 492 00d1 0E       		.uleb128 0xe
 493 00d2 3A       		.uleb128 0x3a
 494 00d3 0B       		.uleb128 0xb
 495 00d4 3B       		.uleb128 0x3b
ARM GAS  C:\Users\Fabian\AppData\Local\Temp\ccOzcdgB.s 			page 10


 496 00d5 0B       		.uleb128 0xb
 497 00d6 00       		.byte	0
 498 00d7 00       		.byte	0
 499 00d8 00       		.byte	0
 500              		.section	.debug_aranges,"",%progbits
 501 0000 24000000 		.4byte	0x24
 502 0004 0200     		.2byte	0x2
 503 0006 00000000 		.4byte	.Ldebug_info0
 504 000a 04       		.byte	0x4
 505 000b 00       		.byte	0
 506 000c 0000     		.2byte	0
 507 000e 0000     		.2byte	0
 508 0010 00000000 		.4byte	.LFB63
 509 0014 28000000 		.4byte	.LFE63-.LFB63
 510 0018 00000000 		.4byte	.LFB64
 511 001c 10000000 		.4byte	.LFE64-.LFB64
 512 0020 00000000 		.4byte	0
 513 0024 00000000 		.4byte	0
 514              		.section	.debug_ranges,"",%progbits
 515              	.Ldebug_ranges0:
 516 0000 00000000 		.4byte	.LFB63
 517 0004 28000000 		.4byte	.LFE63
 518 0008 00000000 		.4byte	.LFB64
 519 000c 10000000 		.4byte	.LFE64
 520 0010 00000000 		.4byte	0
 521 0014 00000000 		.4byte	0
 522              		.section	.debug_line,"",%progbits
 523              	.Ldebug_line0:
 524 0000 91010000 		.section	.debug_str,"MS",%progbits,1
 524      02006901 
 524      00000201 
 524      FB0E0D00 
 524      01010101 
 525              	.LASF6:
 526 0000 6C6F6E67 		.ascii	"long long int\000"
 526      206C6F6E 
 526      6720696E 
 526      7400
 527              	.LASF3:
 528 000e 73686F72 		.ascii	"short unsigned int\000"
 528      7420756E 
 528      7369676E 
 528      65642069 
 528      6E7400
 529              	.LASF17:
 530 0021 636F6E74 		.ascii	"conteo\000"
 530      656F00
 531              	.LASF8:
 532 0028 756E7369 		.ascii	"unsigned int\000"
 532      676E6564 
 532      20696E74 
 532      00
 533              	.LASF21:
 534 0035 424F544F 		.ascii	"BOTON_ClearInterrupt\000"
 534      4E5F436C 
 534      65617249 
 534      6E746572 
ARM GAS  C:\Users\Fabian\AppData\Local\Temp\ccOzcdgB.s 			page 11


 534      72757074 
 535              	.LASF24:
 536 004a 6D61696E 		.ascii	"main.c\000"
 536      2E6300
 537              	.LASF27:
 538 0051 6D61696E 		.ascii	"main\000"
 538      00
 539              	.LASF23:
 540 0056 474E5520 		.ascii	"GNU C11 5.4.1 20160609 (release) [ARM/embedded-5-br"
 540      43313120 
 540      352E342E 
 540      31203230 
 540      31363036 
 541 0089 616E6368 		.ascii	"anch revision 237715] -mcpu=cortex-m3 -mthumb -g -O"
 541      20726576 
 541      6973696F 
 541      6E203233 
 541      37373135 
 542 00bc 67202D66 		.ascii	"g -ffunction-sections -ffat-lto-objects\000"
 542      66756E63 
 542      74696F6E 
 542      2D736563 
 542      74696F6E 
 543              	.LASF18:
 544 00e4 43794465 		.ascii	"CyDelay\000"
 544      6C617900 
 545              	.LASF20:
 546 00ec 4C45445F 		.ascii	"LED_Write\000"
 546      57726974 
 546      6500
 547              	.LASF5:
 548 00f6 6C6F6E67 		.ascii	"long unsigned int\000"
 548      20756E73 
 548      69676E65 
 548      6420696E 
 548      7400
 549              	.LASF7:
 550 0108 6C6F6E67 		.ascii	"long long unsigned int\000"
 550      206C6F6E 
 550      6720756E 
 550      7369676E 
 550      65642069 
 551              	.LASF19:
 552 011f 4C45445F 		.ascii	"LED_Read\000"
 552      52656164 
 552      00
 553              	.LASF1:
 554 0128 756E7369 		.ascii	"unsigned char\000"
 554      676E6564 
 554      20636861 
 554      7200
 555              	.LASF26:
 556 0136 6973725F 		.ascii	"isr_1_Handler\000"
 556      315F4861 
 556      6E646C65 
 556      7200
 557              	.LASF13:
ARM GAS  C:\Users\Fabian\AppData\Local\Temp\ccOzcdgB.s 			page 12


 558 0144 63686172 		.ascii	"char\000"
 558      00
 559              	.LASF22:
 560 0149 6973725F 		.ascii	"isr_1_StartEx\000"
 560      315F5374 
 560      61727445 
 560      7800
 561              	.LASF12:
 562 0157 646F7562 		.ascii	"double\000"
 562      6C6500
 563              	.LASF4:
 564 015e 6C6F6E67 		.ascii	"long int\000"
 564      20696E74 
 564      00
 565              	.LASF25:
 566 0167 433A5C55 		.ascii	"C:\\Users\\Fabian\\OneDrive - Escuela Tecnologica I"
 566      73657273 
 566      5C466162 
 566      69616E5C 
 566      4F6E6544 
 567 0197 6E737469 		.ascii	"nstituto Tecnico Central\\A_Microcontroladores\\Mic"
 567      7475746F 
 567      20546563 
 567      6E69636F 
 567      2043656E 
 568 01c8 726F636F 		.ascii	"rocontroladores\\Sesion_3\\Interrupciones\\Interrup"
 568      6E74726F 
 568      6C61646F 
 568      7265735C 
 568      53657369 
 569 01f8 63696F6E 		.ascii	"ciones.cydsn\000"
 569      65732E63 
 569      7964736E 
 569      00
 570              	.LASF16:
 571 0205 49544D5F 		.ascii	"ITM_RxBuffer\000"
 571      52784275 
 571      66666572 
 571      00
 572              	.LASF0:
 573 0212 7369676E 		.ascii	"signed char\000"
 573      65642063 
 573      68617200 
 574              	.LASF15:
 575 021e 6C6F6E67 		.ascii	"long double\000"
 575      20646F75 
 575      626C6500 
 576              	.LASF9:
 577 022a 5F5F696E 		.ascii	"__int32_t\000"
 577      7433325F 
 577      7400
 578              	.LASF11:
 579 0234 666C6F61 		.ascii	"float\000"
 579      7400
 580              	.LASF2:
 581 023a 73686F72 		.ascii	"short int\000"
 581      7420696E 
ARM GAS  C:\Users\Fabian\AppData\Local\Temp\ccOzcdgB.s 			page 13


 581      7400
 582              	.LASF10:
 583 0244 696E7433 		.ascii	"int32_t\000"
 583      325F7400 
 584              	.LASF14:
 585 024c 73697A65 		.ascii	"sizetype\000"
 585      74797065 
 585      00
 586              		.ident	"GCC: (GNU Tools for ARM Embedded Processors) 5.4.1 20160609 (release) [ARM/embedded-5-bran
