ARM GAS  C:\Users\Fabian\AppData\Local\Temp\ccUeaTO5.s 			page 1


   1              		.syntax unified
   2              		.cpu cortex-m3
   3              		.fpu softvfp
   4              		.eabi_attribute 20, 1
   5              		.eabi_attribute 21, 1
   6              		.eabi_attribute 23, 3
   7              		.eabi_attribute 24, 1
   8              		.eabi_attribute 25, 1
   9              		.eabi_attribute 26, 1
  10              		.eabi_attribute 30, 1
  11              		.eabi_attribute 34, 1
  12              		.eabi_attribute 18, 4
  13              		.thumb
  14              		.syntax unified
  15              		.file	"main.c"
  16              		.text
  17              	.Ltext0:
  18              		.cfi_sections	.debug_frame
  19              		.section	.text.main,"ax",%progbits
  20              		.align	2
  21              		.global	main
  22              		.thumb
  23              		.thumb_func
  24              		.type	main, %function
  25              	main:
  26              	.LFB63:
  27              		.file 1 "main.c"
   1:main.c        **** 
   2:main.c        **** #include "project.h"
   3:main.c        **** 
   4:main.c        **** int main(void)
   5:main.c        **** {
  28              		.loc 1 5 0
  29              		.cfi_startproc
  30              		@ Volatile: function does not return.
  31              		@ args = 0, pretend = 0, frame = 0
  32              		@ frame_needed = 0, uses_anonymous_args = 0
  33 0000 08B5     		push	{r3, lr}
  34              		.cfi_def_cfa_offset 8
  35              		.cfi_offset 3, -8
  36              		.cfi_offset 14, -4
   6:main.c        ****     CyGlobalIntEnable; 
  37              		.loc 1 6 0
  38              		.syntax unified
  39              	@ 6 "main.c" 1
  40 0002 62B6     		CPSIE   i
  41              	@ 0 "" 2
  42              		.thumb
  43              		.syntax unified
  44              	.L2:
   7:main.c        ****     for(;;)
   8:main.c        ****     {
   9:main.c        ****         LED_Write(BOTON_Read());
  45              		.loc 1 9 0 discriminator 1
  46 0004 FFF7FEFF 		bl	BOTON_Read
  47              	.LVL0:
  48 0008 FFF7FEFF 		bl	LED_Write
ARM GAS  C:\Users\Fabian\AppData\Local\Temp\ccUeaTO5.s 			page 2


  49              	.LVL1:
  50 000c FAE7     		b	.L2
  51              		.cfi_endproc
  52              	.LFE63:
  53              		.size	main, .-main
  54 000e 00BF     		.text
  55              	.Letext0:
  56              		.file 2 "c:\\program files (x86)\\cypress\\psoc creator\\4.4\\psoc creator\\import\\gnu\\arm\\5.4.
  57              		.file 3 "c:\\program files (x86)\\cypress\\psoc creator\\4.4\\psoc creator\\import\\gnu\\arm\\5.4.
  58              		.file 4 "Generated_Source\\PSoC5/BOTON.h"
  59              		.file 5 "Generated_Source\\PSoC5/LED.h"
  60              		.file 6 "Generated_Source\\PSoC5/core_cm3.h"
  61              		.section	.debug_info,"",%progbits
  62              	.Ldebug_info0:
  63 0000 F4000000 		.4byte	0xf4
  64 0004 0400     		.2byte	0x4
  65 0006 00000000 		.4byte	.Ldebug_abbrev0
  66 000a 04       		.byte	0x4
  67 000b 01       		.uleb128 0x1
  68 000c 45000000 		.4byte	.LASF18
  69 0010 0C       		.byte	0xc
  70 0011 2E000000 		.4byte	.LASF19
  71 0015 19010000 		.4byte	.LASF20
  72 0019 00000000 		.4byte	.Ldebug_ranges0+0
  73 001d 00000000 		.4byte	0
  74 0021 00000000 		.4byte	.Ldebug_line0
  75 0025 02       		.uleb128 0x2
  76 0026 01       		.byte	0x1
  77 0027 06       		.byte	0x6
  78 0028 CA010000 		.4byte	.LASF0
  79 002c 02       		.uleb128 0x2
  80 002d 01       		.byte	0x1
  81 002e 08       		.byte	0x8
  82 002f 06010000 		.4byte	.LASF1
  83 0033 02       		.uleb128 0x2
  84 0034 02       		.byte	0x2
  85 0035 05       		.byte	0x5
  86 0036 F2010000 		.4byte	.LASF2
  87 003a 02       		.uleb128 0x2
  88 003b 02       		.byte	0x2
  89 003c 07       		.byte	0x7
  90 003d 0E000000 		.4byte	.LASF3
  91 0041 03       		.uleb128 0x3
  92 0042 E2010000 		.4byte	.LASF9
  93 0046 02       		.byte	0x2
  94 0047 3F       		.byte	0x3f
  95 0048 4C000000 		.4byte	0x4c
  96 004c 02       		.uleb128 0x2
  97 004d 04       		.byte	0x4
  98 004e 05       		.byte	0x5
  99 004f B4010000 		.4byte	.LASF4
 100 0053 02       		.uleb128 0x2
 101 0054 04       		.byte	0x4
 102 0055 07       		.byte	0x7
 103 0056 DD000000 		.4byte	.LASF5
 104 005a 02       		.uleb128 0x2
 105 005b 08       		.byte	0x8
ARM GAS  C:\Users\Fabian\AppData\Local\Temp\ccUeaTO5.s 			page 3


 106 005c 05       		.byte	0x5
 107 005d 00000000 		.4byte	.LASF6
 108 0061 02       		.uleb128 0x2
 109 0062 08       		.byte	0x8
 110 0063 07       		.byte	0x7
 111 0064 EF000000 		.4byte	.LASF7
 112 0068 04       		.uleb128 0x4
 113 0069 04       		.byte	0x4
 114 006a 05       		.byte	0x5
 115 006b 696E7400 		.ascii	"int\000"
 116 006f 02       		.uleb128 0x2
 117 0070 04       		.byte	0x4
 118 0071 07       		.byte	0x7
 119 0072 21000000 		.4byte	.LASF8
 120 0076 03       		.uleb128 0x3
 121 0077 FC010000 		.4byte	.LASF10
 122 007b 03       		.byte	0x3
 123 007c 2C       		.byte	0x2c
 124 007d 41000000 		.4byte	0x41
 125 0081 02       		.uleb128 0x2
 126 0082 04       		.byte	0x4
 127 0083 04       		.byte	0x4
 128 0084 EC010000 		.4byte	.LASF11
 129 0088 02       		.uleb128 0x2
 130 0089 08       		.byte	0x8
 131 008a 04       		.byte	0x4
 132 008b AD010000 		.4byte	.LASF12
 133 008f 02       		.uleb128 0x2
 134 0090 01       		.byte	0x1
 135 0091 08       		.byte	0x8
 136 0092 14010000 		.4byte	.LASF13
 137 0096 02       		.uleb128 0x2
 138 0097 04       		.byte	0x4
 139 0098 07       		.byte	0x7
 140 0099 04020000 		.4byte	.LASF14
 141 009d 02       		.uleb128 0x2
 142 009e 08       		.byte	0x8
 143 009f 04       		.byte	0x4
 144 00a0 D6010000 		.4byte	.LASF15
 145 00a4 05       		.uleb128 0x5
 146 00a5 40000000 		.4byte	.LASF21
 147 00a9 01       		.byte	0x1
 148 00aa 04       		.byte	0x4
 149 00ab 68000000 		.4byte	0x68
 150 00af 00000000 		.4byte	.LFB63
 151 00b3 0E000000 		.4byte	.LFE63-.LFB63
 152 00b7 01       		.uleb128 0x1
 153 00b8 9C       		.byte	0x9c
 154 00b9 D0000000 		.4byte	0xd0
 155 00bd 06       		.uleb128 0x6
 156 00be 08000000 		.4byte	.LVL0
 157 00c2 E1000000 		.4byte	0xe1
 158 00c6 06       		.uleb128 0x6
 159 00c7 0C000000 		.4byte	.LVL1
 160 00cb EC000000 		.4byte	0xec
 161 00cf 00       		.byte	0
 162 00d0 07       		.uleb128 0x7
ARM GAS  C:\Users\Fabian\AppData\Local\Temp\ccUeaTO5.s 			page 4


 163 00d1 BD010000 		.4byte	.LASF22
 164 00d5 06       		.byte	0x6
 165 00d6 1207     		.2byte	0x712
 166 00d8 DC000000 		.4byte	0xdc
 167 00dc 08       		.uleb128 0x8
 168 00dd 76000000 		.4byte	0x76
 169 00e1 09       		.uleb128 0x9
 170 00e2 35000000 		.4byte	.LASF16
 171 00e6 35000000 		.4byte	.LASF16
 172 00ea 04       		.byte	0x4
 173 00eb 29       		.byte	0x29
 174 00ec 09       		.uleb128 0x9
 175 00ed D3000000 		.4byte	.LASF17
 176 00f1 D3000000 		.4byte	.LASF17
 177 00f5 05       		.byte	0x5
 178 00f6 26       		.byte	0x26
 179 00f7 00       		.byte	0
 180              		.section	.debug_abbrev,"",%progbits
 181              	.Ldebug_abbrev0:
 182 0000 01       		.uleb128 0x1
 183 0001 11       		.uleb128 0x11
 184 0002 01       		.byte	0x1
 185 0003 25       		.uleb128 0x25
 186 0004 0E       		.uleb128 0xe
 187 0005 13       		.uleb128 0x13
 188 0006 0B       		.uleb128 0xb
 189 0007 03       		.uleb128 0x3
 190 0008 0E       		.uleb128 0xe
 191 0009 1B       		.uleb128 0x1b
 192 000a 0E       		.uleb128 0xe
 193 000b 55       		.uleb128 0x55
 194 000c 17       		.uleb128 0x17
 195 000d 11       		.uleb128 0x11
 196 000e 01       		.uleb128 0x1
 197 000f 10       		.uleb128 0x10
 198 0010 17       		.uleb128 0x17
 199 0011 00       		.byte	0
 200 0012 00       		.byte	0
 201 0013 02       		.uleb128 0x2
 202 0014 24       		.uleb128 0x24
 203 0015 00       		.byte	0
 204 0016 0B       		.uleb128 0xb
 205 0017 0B       		.uleb128 0xb
 206 0018 3E       		.uleb128 0x3e
 207 0019 0B       		.uleb128 0xb
 208 001a 03       		.uleb128 0x3
 209 001b 0E       		.uleb128 0xe
 210 001c 00       		.byte	0
 211 001d 00       		.byte	0
 212 001e 03       		.uleb128 0x3
 213 001f 16       		.uleb128 0x16
 214 0020 00       		.byte	0
 215 0021 03       		.uleb128 0x3
 216 0022 0E       		.uleb128 0xe
 217 0023 3A       		.uleb128 0x3a
 218 0024 0B       		.uleb128 0xb
 219 0025 3B       		.uleb128 0x3b
ARM GAS  C:\Users\Fabian\AppData\Local\Temp\ccUeaTO5.s 			page 5


 220 0026 0B       		.uleb128 0xb
 221 0027 49       		.uleb128 0x49
 222 0028 13       		.uleb128 0x13
 223 0029 00       		.byte	0
 224 002a 00       		.byte	0
 225 002b 04       		.uleb128 0x4
 226 002c 24       		.uleb128 0x24
 227 002d 00       		.byte	0
 228 002e 0B       		.uleb128 0xb
 229 002f 0B       		.uleb128 0xb
 230 0030 3E       		.uleb128 0x3e
 231 0031 0B       		.uleb128 0xb
 232 0032 03       		.uleb128 0x3
 233 0033 08       		.uleb128 0x8
 234 0034 00       		.byte	0
 235 0035 00       		.byte	0
 236 0036 05       		.uleb128 0x5
 237 0037 2E       		.uleb128 0x2e
 238 0038 01       		.byte	0x1
 239 0039 3F       		.uleb128 0x3f
 240 003a 19       		.uleb128 0x19
 241 003b 03       		.uleb128 0x3
 242 003c 0E       		.uleb128 0xe
 243 003d 3A       		.uleb128 0x3a
 244 003e 0B       		.uleb128 0xb
 245 003f 3B       		.uleb128 0x3b
 246 0040 0B       		.uleb128 0xb
 247 0041 27       		.uleb128 0x27
 248 0042 19       		.uleb128 0x19
 249 0043 49       		.uleb128 0x49
 250 0044 13       		.uleb128 0x13
 251 0045 8701     		.uleb128 0x87
 252 0047 19       		.uleb128 0x19
 253 0048 11       		.uleb128 0x11
 254 0049 01       		.uleb128 0x1
 255 004a 12       		.uleb128 0x12
 256 004b 06       		.uleb128 0x6
 257 004c 40       		.uleb128 0x40
 258 004d 18       		.uleb128 0x18
 259 004e 9742     		.uleb128 0x2117
 260 0050 19       		.uleb128 0x19
 261 0051 01       		.uleb128 0x1
 262 0052 13       		.uleb128 0x13
 263 0053 00       		.byte	0
 264 0054 00       		.byte	0
 265 0055 06       		.uleb128 0x6
 266 0056 898201   		.uleb128 0x4109
 267 0059 00       		.byte	0
 268 005a 11       		.uleb128 0x11
 269 005b 01       		.uleb128 0x1
 270 005c 31       		.uleb128 0x31
 271 005d 13       		.uleb128 0x13
 272 005e 00       		.byte	0
 273 005f 00       		.byte	0
 274 0060 07       		.uleb128 0x7
 275 0061 34       		.uleb128 0x34
 276 0062 00       		.byte	0
ARM GAS  C:\Users\Fabian\AppData\Local\Temp\ccUeaTO5.s 			page 6


 277 0063 03       		.uleb128 0x3
 278 0064 0E       		.uleb128 0xe
 279 0065 3A       		.uleb128 0x3a
 280 0066 0B       		.uleb128 0xb
 281 0067 3B       		.uleb128 0x3b
 282 0068 05       		.uleb128 0x5
 283 0069 49       		.uleb128 0x49
 284 006a 13       		.uleb128 0x13
 285 006b 3F       		.uleb128 0x3f
 286 006c 19       		.uleb128 0x19
 287 006d 3C       		.uleb128 0x3c
 288 006e 19       		.uleb128 0x19
 289 006f 00       		.byte	0
 290 0070 00       		.byte	0
 291 0071 08       		.uleb128 0x8
 292 0072 35       		.uleb128 0x35
 293 0073 00       		.byte	0
 294 0074 49       		.uleb128 0x49
 295 0075 13       		.uleb128 0x13
 296 0076 00       		.byte	0
 297 0077 00       		.byte	0
 298 0078 09       		.uleb128 0x9
 299 0079 2E       		.uleb128 0x2e
 300 007a 00       		.byte	0
 301 007b 3F       		.uleb128 0x3f
 302 007c 19       		.uleb128 0x19
 303 007d 3C       		.uleb128 0x3c
 304 007e 19       		.uleb128 0x19
 305 007f 6E       		.uleb128 0x6e
 306 0080 0E       		.uleb128 0xe
 307 0081 03       		.uleb128 0x3
 308 0082 0E       		.uleb128 0xe
 309 0083 3A       		.uleb128 0x3a
 310 0084 0B       		.uleb128 0xb
 311 0085 3B       		.uleb128 0x3b
 312 0086 0B       		.uleb128 0xb
 313 0087 00       		.byte	0
 314 0088 00       		.byte	0
 315 0089 00       		.byte	0
 316              		.section	.debug_aranges,"",%progbits
 317 0000 1C000000 		.4byte	0x1c
 318 0004 0200     		.2byte	0x2
 319 0006 00000000 		.4byte	.Ldebug_info0
 320 000a 04       		.byte	0x4
 321 000b 00       		.byte	0
 322 000c 0000     		.2byte	0
 323 000e 0000     		.2byte	0
 324 0010 00000000 		.4byte	.LFB63
 325 0014 0E000000 		.4byte	.LFE63-.LFB63
 326 0018 00000000 		.4byte	0
 327 001c 00000000 		.4byte	0
 328              		.section	.debug_ranges,"",%progbits
 329              	.Ldebug_ranges0:
 330 0000 00000000 		.4byte	.LFB63
 331 0004 0E000000 		.4byte	.LFE63
 332 0008 00000000 		.4byte	0
 333 000c 00000000 		.4byte	0
ARM GAS  C:\Users\Fabian\AppData\Local\Temp\ccUeaTO5.s 			page 7


 334              		.section	.debug_line,"",%progbits
 335              	.Ldebug_line0:
 336 0000 6C010000 		.section	.debug_str,"MS",%progbits,1
 336      02005301 
 336      00000201 
 336      FB0E0D00 
 336      01010101 
 337              	.LASF6:
 338 0000 6C6F6E67 		.ascii	"long long int\000"
 338      206C6F6E 
 338      6720696E 
 338      7400
 339              	.LASF3:
 340 000e 73686F72 		.ascii	"short unsigned int\000"
 340      7420756E 
 340      7369676E 
 340      65642069 
 340      6E7400
 341              	.LASF8:
 342 0021 756E7369 		.ascii	"unsigned int\000"
 342      676E6564 
 342      20696E74 
 342      00
 343              	.LASF19:
 344 002e 6D61696E 		.ascii	"main.c\000"
 344      2E6300
 345              	.LASF16:
 346 0035 424F544F 		.ascii	"BOTON_Read\000"
 346      4E5F5265 
 346      616400
 347              	.LASF21:
 348 0040 6D61696E 		.ascii	"main\000"
 348      00
 349              	.LASF18:
 350 0045 474E5520 		.ascii	"GNU C11 5.4.1 20160609 (release) [ARM/embedded-5-br"
 350      43313120 
 350      352E342E 
 350      31203230 
 350      31363036 
 351 0078 616E6368 		.ascii	"anch revision 237715] -mcpu=cortex-m3 -mthumb -g -O"
 351      20726576 
 351      6973696F 
 351      6E203233 
 351      37373135 
 352 00ab 67202D66 		.ascii	"g -ffunction-sections -ffat-lto-objects\000"
 352      66756E63 
 352      74696F6E 
 352      2D736563 
 352      74696F6E 
 353              	.LASF17:
 354 00d3 4C45445F 		.ascii	"LED_Write\000"
 354      57726974 
 354      6500
 355              	.LASF5:
 356 00dd 6C6F6E67 		.ascii	"long unsigned int\000"
 356      20756E73 
 356      69676E65 
ARM GAS  C:\Users\Fabian\AppData\Local\Temp\ccUeaTO5.s 			page 8


 356      6420696E 
 356      7400
 357              	.LASF7:
 358 00ef 6C6F6E67 		.ascii	"long long unsigned int\000"
 358      206C6F6E 
 358      6720756E 
 358      7369676E 
 358      65642069 
 359              	.LASF1:
 360 0106 756E7369 		.ascii	"unsigned char\000"
 360      676E6564 
 360      20636861 
 360      7200
 361              	.LASF13:
 362 0114 63686172 		.ascii	"char\000"
 362      00
 363              	.LASF20:
 364 0119 433A5C55 		.ascii	"C:\\Users\\Fabian\\OneDrive - Escuela Tecnologica I"
 364      73657273 
 364      5C466162 
 364      69616E5C 
 364      4F6E6544 
 365 0149 6E737469 		.ascii	"nstituto Tecnico Central\\A_Microcontroladores\\Mic"
 365      7475746F 
 365      20546563 
 365      6E69636F 
 365      2043656E 
 366 017a 726F636F 		.ascii	"rocontroladores\\Sesion_2\\Input_Pin\\Input_Pin.cyd"
 366      6E74726F 
 366      6C61646F 
 366      7265735C 
 366      53657369 
 367 01aa 736E00   		.ascii	"sn\000"
 368              	.LASF12:
 369 01ad 646F7562 		.ascii	"double\000"
 369      6C6500
 370              	.LASF4:
 371 01b4 6C6F6E67 		.ascii	"long int\000"
 371      20696E74 
 371      00
 372              	.LASF22:
 373 01bd 49544D5F 		.ascii	"ITM_RxBuffer\000"
 373      52784275 
 373      66666572 
 373      00
 374              	.LASF0:
 375 01ca 7369676E 		.ascii	"signed char\000"
 375      65642063 
 375      68617200 
 376              	.LASF15:
 377 01d6 6C6F6E67 		.ascii	"long double\000"
 377      20646F75 
 377      626C6500 
 378              	.LASF9:
 379 01e2 5F5F696E 		.ascii	"__int32_t\000"
 379      7433325F 
 379      7400
ARM GAS  C:\Users\Fabian\AppData\Local\Temp\ccUeaTO5.s 			page 9


 380              	.LASF11:
 381 01ec 666C6F61 		.ascii	"float\000"
 381      7400
 382              	.LASF2:
 383 01f2 73686F72 		.ascii	"short int\000"
 383      7420696E 
 383      7400
 384              	.LASF10:
 385 01fc 696E7433 		.ascii	"int32_t\000"
 385      325F7400 
 386              	.LASF14:
 387 0204 73697A65 		.ascii	"sizetype\000"
 387      74797065 
 387      00
 388              		.ident	"GCC: (GNU Tools for ARM Embedded Processors) 5.4.1 20160609 (release) [ARM/embedded-5-bran
