Loading plugins phase: Elapsed time ==> 0s.083ms
<CYPRESSTAG name="CyDsfit arguments...">
cydsfit arguments: -.fdsnotice -.fdswarpdepfile=warp_dependencies.txt -.fdselabdepfile=elab_dependencies.txt -.fdsbldfile=generated_files.txt -.fdsreffile=referenced_files.txt -p C:\Users\Fabian\OneDrive - Escuela Tecnologica Instituto Tecnico Central\A_Microcontroladores\Microcontroladores\Sesion_4\Contador\Contador.cydsn\Contador.cyprj -d CY8C5888LTI-LP097 -s C:\Users\Fabian\OneDrive - Escuela Tecnologica Instituto Tecnico Central\A_Microcontroladores\Microcontroladores\Sesion_4\Contador\Contador.cydsn\Generated_Source\PSoC5 -- -yv2 -q10 -ygs -o2 -v3 -.fftcfgtype=LE
</CYPRESSTAG>
<CYPRESSTAG name="Design elaboration results...">
</CYPRESSTAG>
Elaboration phase: Elapsed time ==> 0s.671ms
<CYPRESSTAG name="HDL generation results...">
</CYPRESSTAG>
HDL generation phase: Elapsed time ==> 0s.011ms
<CYPRESSTAG name="Synthesis results...">

     | | | | | | |
   _________________
  -|               |-
  -|               |-
  -|               |-
  -|    CYPRESS    |-
  -|               |-
  -|               |-   Warp Verilog Synthesis Compiler: Version 6.3 IR 41
  -|               |-   Copyright (C) 1991-2001 Cypress Semiconductor
   |_______________|
     | | | | | | |

======================================================================
Compiling:  Contador.v
Program  :   C:\Program Files (x86)\Cypress\PSoC Creator\4.4\PSoC Creator\warp\bin\warp.exe
Options  :    -yv2 -q10 -ygs -o2 -v3 -.fftcfgtype=LE -ya -.fftprj=C:\Users\Fabian\OneDrive - Escuela Tecnologica Instituto Tecnico Central\A_Microcontroladores\Microcontroladores\Sesion_4\Contador\Contador.cydsn\Contador.cyprj -dcpsoc3 Contador.v -verilog
======================================================================

======================================================================
Compiling:  Contador.v
Program  :   C:\Program Files (x86)\Cypress\PSoC Creator\4.4\PSoC Creator\warp\bin\warp.exe
Options  :    -yv2 -q10 -ygs -o2 -v3 -.fftcfgtype=LE -ya -.fftprj=C:\Users\Fabian\OneDrive - Escuela Tecnologica Instituto Tecnico Central\A_Microcontroladores\Microcontroladores\Sesion_4\Contador\Contador.cydsn\Contador.cyprj -dcpsoc3 Contador.v -verilog
======================================================================

======================================================================
Compiling:  Contador.v
Program  :   vlogfe
Options  :    -yv2 -q10 -ygs -o2 -v3 -.fftcfgtype=LE -ya -.fftprj=C:\Users\Fabian\OneDrive - Escuela Tecnologica Instituto Tecnico Central\A_Microcontroladores\Microcontroladores\Sesion_4\Contador\Contador.cydsn\Contador.cyprj -dcpsoc3 -verilog Contador.v
======================================================================

vlogfe V6.3 IR 41:  Verilog parser
Thu Apr 03 09:31:27 2025


======================================================================
Compiling:  Contador.v
Program  :   vpp
Options  :    -yv2 -q10 Contador.v
======================================================================

vpp V6.3 IR 41:  Verilog Pre-Processor
Thu Apr 03 09:31:27 2025

Flattening file 'C:\Program Files (x86)\Cypress\PSoC Creator\4.4\PSoC Creator\psoc\content\CyPrimitives\cyprimitives.cylib\cy_constant_v1_0\cy_constant_v1_0.v'
Flattening file 'C:\Program Files (x86)\Cypress\PSoC Creator\4.4\PSoC Creator\psoc\content\CyPrimitives\cyprimitives.cylib\cy_virtualmux_v1_0\cy_virtualmux_v1_0.v'
Flattening file 'C:\Program Files (x86)\Cypress\PSoC Creator\4.4\PSoC Creator\psoc\content\CyPrimitives\cyprimitives.cylib\ZeroTerminal\ZeroTerminal.v'
Flattening file 'C:\Program Files (x86)\Cypress\PSoC Creator\4.4\PSoC Creator\psoc\content\CyPrimitives\cyprimitives.cylib\OneTerminal\OneTerminal.v'
Flattening file 'C:\Program Files (x86)\Cypress\PSoC Creator\4.4\PSoC Creator\psoc\content\CyComponentLibrary\CyComponentLibrary.cylib\B_Counter_v3_0\B_Counter_v3_0.v'
Flattening file 'C:\Program Files (x86)\Cypress\PSoC Creator\4.4\PSoC Creator\warp\lib\common\cypress.v'
Flattening file 'C:\Program Files (x86)\Cypress\PSoC Creator\4.4\PSoC Creator\warp\lib\common\cy_psoc3_inc.v'

vpp:  No errors.

Library 'work' => directory 'lcpsoc3'
General_symbol_table
General_symbol_table
Linking 'C:\Program Files (x86)\Cypress\PSoC Creator\4.4\PSoC Creator\warp\lib\common\std.vhd'.
Linking 'C:\Program Files (x86)\Cypress\PSoC Creator\4.4\PSoC Creator\warp\lib\common\cypress.vhd'.
Linking 'C:\Program Files (x86)\Cypress\PSoC Creator\4.4\PSoC Creator\warp\lib\common\work\cypress.vif'.
Linking 'C:\Program Files (x86)\Cypress\PSoC Creator\4.4\PSoC Creator\warp\lib\ieee\work\stdlogic.vif'.
Linking 'C:\Program Files (x86)\Cypress\PSoC Creator\4.4\PSoC Creator\warp\lib\common\stdlogic\lpmpkg.vif'.
Linking 'C:\Program Files (x86)\Cypress\PSoC Creator\4.4\PSoC Creator\warp\lib\common\stdlogic\rtlpkg.vif'.
Linking 'C:\Program Files (x86)\Cypress\PSoC Creator\4.4\PSoC Creator\warp\lib\common\stdlogic\mod_cnst.vif'.
Linking 'C:\Program Files (x86)\Cypress\PSoC Creator\4.4\PSoC Creator\warp\lib\common\stdlogic\mod_mthv.vif'.
Linking 'C:\Program Files (x86)\Cypress\PSoC Creator\4.4\PSoC Creator\warp\lib\common\stdlogic\mod_genv.vif'.
Using control file 'Contador.ctl'.
Linking 'C:\Program Files (x86)\Cypress\PSoC Creator\4.4\PSoC Creator\warp\lib\common\stdlogic\cy_psoc3pkg.vif'.
Linking 'C:\Program Files (x86)\Cypress\PSoC Creator\4.4\PSoC Creator\warp\lib\common\stdlogic\cy_psoc3.vif'.

vlogfe:  No errors.


======================================================================
Compiling:  Contador.v
Program  :   tovif
Options  :    -yv2 -q10 -ygs -o2 -v3 -.fftcfgtype=LE -ya -.fftprj=C:\Users\Fabian\OneDrive - Escuela Tecnologica Instituto Tecnico Central\A_Microcontroladores\Microcontroladores\Sesion_4\Contador\Contador.cydsn\Contador.cyprj -dcpsoc3 -verilog Contador.v
======================================================================

tovif V6.3 IR 41:  High-level synthesis
Thu Apr 03 09:31:27 2025

Linking 'C:\Program Files (x86)\Cypress\PSoC Creator\4.4\PSoC Creator\warp\lib\common\std.vhd'.
Linking 'C:\Program Files (x86)\Cypress\PSoC Creator\4.4\PSoC Creator\warp\lib\common\cypress.vhd'.
Linking 'C:\Program Files (x86)\Cypress\PSoC Creator\4.4\PSoC Creator\warp\lib\common\work\cypress.vif'.
Linking 'C:\Program Files (x86)\Cypress\PSoC Creator\4.4\PSoC Creator\warp\lib\ieee\work\stdlogic.vif'.
Linking 'C:\Program Files (x86)\Cypress\PSoC Creator\4.4\PSoC Creator\warp\lib\common\stdlogic\lpmpkg.vif'.
Linking 'C:\Program Files (x86)\Cypress\PSoC Creator\4.4\PSoC Creator\warp\lib\common\stdlogic\rtlpkg.vif'.
Linking 'C:\Program Files (x86)\Cypress\PSoC Creator\4.4\PSoC Creator\warp\lib\common\stdlogic\mod_cnst.vif'.
Linking 'C:\Program Files (x86)\Cypress\PSoC Creator\4.4\PSoC Creator\warp\lib\common\stdlogic\mod_mthv.vif'.
Linking 'C:\Program Files (x86)\Cypress\PSoC Creator\4.4\PSoC Creator\warp\lib\common\stdlogic\mod_genv.vif'.
Linking 'C:\Users\Fabian\OneDrive - Escuela Tecnologica Instituto Tecnico Central\A_Microcontroladores\Microcontroladores\Sesion_4\Contador\Contador.cydsn\codegentemp\Contador.ctl'.
Linking 'C:\Program Files (x86)\Cypress\PSoC Creator\4.4\PSoC Creator\psoc\content\CyPrimitives\cyprimitives.cylib\cy_constant_v1_0\cy_constant_v1_0.v'.
Linking 'C:\Users\Fabian\OneDrive - Escuela Tecnologica Instituto Tecnico Central\A_Microcontroladores\Microcontroladores\Sesion_4\Contador\Contador.cydsn\codegentemp\Contador.v'.
Linking 'C:\Program Files (x86)\Cypress\PSoC Creator\4.4\PSoC Creator\psoc\content\CyPrimitives\cyprimitives.cylib\cy_virtualmux_v1_0\cy_virtualmux_v1_0.v'.
Linking 'C:\Program Files (x86)\Cypress\PSoC Creator\4.4\PSoC Creator\psoc\content\CyPrimitives\cyprimitives.cylib\ZeroTerminal\ZeroTerminal.v'.
Linking 'C:\Program Files (x86)\Cypress\PSoC Creator\4.4\PSoC Creator\psoc\content\CyPrimitives\cyprimitives.cylib\OneTerminal\OneTerminal.v'.
Linking 'C:\Program Files (x86)\Cypress\PSoC Creator\4.4\PSoC Creator\psoc\content\CyComponentLibrary\CyComponentLibrary.cylib\B_Counter_v3_0\B_Counter_v3_0.v'.
Linking 'C:\Program Files (x86)\Cypress\PSoC Creator\4.4\PSoC Creator\warp\lib\common\cypress.v'.
Linking 'C:\Program Files (x86)\Cypress\PSoC Creator\4.4\PSoC Creator\warp\lib\common\cy_psoc3_inc.v'.
Linking 'C:\Program Files (x86)\Cypress\PSoC Creator\4.4\PSoC Creator\warp\lib\common\stdlogic\cy_psoc3pkg.vif'.
Linking 'C:\Program Files (x86)\Cypress\PSoC Creator\4.4\PSoC Creator\warp\lib\common\stdlogic\cy_psoc3.vif'.

tovif:  No errors.


======================================================================
Compiling:  Contador.v
Program  :   topld
Options  :    -yv2 -q10 -ygs -o2 -v3 -.fftcfgtype=LE -ya -.fftprj=C:\Users\Fabian\OneDrive - Escuela Tecnologica Instituto Tecnico Central\A_Microcontroladores\Microcontroladores\Sesion_4\Contador\Contador.cydsn\Contador.cyprj -dcpsoc3 -verilog Contador.v
======================================================================

topld V6.3 IR 41:  Synthesis and optimization
Thu Apr 03 09:31:27 2025

Linking 'C:\Program Files (x86)\Cypress\PSoC Creator\4.4\PSoC Creator\warp\lib\common\std.vhd'.
Linking 'C:\Program Files (x86)\Cypress\PSoC Creator\4.4\PSoC Creator\warp\lib\common\cypress.vhd'.
Linking 'C:\Program Files (x86)\Cypress\PSoC Creator\4.4\PSoC Creator\warp\lib\common\work\cypress.vif'.
Linking 'C:\Program Files (x86)\Cypress\PSoC Creator\4.4\PSoC Creator\warp\lib\ieee\work\stdlogic.vif'.
Linking 'C:\Program Files (x86)\Cypress\PSoC Creator\4.4\PSoC Creator\warp\lib\common\stdlogic\lpmpkg.vif'.
Linking 'C:\Program Files (x86)\Cypress\PSoC Creator\4.4\PSoC Creator\warp\lib\common\stdlogic\rtlpkg.vif'.
Linking 'C:\Program Files (x86)\Cypress\PSoC Creator\4.4\PSoC Creator\warp\lib\common\stdlogic\mod_cnst.vif'.
Linking 'C:\Program Files (x86)\Cypress\PSoC Creator\4.4\PSoC Creator\warp\lib\common\stdlogic\mod_mthv.vif'.
Linking 'C:\Program Files (x86)\Cypress\PSoC Creator\4.4\PSoC Creator\warp\lib\common\stdlogic\mod_genv.vif'.
Linking 'C:\Users\Fabian\OneDrive - Escuela Tecnologica Instituto Tecnico Central\A_Microcontroladores\Microcontroladores\Sesion_4\Contador\Contador.cydsn\codegentemp\Contador.ctl'.
Linking 'C:\Program Files (x86)\Cypress\PSoC Creator\4.4\PSoC Creator\psoc\content\CyPrimitives\cyprimitives.cylib\cy_constant_v1_0\cy_constant_v1_0.v'.
Linking 'C:\Users\Fabian\OneDrive - Escuela Tecnologica Instituto Tecnico Central\A_Microcontroladores\Microcontroladores\Sesion_4\Contador\Contador.cydsn\codegentemp\Contador.v'.
Linking 'C:\Program Files (x86)\Cypress\PSoC Creator\4.4\PSoC Creator\psoc\content\CyPrimitives\cyprimitives.cylib\cy_virtualmux_v1_0\cy_virtualmux_v1_0.v'.
Linking 'C:\Program Files (x86)\Cypress\PSoC Creator\4.4\PSoC Creator\psoc\content\CyPrimitives\cyprimitives.cylib\ZeroTerminal\ZeroTerminal.v'.
Linking 'C:\Program Files (x86)\Cypress\PSoC Creator\4.4\PSoC Creator\psoc\content\CyPrimitives\cyprimitives.cylib\OneTerminal\OneTerminal.v'.
Linking 'C:\Program Files (x86)\Cypress\PSoC Creator\4.4\PSoC Creator\psoc\content\CyComponentLibrary\CyComponentLibrary.cylib\B_Counter_v3_0\B_Counter_v3_0.v'.
Linking 'C:\Program Files (x86)\Cypress\PSoC Creator\4.4\PSoC Creator\warp\lib\common\cypress.v'.
Linking 'C:\Program Files (x86)\Cypress\PSoC Creator\4.4\PSoC Creator\warp\lib\common\cy_psoc3_inc.v'.
Linking 'C:\Program Files (x86)\Cypress\PSoC Creator\4.4\PSoC Creator\warp\lib\common\stdlogic\cy_psoc3pkg.vif'.
Linking 'C:\Program Files (x86)\Cypress\PSoC Creator\4.4\PSoC Creator\warp\lib\common\stdlogic\cy_psoc3.vif'.
Linking 'C:\Program Files (x86)\Cypress\PSoC Creator\4.4\PSoC Creator\warp\lib\lcpsoc3\stdlogic\cpsoc3.vif'.

----------------------------------------------------------
Detecting unused logic.
----------------------------------------------------------
    User names
	Net_264
	Net_285
	\Counter_1:Net_49\
	\Counter_1:Net_82\
	\Counter_1:Net_95\
	\Counter_1:Net_91\
	\Counter_1:Net_102\
	\Counter_1:CounterUDB:ctrl_cmod_2\
	\Counter_1:CounterUDB:ctrl_cmod_1\
	\Counter_1:CounterUDB:ctrl_cmod_0\


Deleted 10 User equations/components.
Deleted 0 Synthesized equations/components.

------------------------------------------------------
Alias Detection
------------------------------------------------------
Aliasing one to tmpOE__LED_net_0
Aliasing tmpOE__Boton_net_0 to tmpOE__LED_net_0
Aliasing Net_260 to zero
Aliasing \Counter_1:Net_89\ to tmpOE__LED_net_0
Aliasing \Counter_1:CounterUDB:ctrl_capmode_1\ to zero
Aliasing \Counter_1:CounterUDB:ctrl_capmode_0\ to zero
Aliasing \Counter_1:CounterUDB:capt_rising\ to zero
Aliasing \Counter_1:CounterUDB:tc_i\ to \Counter_1:CounterUDB:reload_tc\
Aliasing \Counter_1:CounterUDB:prevCapture\\D\ to zero
Aliasing \Counter_1:CounterUDB:cmp_out_reg_i\\D\ to \Counter_1:CounterUDB:prevCompare\\D\
Removing Rhs of wire Net_284[4] = \Counter_1:CounterUDB:cmp_out_reg_i\[80]
Removing Lhs of wire one[9] = tmpOE__LED_net_0[3]
Removing Lhs of wire tmpOE__Boton_net_0[12] = tmpOE__LED_net_0[3]
Removing Lhs of wire Net_260[17] = zero[8]
Removing Lhs of wire \Counter_1:Net_89\[23] = tmpOE__LED_net_0[3]
Removing Lhs of wire \Counter_1:CounterUDB:ctrl_capmode_1\[32] = zero[8]
Removing Lhs of wire \Counter_1:CounterUDB:ctrl_capmode_0\[33] = zero[8]
Removing Lhs of wire \Counter_1:CounterUDB:ctrl_enable\[45] = \Counter_1:CounterUDB:control_7\[37]
Removing Lhs of wire \Counter_1:CounterUDB:capt_rising\[47] = zero[8]
Removing Lhs of wire \Counter_1:CounterUDB:capt_falling\[48] = \Counter_1:CounterUDB:prevCapture\[46]
Removing Lhs of wire \Counter_1:CounterUDB:final_enable\[53] = \Counter_1:CounterUDB:control_7\[37]
Removing Lhs of wire \Counter_1:CounterUDB:counter_enable\[54] = \Counter_1:CounterUDB:control_7\[37]
Removing Rhs of wire \Counter_1:CounterUDB:status_0\[55] = \Counter_1:CounterUDB:cmp_out_status\[56]
Removing Rhs of wire \Counter_1:CounterUDB:status_1\[57] = \Counter_1:CounterUDB:per_zero\[58]
Removing Rhs of wire \Counter_1:CounterUDB:status_2\[59] = \Counter_1:CounterUDB:overflow_status\[60]
Removing Rhs of wire \Counter_1:CounterUDB:status_3\[61] = \Counter_1:CounterUDB:underflow_status\[62]
Removing Lhs of wire \Counter_1:CounterUDB:status_4\[63] = \Counter_1:CounterUDB:hwCapture\[50]
Removing Rhs of wire \Counter_1:CounterUDB:status_5\[64] = \Counter_1:CounterUDB:fifo_full\[65]
Removing Rhs of wire \Counter_1:CounterUDB:status_6\[66] = \Counter_1:CounterUDB:fifo_nempty\[67]
Removing Lhs of wire \Counter_1:CounterUDB:dp_dir\[70] = tmpOE__LED_net_0[3]
Removing Lhs of wire \Counter_1:CounterUDB:tc_i\[75] = \Counter_1:CounterUDB:reload_tc\[52]
Removing Lhs of wire \Counter_1:CounterUDB:cs_addr_2\[83] = tmpOE__LED_net_0[3]
Removing Lhs of wire \Counter_1:CounterUDB:cs_addr_1\[84] = \Counter_1:CounterUDB:count_enable\[82]
Removing Lhs of wire \Counter_1:CounterUDB:cs_addr_0\[85] = \Counter_1:CounterUDB:reload\[51]
Removing Lhs of wire \Counter_1:CounterUDB:prevCapture\\D\[114] = zero[8]
Removing Lhs of wire \Counter_1:CounterUDB:overflow_reg_i\\D\[115] = \Counter_1:CounterUDB:overflow\[69]
Removing Lhs of wire \Counter_1:CounterUDB:underflow_reg_i\\D\[116] = \Counter_1:CounterUDB:underflow\[72]
Removing Lhs of wire \Counter_1:CounterUDB:tc_reg_i\\D\[117] = \Counter_1:CounterUDB:reload_tc\[52]
Removing Lhs of wire \Counter_1:CounterUDB:prevCompare\\D\[118] = \Counter_1:CounterUDB:cmp_out_i\[77]
Removing Lhs of wire \Counter_1:CounterUDB:cmp_out_reg_i\\D\[119] = \Counter_1:CounterUDB:cmp_out_i\[77]
Removing Lhs of wire \Counter_1:CounterUDB:count_stored_i\\D\[120] = Net_270[13]

------------------------------------------------------
Aliased 0 equations, 31 wires.
------------------------------------------------------

----------------------------------------------------------
Circuit simplification
----------------------------------------------------------

Substituting virtuals - pass 1:

Note:  Expanding virtual equation for 'tmpOE__LED_net_0' (cost = 0):
tmpOE__LED_net_0 <=  ('1') ;

Note:  Expanding virtual equation for 'zero' (cost = 0):
zero <=  ('0') ;

Note:  Expanding virtual equation for '\Counter_1:CounterUDB:capt_either_edge\' (cost = 0):
\Counter_1:CounterUDB:capt_either_edge\ <= (\Counter_1:CounterUDB:prevCapture\);

Note:  Expanding virtual equation for '\Counter_1:CounterUDB:overflow\' (cost = 0):
\Counter_1:CounterUDB:overflow\ <= (\Counter_1:CounterUDB:per_equal\);

Note:  Expanding virtual equation for '\Counter_1:CounterUDB:underflow\' (cost = 0):
\Counter_1:CounterUDB:underflow\ <=  ('0') ;

Note:  Expanding virtual equation for '\Counter_1:CounterUDB:cmp_out_i\' (cost = 0):
\Counter_1:CounterUDB:cmp_out_i\ <= (not \Counter_1:CounterUDB:cmp_less\);


Substituting virtuals - pass 2:

Note:  Expanding virtual equation for '\Counter_1:CounterUDB:reload_tc\' (cost = 0):
\Counter_1:CounterUDB:reload_tc\ <= (\Counter_1:CounterUDB:per_equal\);


Substituting virtuals - pass 3:


----------------------------------------------------------
Circuit simplification results:

	Expanded 7 signals.
	Turned 0 signals into soft nodes.
	Maximum default expansion cost was set at 3.
----------------------------------------------------------

------------------------------------------------------
Alias Detection
------------------------------------------------------
Aliasing \Counter_1:CounterUDB:hwCapture\ to zero
Aliasing \Counter_1:CounterUDB:status_3\ to zero
Aliasing \Counter_1:CounterUDB:underflow\ to zero
Removing Lhs of wire \Counter_1:CounterUDB:hwCapture\[50] = zero[8]
Removing Rhs of wire \Counter_1:CounterUDB:reload\[51] = \Counter_1:CounterUDB:per_equal\[71]
Removing Lhs of wire \Counter_1:CounterUDB:status_3\[61] = zero[8]
Removing Lhs of wire \Counter_1:CounterUDB:underflow\[72] = zero[8]

------------------------------------------------------
Aliased 0 equations, 4 wires.
------------------------------------------------------

----------------------------------------------------------
Circuit simplification
----------------------------------------------------------

Eliminating unused logic - pass 1:


Eliminating unused logic - pass 2:


Substituting virtuals - pass 1:


----------------------------------------------------------
Circuit simplification results:

	Expanded 0 signals.
	Turned 0 signals into soft nodes.
	Maximum default expansion cost was set at 3.
----------------------------------------------------------

topld:  No errors.

CYPRESS_DIR    : C:\Program Files (x86)\Cypress\PSoC Creator\4.4\PSoC Creator\warp
Warp Program   : C:\Program Files (x86)\Cypress\PSoC Creator\4.4\PSoC Creator\warp\bin\warp.exe
Warp Arguments : -yv2 -q10 -ygs -o2 -v3 -.fftcfgtype=LE -ya "-.fftprj=C:\Users\Fabian\OneDrive - Escuela Tecnologica Instituto Tecnico Central\A_Microcontroladores\Microcontroladores\Sesion_4\Contador\Contador.cydsn\Contador.cyprj" -dcpsoc3 Contador.v -verilog
</CYPRESSTAG>
Warp synthesis phase: Elapsed time ==> 0s.318ms
<CYPRESSTAG name="Fitter results...">
<CYPRESSTAG name="Fitter startup details...">
cyp3fit: V4.4.0.80, Family: PSoC3, Started at: Thursday, 03 April 2025 09:31:27
Options: -yv2 -q10 -ygs -o2 -v3 -.fftcfgtype=LE -ya -.fftprj=C:\Users\Fabian\OneDrive - Escuela Tecnologica Instituto Tecnico Central\A_Microcontroladores\Microcontroladores\Sesion_4\Contador\Contador.cydsn\Contador.cyprj -d CY8C5888LTI-LP097 Contador.v -verilog
</CYPRESSTAG>
<CYPRESSTAG name="Design parsing">
Design parsing phase: Elapsed time ==> 0s.005ms
</CYPRESSTAG>
<CYPRESSTAG name="Tech Mapping">
<CYPRESSTAG name="Initial Mapping" icon="FILE_RPT_TECHM">
    Converted constant MacroCell: \Counter_1:CounterUDB:prevCapture\ from registered to combinatorial
    Converted constant MacroCell: \Counter_1:CounterUDB:underflow_reg_i\ from registered to combinatorial
<CYPRESSTAG name="Global Clock Selection" icon="FILE_RPT_TECHM">
    Digital Clock 0: Automatic-assigning  clock 'Clock_1'. Fanout=2, Signal=Net_263
</CYPRESSTAG>

Removing unused cells resulting from optimization
Done removing unused cells.
<CYPRESSTAG name="UDB Clock/Enable Remapping Results">
    UDB Clk/Enable \Counter_1:CounterUDB:clock_enable_block\: with output requested to be synchronous
        ClockIn: Clock_1 was determined to be a global clock that is synchronous to BUS_CLK
        EnableIn: Constant 1 was determined to be synchronous to ClockIn
        ClockOut: Clock_1, EnableOut: Constant 1
    UDB Clk/Enable \Counter_1:CounterUDB:sCTRLReg:cy_psoc3_udb_Ctl_Clk_Sync\: with output requested to be synchronous
        ClockIn: Clock_1 was determined to be a global clock that is synchronous to BUS_CLK
        EnableIn: Constant 1 was determined to be synchronous to ClockIn
        ClockOut: Clock_1, EnableOut: Constant 1
</CYPRESSTAG>

Removing unused cells resulting from optimization
Done removing unused cells.
<CYPRESSTAG name="Duplicate Macrocell detection">

Removing duplicate macrocells
    Removing Net_284, Duplicate of \Counter_1:CounterUDB:prevCompare\ 
    MacroCell: Name=Net_284, Mode=(D-Register)
        Total # of inputs        : 1
        Total # of product terms : 1
        List of special equations: 
            Clock  = (Net_263) => Global
            Clock Enable: True
        Main Equation            : 1 pterm
        (
              !\Counter_1:CounterUDB:cmp_less\
        );
        Output = Net_284 (fanout=1)

End removing duplicate macrocells: used 1 pass
</CYPRESSTAG>
</CYPRESSTAG>
<CYPRESSTAG name="Duplicate Macrocell detection">
</CYPRESSTAG>
<CYPRESSTAG name="Design Equations" icon="FILE_RPT_EQUATION">

------------------------------------------------------------
Design Equations
------------------------------------------------------------
    <CYPRESSTAG name="Pin listing">

    ------------------------------------------------------------
    Pin listing
    ------------------------------------------------------------

    Pin : Name = LED(0)
        Attributes:
            In Group/Port: True
            In Sync Option: AUTO
            Out Sync Option: NOSYNC
            Interrupt generated: False
            Interrupt mode: NONE
            Drive mode: CMOS_OUT
            VTrip: EITHER
            Slew: FAST
            Input Sync needed: False
            Output Sync needed: False
            SC shield enabled: False
            POR State: ANY
            LCD Mode: COMMON
            Register Mode: RegComb
            CaSense Mode: NEITHER
            Treat as pin: True
            Is OE Registered: False
            Uses Analog: False
            Can contain Digital: True
            Is SIO: False
            SIO Output Buf: NONREGULATED
            SIO Input Buf: SINGLE_ENDED
            SIO HiFreq: LOW
            SIO Hyst: DISABLED
            SIO Vtrip: MULTIPLIER_0_5
            SIO Multiplier Index: 0
            SIO RefSel: VCC_IO
            Required Capabilities: DIGITAL, ROUTABLE
            Initial Value: 0
            IO Voltage: 0
        PORT MAP (
            pa_out => LED(0)__PA ,
            pin_input => \Counter_1:CounterUDB:prevCompare\ ,
            pad => LED(0)_PAD );
        Properties:
        {
        }

    Pin : Name = Boton(0)
        Attributes:
            In Group/Port: True
            In Sync Option: NOSYNC
            Out Sync Option: AUTO
            Interrupt generated: False
            Interrupt mode: NONE
            Drive mode: RES_PULL_UP
            VTrip: CMOS
            Slew: FAST
            Input Sync needed: False
            Output Sync needed: False
            SC shield enabled: False
            POR State: ANY
            LCD Mode: COMMON
            Register Mode: RegComb
            CaSense Mode: NEITHER
            Treat as pin: True
            Is OE Registered: False
            Uses Analog: False
            Can contain Digital: True
            Is SIO: False
            SIO Output Buf: NONREGULATED
            SIO Input Buf: SINGLE_ENDED
            SIO HiFreq: LOW
            SIO Hyst: DISABLED
            SIO Vtrip: MULTIPLIER_0_5
            SIO Multiplier Index: 0
            SIO RefSel: VCC_IO
            Required Capabilities: DIGITAL, ROUTABLE
            Initial Value: 1
            IO Voltage: 0
        PORT MAP (
            pa_out => Boton(0)__PA ,
            fb => Net_270 ,
            pad => Boton(0)_PAD );
        Properties:
        {
        }
    </CYPRESSTAG>
    <CYPRESSTAG name="Macrocell listing" icon="FILE_RPT_EQUATION">

    ------------------------------------------------------------
    Macrocell listing
    ------------------------------------------------------------

    MacroCell: Name=\Counter_1:CounterUDB:status_0\, Mode=(Combinatorial)
        Total # of inputs        : 2
        Total # of product terms : 1
            Clock Enable: True
        Main Equation            : 1 pterm
        (
              !\Counter_1:CounterUDB:cmp_less\ * 
              !\Counter_1:CounterUDB:prevCompare\
        );
        Output = \Counter_1:CounterUDB:status_0\ (fanout=1)

    MacroCell: Name=\Counter_1:CounterUDB:status_2\, Mode=(Combinatorial)
        Total # of inputs        : 2
        Total # of product terms : 1
            Clock Enable: True
        Main Equation            : 1 pterm
        (
              \Counter_1:CounterUDB:reload\ * 
              !\Counter_1:CounterUDB:overflow_reg_i\
        );
        Output = \Counter_1:CounterUDB:status_2\ (fanout=1)

    MacroCell: Name=\Counter_1:CounterUDB:count_enable\, Mode=(Combinatorial)
        Total # of inputs        : 3
        Total # of product terms : 1
            Clock Enable: True
        Main Equation            : 1 pterm
        (
              Net_270 * \Counter_1:CounterUDB:control_7\ * 
              !\Counter_1:CounterUDB:count_stored_i\
        );
        Output = \Counter_1:CounterUDB:count_enable\ (fanout=1)

    MacroCell: Name=__ONE__, Mode=(Combinatorial)
        Total # of inputs        : 0
        Total # of product terms : 0
            Clock Enable: True
        Main Equation            : 0 pterms
        !(
            0
        );
        Output = __ONE__ (fanout=1)

    MacroCell: Name=\Counter_1:CounterUDB:overflow_reg_i\, Mode=(D-Register)
        Total # of inputs        : 1
        Total # of product terms : 1
        List of special equations: 
            Clock  = (Net_263) => Global
            Clock Enable: True
        Main Equation            : 1 pterm
        (
              \Counter_1:CounterUDB:reload\
        );
        Output = \Counter_1:CounterUDB:overflow_reg_i\ (fanout=1)

    MacroCell: Name=\Counter_1:CounterUDB:prevCompare\, Mode=(D-Register)
        Total # of inputs        : 1
        Total # of product terms : 1
        List of special equations: 
            Clock  = (Net_263) => Global
            Clock Enable: True
        Main Equation            : 1 pterm
        (
              !\Counter_1:CounterUDB:cmp_less\
        );
        Output = \Counter_1:CounterUDB:prevCompare\ (fanout=2)

    MacroCell: Name=\Counter_1:CounterUDB:count_stored_i\, Mode=(D-Register)
        Total # of inputs        : 1
        Total # of product terms : 1
        List of special equations: 
            Clock  = (Net_263) => Global
            Clock Enable: True
        Main Equation            : 1 pterm
        (
              Net_270
        );
        Output = \Counter_1:CounterUDB:count_stored_i\ (fanout=1)
    </CYPRESSTAG>
    <CYPRESSTAG name="Datapath listing">

    ------------------------------------------------------------
    Datapath listing
    ------------------------------------------------------------

    datapathcell: Name =\Counter_1:CounterUDB:sC8:counterdp:u0\
        PORT MAP (
            clock => Net_263 ,
            cs_addr_2 => __ONE__ ,
            cs_addr_1 => \Counter_1:CounterUDB:count_enable\ ,
            cs_addr_0 => \Counter_1:CounterUDB:reload\ ,
            ce0_comb => \Counter_1:CounterUDB:reload\ ,
            z0_comb => \Counter_1:CounterUDB:status_1\ ,
            cl1_comb => \Counter_1:CounterUDB:cmp_less\ ,
            f0_bus_stat_comb => \Counter_1:CounterUDB:status_6\ ,
            f0_blk_stat_comb => \Counter_1:CounterUDB:status_5\ );
        Properties:
        {
            a0_init = "00000000"
            a1_init = "00000000"
            ce0_sync = 1
            ce1_sync = 1
            cl0_sync = 1
            cl1_sync = 1
            cmsb_sync = 1
            co_msb_sync = 1
            cy_dpconfig = "0000000001000000000000001000000001000000010000000000000010000000000000000100000010101000010100000010000001000000101010000101000011111111000000001111111111111111101000000000000000000001000000000000000000011000"
            d0_init = "00000000"
            d1_init = "00000000"
            f0_blk_sync = 1
            f0_bus_sync = 1
            f1_blk_sync = 1
            f1_bus_sync = 1
            ff0_sync = 1
            ff1_sync = 1
            ov_msb_sync = 1
            so_sync = 1
            z0_sync = 1
            z1_sync = 1
        }
        Clock Polarity: Active High
        Clock Enable: True
    </CYPRESSTAG>
    <CYPRESSTAG name="Status register listing">
    </CYPRESSTAG>
    <CYPRESSTAG name="StatusI register listing">

    ------------------------------------------------------------
    StatusI register listing
    ------------------------------------------------------------

    statusicell: Name =\Counter_1:CounterUDB:sSTSReg:stsreg\
        PORT MAP (
            clock => Net_263 ,
            status_6 => \Counter_1:CounterUDB:status_6\ ,
            status_5 => \Counter_1:CounterUDB:status_5\ ,
            status_2 => \Counter_1:CounterUDB:status_2\ ,
            status_1 => \Counter_1:CounterUDB:status_1\ ,
            status_0 => \Counter_1:CounterUDB:status_0\ );
        Properties:
        {
            cy_force_order = 1
            cy_int_mask = "1111111"
            cy_md_select = "0011111"
        }
        Clock Polarity: Active High
        Clock Enable: True
    </CYPRESSTAG>
    <CYPRESSTAG name="Sync listing">
    </CYPRESSTAG>
    <CYPRESSTAG name="Control register listing">

    ------------------------------------------------------------
    Control register listing
    ------------------------------------------------------------

    controlcell: Name =\Counter_1:CounterUDB:sCTRLReg:ctrlreg\
        PORT MAP (
            clock => Net_263 ,
            control_7 => \Counter_1:CounterUDB:control_7\ ,
            control_6 => \Counter_1:CounterUDB:control_6\ ,
            control_5 => \Counter_1:CounterUDB:control_5\ ,
            control_4 => \Counter_1:CounterUDB:control_4\ ,
            control_3 => \Counter_1:CounterUDB:control_3\ ,
            control_2 => \Counter_1:CounterUDB:control_2\ ,
            control_1 => \Counter_1:CounterUDB:control_1\ ,
            control_0 => \Counter_1:CounterUDB:control_0\ );
        Properties:
        {
            cy_ctrl_mode_0 = "11111111"
            cy_ctrl_mode_1 = "00000000"
            cy_ext_reset = 0
            cy_force_order = 1
            cy_init_value = "00000000"
        }
        Clock Polarity: Active High
        Clock Enable: True
    </CYPRESSTAG>
    <CYPRESSTAG name="Count7 listing">
    </CYPRESSTAG>
    <CYPRESSTAG name="DRQ listing">
    </CYPRESSTAG>
    <CYPRESSTAG name="Interrupt listing">
    </CYPRESSTAG>
</CYPRESSTAG>
<CYPRESSTAG name="Technology mapping summary" expanded>

------------------------------------------------------------
Technology mapping summary
------------------------------------------------------------

Resource Type                 : Used : Free :  Max :  % Used
============================================================
Digital Clocks                :    1 :    7 :    8 : 12.50 %
Analog Clocks                 :    0 :    4 :    4 :  0.00 %
CapSense Buffers              :    0 :    2 :    2 :  0.00 %
Digital Filter Block          :    0 :    1 :    1 :  0.00 %
Interrupts                    :    0 :   32 :   32 :  0.00 %
IO                            :    5 :   43 :   48 : 10.42 %
Segment LCD                   :    0 :    1 :    1 :  0.00 %
CAN 2.0b                      :    0 :    1 :    1 :  0.00 %
I2C                           :    0 :    1 :    1 :  0.00 %
USB                           :    0 :    1 :    1 :  0.00 %
DMA Channels                  :    0 :   24 :   24 :  0.00 %
Timer                         :    0 :    4 :    4 :  0.00 %
UDB                           :      :      :      :        
  Macrocells                  :    7 :  185 :  192 :  3.65 %
  Unique P-terms              :    6 :  378 :  384 :  1.56 %
  Total P-terms               :    6 :      :      :        
  Datapath Cells              :    1 :   23 :   24 :  4.17 %
  Status Cells                :    1 :   23 :   24 :  4.17 %
    StatusI Registers         :    1 :      :      :        
  Control Cells               :    1 :   23 :   24 :  4.17 %
    Control Registers         :    1 :      :      :        
Opamp                         :    0 :    4 :    4 :  0.00 %
Comparator                    :    0 :    4 :    4 :  0.00 %
Delta-Sigma ADC               :    0 :    1 :    1 :  0.00 %
LPF                           :    0 :    2 :    2 :  0.00 %
SAR ADC                       :    0 :    2 :    2 :  0.00 %
Analog (SC/CT) Blocks         :    0 :    4 :    4 :  0.00 %
DAC                           :      :      :      :        
  VIDAC                       :    0 :    4 :    4 :  0.00 %
</CYPRESSTAG>
Technology Mapping: Elapsed time ==> 0s.020ms
Tech Mapping phase: Elapsed time ==> 0s.051ms
</CYPRESSTAG>
<CYPRESSTAG name="Analog Placement">
Initial Analog Placement Results:
IO_2@[IOP=(2)][IoId=(2)] : Boton(0) (fixed)
IO_1@[IOP=(2)][IoId=(1)] : LED(0) (fixed)
Analog Placement phase: Elapsed time ==> 0s.014ms
</CYPRESSTAG>
<CYPRESSTAG name="Analog Routing">
Analog Routing phase: Elapsed time ==> 0s.000ms
</CYPRESSTAG>
<CYPRESSTAG name="Analog Code Generation">
============ Analog Final Answer Routes ============
Dump of CyAnalogRoutingResultsDB
Map of net to items {
}
Map of item to net {
}
Mux Info {
}
Dump of CyP35AnalogRoutingResultsDB
IsVddaHalfUsedForComp = False
IsVddaHalfUsedForSar0 = False
IsVddaHalfUsedForSar1 = False
Analog Code Generation phase: Elapsed time ==> 0s.099ms
</CYPRESSTAG>
<CYPRESSTAG name="Digital Placement">
<CYPRESSTAG name="Detailed placement messages">
I2076: Total run-time: 0.2 sec.

</CYPRESSTAG>
<CYPRESSTAG name="PLD Packing">
<CYPRESSTAG name="PLD Packing Summary" expanded>

------------------------------------------------------------
PLD Packing Summary
------------------------------------------------------------
            Resource Type : Used : Free :  Max :  % Used
    ====================================================
                     PLDs :    3 :   45 :   48 :   6.25%

<CYPRESSTAG name="PLD Statistics">

        PLD Resource Type :     Average/LAB
    =======================================
                   Inputs :            2.33
                   Pterms :            2.00
               Macrocells :            2.33
</CYPRESSTAG>
<CYPRESSTAG name="Packed PLD Contents">
Packed PLD Contents not displayed at this verbose level.</CYPRESSTAG>
</CYPRESSTAG>
PLD Packing: Elapsed time ==> 0s.000ms
</CYPRESSTAG>
<CYPRESSTAG name="Partitioning">
<CYPRESSTAG name="Initial Partitioning Summary">
Initial Partitioning Summary not displayed at this verbose level.</CYPRESSTAG>
<CYPRESSTAG name="Final Partitioning Summary">
Final Partitioning Summary not displayed at this verbose level.</CYPRESSTAG>
Partitioning: Elapsed time ==> 0s.005ms
</CYPRESSTAG>
<CYPRESSTAG name="Final Placement Summary">

------------------------------------------------------------
Final Placement Summary
------------------------------------------------------------

       Resource Type :      Count : Avg Inputs : Avg Outputs
    ========================================================
                 UDB :          2 :       3.50 :       3.50
<CYPRESSTAG name="Final Placement Details">
<CYPRESSTAG name="Component Details">

------------------------------------------------------------
Component Placement Details
------------------------------------------------------------
UDB [UDB=(0,0)] is empty.
UDB [UDB=(0,1)] is empty.
UDB [UDB=(0,2)] is empty.
UDB [UDB=(0,3)] is empty.
UDB [UDB=(0,4)] contents:
LAB@[UDB=(0,4)][LB=0] #macrocells=4, #inputs=5, #pterms=4
{
    [McSlotId=0]:     MacroCell: Name=\Counter_1:CounterUDB:count_enable\, Mode=(Combinatorial) @ [UDB=(0,4)][LB=0][MC=0]
        Total # of inputs        : 3
        Total # of product terms : 1
            Clock Enable: True
        Main Equation            : 1 pterm
        (
              Net_270 * \Counter_1:CounterUDB:control_7\ * 
              !\Counter_1:CounterUDB:count_stored_i\
        );
        Output = \Counter_1:CounterUDB:count_enable\ (fanout=1)
        Properties               : 
        {
        }

    [McSlotId=1]:     MacroCell: Name=\Counter_1:CounterUDB:count_stored_i\, Mode=(D-Register) @ [UDB=(0,4)][LB=0][MC=1]
        Total # of inputs        : 1
        Total # of product terms : 1
        List of special equations: 
            Clock  = (Net_263) => Global
            Clock Enable: True
        Main Equation            : 1 pterm
        (
              Net_270
        );
        Output = \Counter_1:CounterUDB:count_stored_i\ (fanout=1)
        Properties               : 
        {
        }

    [McSlotId=2]:     MacroCell: Name=\Counter_1:CounterUDB:status_0\, Mode=(Combinatorial) @ [UDB=(0,4)][LB=0][MC=2]
        Total # of inputs        : 2
        Total # of product terms : 1
            Clock Enable: True
        Main Equation            : 1 pterm
        (
              !\Counter_1:CounterUDB:cmp_less\ * 
              !\Counter_1:CounterUDB:prevCompare\
        );
        Output = \Counter_1:CounterUDB:status_0\ (fanout=1)
        Properties               : 
        {
        }

    [McSlotId=3]:     MacroCell: Name=\Counter_1:CounterUDB:prevCompare\, Mode=(D-Register) @ [UDB=(0,4)][LB=0][MC=3]
        Total # of inputs        : 1
        Total # of product terms : 1
        List of special equations: 
            Clock  = (Net_263) => Global
            Clock Enable: True
        Main Equation            : 1 pterm
        (
              !\Counter_1:CounterUDB:cmp_less\
        );
        Output = \Counter_1:CounterUDB:prevCompare\ (fanout=2)
        Properties               : 
        {
        }
}

LAB@[UDB=(0,4)][LB=1] #macrocells=2, #inputs=2, #pterms=2
{
    [McSlotId=0]:     MacroCell: Name=\Counter_1:CounterUDB:status_2\, Mode=(Combinatorial) @ [UDB=(0,4)][LB=1][MC=0]
        Total # of inputs        : 2
        Total # of product terms : 1
            Clock Enable: True
        Main Equation            : 1 pterm
        (
              \Counter_1:CounterUDB:reload\ * 
              !\Counter_1:CounterUDB:overflow_reg_i\
        );
        Output = \Counter_1:CounterUDB:status_2\ (fanout=1)
        Properties               : 
        {
        }

    [McSlotId=1]:     MacroCell: Name=\Counter_1:CounterUDB:overflow_reg_i\, Mode=(D-Register) @ [UDB=(0,4)][LB=1][MC=1]
        Total # of inputs        : 1
        Total # of product terms : 1
        List of special equations: 
            Clock  = (Net_263) => Global
            Clock Enable: True
        Main Equation            : 1 pterm
        (
              \Counter_1:CounterUDB:reload\
        );
        Output = \Counter_1:CounterUDB:overflow_reg_i\ (fanout=1)
        Properties               : 
        {
        }

    [McSlotId=2]: (empty)
    [McSlotId=3]: (empty)
}

datapathcell: Name =\Counter_1:CounterUDB:sC8:counterdp:u0\
    PORT MAP (
        clock => Net_263 ,
        cs_addr_2 => __ONE__ ,
        cs_addr_1 => \Counter_1:CounterUDB:count_enable\ ,
        cs_addr_0 => \Counter_1:CounterUDB:reload\ ,
        ce0_comb => \Counter_1:CounterUDB:reload\ ,
        z0_comb => \Counter_1:CounterUDB:status_1\ ,
        cl1_comb => \Counter_1:CounterUDB:cmp_less\ ,
        f0_bus_stat_comb => \Counter_1:CounterUDB:status_6\ ,
        f0_blk_stat_comb => \Counter_1:CounterUDB:status_5\ );
    Properties:
    {
        a0_init = "00000000"
        a1_init = "00000000"
        ce0_sync = 1
        ce1_sync = 1
        cl0_sync = 1
        cl1_sync = 1
        cmsb_sync = 1
        co_msb_sync = 1
        cy_dpconfig = "0000000001000000000000001000000001000000010000000000000010000000000000000100000010101000010100000010000001000000101010000101000011111111000000001111111111111111101000000000000000000001000000000000000000011000"
        d0_init = "00000000"
        d1_init = "00000000"
        f0_blk_sync = 1
        f0_bus_sync = 1
        f1_blk_sync = 1
        f1_bus_sync = 1
        ff0_sync = 1
        ff1_sync = 1
        ov_msb_sync = 1
        so_sync = 1
        z0_sync = 1
        z1_sync = 1
    }
    Clock Polarity: Active High
    Clock Enable: True

statusicell: Name =\Counter_1:CounterUDB:sSTSReg:stsreg\
    PORT MAP (
        clock => Net_263 ,
        status_6 => \Counter_1:CounterUDB:status_6\ ,
        status_5 => \Counter_1:CounterUDB:status_5\ ,
        status_2 => \Counter_1:CounterUDB:status_2\ ,
        status_1 => \Counter_1:CounterUDB:status_1\ ,
        status_0 => \Counter_1:CounterUDB:status_0\ );
    Properties:
    {
        cy_force_order = 1
        cy_int_mask = "1111111"
        cy_md_select = "0011111"
    }
    Clock Polarity: Active High
    Clock Enable: True

controlcell: Name =\Counter_1:CounterUDB:sCTRLReg:ctrlreg\
    PORT MAP (
        clock => Net_263 ,
        control_7 => \Counter_1:CounterUDB:control_7\ ,
        control_6 => \Counter_1:CounterUDB:control_6\ ,
        control_5 => \Counter_1:CounterUDB:control_5\ ,
        control_4 => \Counter_1:CounterUDB:control_4\ ,
        control_3 => \Counter_1:CounterUDB:control_3\ ,
        control_2 => \Counter_1:CounterUDB:control_2\ ,
        control_1 => \Counter_1:CounterUDB:control_1\ ,
        control_0 => \Counter_1:CounterUDB:control_0\ );
    Properties:
    {
        cy_ctrl_mode_0 = "11111111"
        cy_ctrl_mode_1 = "00000000"
        cy_ext_reset = 0
        cy_force_order = 1
        cy_init_value = "00000000"
    }
    Clock Polarity: Active High
    Clock Enable: True

UDB [UDB=(0,5)] is empty.
UDB [UDB=(1,0)] is empty.
UDB [UDB=(1,1)] is empty.
UDB [UDB=(1,2)] is empty.
UDB [UDB=(1,3)] contents:
LAB@[UDB=(1,3)][LB=0] #macrocells=1, #inputs=0, #pterms=0
{
    [McSlotId=0]:     MacroCell: Name=__ONE__, Mode=(Combinatorial) @ [UDB=(1,3)][LB=0][MC=0]
        Total # of inputs        : 0
        Total # of product terms : 0
            Clock Enable: True
        Main Equation            : 0 pterms
        !(
            0
        );
        Output = __ONE__ (fanout=1)
        Properties               : 
        {
        }

    [McSlotId=1]: (empty)
    [McSlotId=2]: (empty)
    [McSlotId=3]: (empty)
}

UDB [UDB=(1,4)] is empty.
UDB [UDB=(1,5)] is empty.
UDB [UDB=(2,0)] is empty.
UDB [UDB=(2,1)] is empty.
UDB [UDB=(2,2)] is empty.
UDB [UDB=(2,3)] is empty.
UDB [UDB=(2,4)] is empty.
UDB [UDB=(2,5)] is empty.
UDB [UDB=(3,0)] is empty.
UDB [UDB=(3,1)] is empty.
UDB [UDB=(3,2)] is empty.
UDB [UDB=(3,3)] is empty.
UDB [UDB=(3,4)] is empty.
UDB [UDB=(3,5)] is empty.
Intr container @ [IntrContainer=(0)]: empty
Drq container @ [DrqContainer=(0)]: empty
Port 0 contains the following IO cells:
Port 1 contains the following IO cells:
Port 2 contains the following IO cells:
[IoId=1]: 
Pin : Name = LED(0)
    Attributes:
        In Group/Port: True
        In Sync Option: AUTO
        Out Sync Option: NOSYNC
        Interrupt generated: False
        Interrupt mode: NONE
        Drive mode: CMOS_OUT
        VTrip: EITHER
        Slew: FAST
        Input Sync needed: False
        Output Sync needed: False
        SC shield enabled: False
        POR State: ANY
        LCD Mode: COMMON
        Register Mode: RegComb
        CaSense Mode: NEITHER
        Treat as pin: True
        Is OE Registered: False
        Uses Analog: False
        Can contain Digital: True
        Is SIO: False
        SIO Output Buf: NONREGULATED
        SIO Input Buf: SINGLE_ENDED
        SIO HiFreq: LOW
        SIO Hyst: DISABLED
        SIO Vtrip: MULTIPLIER_0_5
        SIO Multiplier Index: 0
        SIO RefSel: VCC_IO
        Required Capabilities: DIGITAL, ROUTABLE
        Initial Value: 0
        IO Voltage: 0
    PORT MAP (
        pa_out => LED(0)__PA ,
        pin_input => \Counter_1:CounterUDB:prevCompare\ ,
        pad => LED(0)_PAD );
    Properties:
    {
    }

[IoId=2]: 
Pin : Name = Boton(0)
    Attributes:
        In Group/Port: True
        In Sync Option: NOSYNC
        Out Sync Option: AUTO
        Interrupt generated: False
        Interrupt mode: NONE
        Drive mode: RES_PULL_UP
        VTrip: CMOS
        Slew: FAST
        Input Sync needed: False
        Output Sync needed: False
        SC shield enabled: False
        POR State: ANY
        LCD Mode: COMMON
        Register Mode: RegComb
        CaSense Mode: NEITHER
        Treat as pin: True
        Is OE Registered: False
        Uses Analog: False
        Can contain Digital: True
        Is SIO: False
        SIO Output Buf: NONREGULATED
        SIO Input Buf: SINGLE_ENDED
        SIO HiFreq: LOW
        SIO Hyst: DISABLED
        SIO Vtrip: MULTIPLIER_0_5
        SIO Multiplier Index: 0
        SIO RefSel: VCC_IO
        Required Capabilities: DIGITAL, ROUTABLE
        Initial Value: 1
        IO Voltage: 0
    PORT MAP (
        pa_out => Boton(0)__PA ,
        fb => Net_270 ,
        pad => Boton(0)_PAD );
    Properties:
    {
    }

Port 3 contains the following IO cells:
Port 12 contains the following IO cells:
Port 15 contains the following IO cells:
ARM group 0: empty
CAN group 0: empty
Cache group 0: empty
CapSense group 0: empty
Clock group 0: 
    Clock Block @ F(Clock,0): 
    clockblockcell: Name =ClockBlock
        PORT MAP (
            imo => ClockBlock_IMO ,
            pllout => ClockBlock_PLL_OUT ,
            ilo => ClockBlock_ILO ,
            clk_100k => ClockBlock_100k ,
            clk_1k => ClockBlock_1k ,
            clk_32k => ClockBlock_32k ,
            xtal => ClockBlock_XTAL ,
            clk_32k_xtal => ClockBlock_XTAL_32KHZ ,
            clk_sync => ClockBlock_MASTER_CLK ,
            clk_bus_glb => ClockBlock_BUS_CLK ,
            clk_bus => ClockBlock_BUS_CLK_local ,
            dclk_glb_0 => Net_263 ,
            dclk_0 => Net_263_local );
        Properties:
        {
        }
Comparator group 0: empty
DFB group 0: empty
DSM group 0: empty
Decimator group 0: empty
EMIF group 0: empty
I2C group 0: empty
LCD group 0: empty
LVD group 0: empty
PICU group 0: empty
PM group 0: empty
SC group 0: empty
SPC group 0: empty
Timer group 0: empty
USB group 0: empty
VIDAC group 0: empty
OpAmp group 0: empty
CsAbuf group 0: empty
Vref group 0: empty
LPF group 0: empty
SAR group 0: empty
ANAIF group 0: empty
PHUB group 0: empty
</CYPRESSTAG>
<CYPRESSTAG name="Port Configuration Details">

------------------------------------------------------------
Port Configuration report
------------------------------------------------------------
     |     |       | Interrupt |                  |          | 
Port | Pin | Fixed |      Type |       Drive Mode |     Name | Connections
-----+-----+-------+-----------+------------------+----------+---------------------------------------
   2 |   1 |     * |      NONE |         CMOS_OUT |   LED(0) | In(\Counter_1:CounterUDB:prevCompare\)
     |   2 |     * |      NONE |      RES_PULL_UP | Boton(0) | FB(Net_270)
-----------------------------------------------------------------------------------------------------
</CYPRESSTAG>
</CYPRESSTAG>
</CYPRESSTAG>
Digital component placer commit/Report: Elapsed time ==> 0s.004ms
Digital Placement phase: Elapsed time ==> 0s.338ms
</CYPRESSTAG>
<CYPRESSTAG name="Digital Routing">
"C:\Program Files (x86)\Cypress\PSoC Creator\4.4\PSoC Creator\bin/sjrouter.exe" --xml-path "C:\Program Files (x86)\Cypress\PSoC Creator\4.4\PSoC Creator\dev\psoc5/psoc5lp/route_arch-rrg.cydata" --vh2-path "Contador_r.vh2" --pcf-path "Contador.pco" --des-name "Contador" --dsf-path "Contador.dsf" --sdc-path "Contador.sdc" --lib-path "Contador_r.lib"
Routing successful.
Digital Routing phase: Elapsed time ==> 0s.510ms
</CYPRESSTAG>
<CYPRESSTAG name="Bitstream Generation">
Bitstream Generation phase: Elapsed time ==> 0s.074ms
</CYPRESSTAG>
<CYPRESSTAG name="Bitstream Verification">
Bitstream Verification phase: Elapsed time ==> 0s.014ms
</CYPRESSTAG>
<CYPRESSTAG name="Static timing analysis">
Timing report is in Contador_timing.html.
Static timing analysis phase: Elapsed time ==> 0s.117ms
</CYPRESSTAG>
<CYPRESSTAG name="Data reporting">
Data reporting phase: Elapsed time ==> 0s.000ms
</CYPRESSTAG>
<CYPRESSTAG name="Database update...">
Design database save phase: Elapsed time ==> 0s.085ms
</CYPRESSTAG>
cydsfit: Elapsed time ==> 1s.353ms
</CYPRESSTAG>
Fitter phase: Elapsed time ==> 1s.353ms
API generation phase: Elapsed time ==> 0s.313ms
Dependency generation phase: Elapsed time ==> 0s.004ms
Cleanup phase: Elapsed time ==> 0s.000ms
