--------------- Build Started: 02/05/2025 15:25:46 Project: Input_Pin, Configuration: ARM GCC 5.4-2016-q2-update Debug ---------------
cydsfit.exe -.appdatapath "C:\Users\Fabian\AppData\Local\Cypress Semiconductor\PSoC Creator\4.4" -.fdsnotice -.fdswarpdepfile=warp_dependencies.txt -.fdselabdepfile=elab_dependencies.txt -.fdsbldfile=generated_files.txt -.fdsreffile=referenced_files.txt -p "C:\Users\Fabian\OneDrive - Escuela Tecnologica Instituto Tecnico Central\A_Microcontroladores\Microcontroladores\Sesion_2\Input_Pin\Input_Pin.cydsn\Input_Pin.cyprj" -d CY8C5888LTI-LP097 -s "C:\Users\Fabian\OneDrive - Escuela Tecnologica Instituto Tecnico Central\A_Microcontroladores\Microcontroladores\Sesion_2\Input_Pin\Input_Pin.cydsn\Generated_Source\PSoC5" -- -yv2 -q10 -ygs -o2 -v3 -.fftcfgtype=LE
Elaborating Design...
HDL Generation...
Synthesis...
Tech Mapping...
Analog Placement...
Analog Routing...
Analog Code Generation...
Digital Placement...
Digital Routing...
Bitstream Generation...
Bitstream Verification...
Static timing analysis...
API Generation...
Dependency Generation...
Cleanup...
The compile step is up to date, no work needs to be done.
The link step is up to date, no work needs to be done.
--------------- Build Succeeded: 02/05/2025 15:25:49 ---------------
