ARM GAS  C:\Users\Fabian\AppData\Local\Temp\ccsfcVfM.s 			page 1


   1              		.syntax unified
   2              		.cpu cortex-m3
   3              		.fpu softvfp
   4              		.eabi_attribute 20, 1
   5              		.eabi_attribute 21, 1
   6              		.eabi_attribute 23, 3
   7              		.eabi_attribute 24, 1
   8              		.eabi_attribute 25, 1
   9              		.eabi_attribute 26, 1
  10              		.eabi_attribute 30, 1
  11              		.eabi_attribute 34, 1
  12              		.eabi_attribute 18, 4
  13              		.thumb
  14              		.syntax unified
  15              		.file	"main.c"
  16              		.text
  17              	.Ltext0:
  18              		.cfi_sections	.debug_frame
  19              		.section	.text.Interruption,"ax",%progbits
  20              		.align	2
  21              		.global	Interruption
  22              		.thumb
  23              		.thumb_func
  24              		.type	Interruption, %function
  25              	Interruption:
  26              	.LFB63:
  27              		.file 1 "main.c"
   1:main.c        **** /* ========================================
   2:main.c        ****  *
   3:main.c        ****  * Copyright YOUR COMPANY, THE YEAR
   4:main.c        ****  * All Rights Reserved
   5:main.c        ****  * UNPUBLISHED, LICENSED SOFTWARE.
   6:main.c        ****  *
   7:main.c        ****  * CONFIDENTIAL AND PROPRIETARY INFORMATION
   8:main.c        ****  * WHICH IS THE PROPERTY OF your company.
   9:main.c        ****  *
  10:main.c        ****  * ========================================
  11:main.c        **** */
  12:main.c        **** #include "project.h"
  13:main.c        **** 
  14:main.c        **** int lectura;
  15:main.c        **** CY_ISR(Interruption){
  28              		.loc 1 15 0
  29              		.cfi_startproc
  30              		@ args = 0, pretend = 0, frame = 0
  31              		@ frame_needed = 0, uses_anonymous_args = 0
  32 0000 08B5     		push	{r3, lr}
  33              		.cfi_def_cfa_offset 8
  34              		.cfi_offset 3, -8
  35              		.cfi_offset 14, -4
  16:main.c        ****     LED_Write(!LED_Read());
  36              		.loc 1 16 0
  37 0002 FFF7FEFF 		bl	LED_Read
  38              	.LVL0:
  39 0006 B0FA80F0 		clz	r0, r0
  40 000a 4009     		lsrs	r0, r0, #5
  41 000c FFF7FEFF 		bl	LED_Write
ARM GAS  C:\Users\Fabian\AppData\Local\Temp\ccsfcVfM.s 			page 2


  42              	.LVL1:
  17:main.c        ****     isr_1_ClearPending();
  43              		.loc 1 17 0
  44 0010 FFF7FEFF 		bl	isr_1_ClearPending
  45              	.LVL2:
  18:main.c        ****     Timer_1_ReadStatusRegister();
  46              		.loc 1 18 0
  47 0014 FFF7FEFF 		bl	Timer_1_ReadStatusRegister
  48              	.LVL3:
  49 0018 08BD     		pop	{r3, pc}
  50              		.cfi_endproc
  51              	.LFE63:
  52              		.size	Interruption, .-Interruption
  53 001a 00BF     		.section	.text.main,"ax",%progbits
  54              		.align	2
  55              		.global	main
  56              		.thumb
  57              		.thumb_func
  58              		.type	main, %function
  59              	main:
  60              	.LFB64:
  19:main.c        **** 
  20:main.c        **** }
  21:main.c        **** 
  22:main.c        **** 
  23:main.c        **** 
  24:main.c        **** int main(void)
  25:main.c        **** {
  61              		.loc 1 25 0
  62              		.cfi_startproc
  63              		@ Volatile: function does not return.
  64              		@ args = 0, pretend = 0, frame = 0
  65              		@ frame_needed = 0, uses_anonymous_args = 0
  66 0000 08B5     		push	{r3, lr}
  67              		.cfi_def_cfa_offset 8
  68              		.cfi_offset 3, -8
  69              		.cfi_offset 14, -4
  26:main.c        ****     CyGlobalIntEnable; 
  70              		.loc 1 26 0
  71              		.syntax unified
  72              	@ 26 "main.c" 1
  73 0002 62B6     		CPSIE   i
  74              	@ 0 "" 2
  27:main.c        ****     Timer_1_Start();
  75              		.loc 1 27 0
  76              		.thumb
  77              		.syntax unified
  78 0004 FFF7FEFF 		bl	Timer_1_Start
  79              	.LVL4:
  28:main.c        ****     
  29:main.c        ****     isr_1_StartEx(Interruption);
  80              		.loc 1 29 0
  81 0008 0148     		ldr	r0, .L6
  82 000a FFF7FEFF 		bl	isr_1_StartEx
  83              	.LVL5:
  84              	.L4:
  85 000e FEE7     		b	.L4
ARM GAS  C:\Users\Fabian\AppData\Local\Temp\ccsfcVfM.s 			page 3


  86              	.L7:
  87              		.align	2
  88              	.L6:
  89 0010 00000000 		.word	Interruption
  90              		.cfi_endproc
  91              	.LFE64:
  92              		.size	main, .-main
  93              		.comm	lectura,4,4
  94              		.text
  95              	.Letext0:
  96              		.file 2 "c:\\program files (x86)\\cypress\\psoc creator\\4.4\\psoc creator\\import\\gnu\\arm\\5.4.
  97              		.file 3 "c:\\program files (x86)\\cypress\\psoc creator\\4.4\\psoc creator\\import\\gnu\\arm\\5.4.
  98              		.file 4 "Generated_Source\\PSoC5/core_cm3.h"
  99              		.file 5 "Generated_Source\\PSoC5/LED.h"
 100              		.file 6 "Generated_Source\\PSoC5/isr_1.h"
 101              		.file 7 "Generated_Source\\PSoC5/Timer_1.h"
 102              		.section	.debug_info,"",%progbits
 103              	.Ldebug_info0:
 104 0000 75010000 		.4byte	0x175
 105 0004 0400     		.2byte	0x4
 106 0006 00000000 		.4byte	.Ldebug_abbrev0
 107 000a 04       		.byte	0x4
 108 000b 01       		.uleb128 0x1
 109 000c 4A000000 		.4byte	.LASF24
 110 0010 0C       		.byte	0xc
 111 0011 36000000 		.4byte	.LASF25
 112 0015 CD010000 		.4byte	.LASF26
 113 0019 00000000 		.4byte	.Ldebug_ranges0+0
 114 001d 00000000 		.4byte	0
 115 0021 00000000 		.4byte	.Ldebug_line0
 116 0025 02       		.uleb128 0x2
 117 0026 01       		.byte	0x1
 118 0027 06       		.byte	0x6
 119 0028 93010000 		.4byte	.LASF0
 120 002c 02       		.uleb128 0x2
 121 002d 01       		.byte	0x1
 122 002e 08       		.byte	0x8
 123 002f 47010000 		.4byte	.LASF1
 124 0033 02       		.uleb128 0x2
 125 0034 02       		.byte	0x2
 126 0035 05       		.byte	0x5
 127 0036 BB010000 		.4byte	.LASF2
 128 003a 02       		.uleb128 0x2
 129 003b 02       		.byte	0x2
 130 003c 07       		.byte	0x7
 131 003d 0B010000 		.4byte	.LASF3
 132 0041 03       		.uleb128 0x3
 133 0042 AB010000 		.4byte	.LASF9
 134 0046 02       		.byte	0x2
 135 0047 3F       		.byte	0x3f
 136 0048 4C000000 		.4byte	0x4c
 137 004c 02       		.uleb128 0x2
 138 004d 04       		.byte	0x4
 139 004e 05       		.byte	0x5
 140 004f 7D010000 		.4byte	.LASF4
 141 0053 02       		.uleb128 0x2
 142 0054 04       		.byte	0x4
ARM GAS  C:\Users\Fabian\AppData\Local\Temp\ccsfcVfM.s 			page 4


 143 0055 07       		.byte	0x7
 144 0056 E2000000 		.4byte	.LASF5
 145 005a 02       		.uleb128 0x2
 146 005b 08       		.byte	0x8
 147 005c 05       		.byte	0x5
 148 005d 00000000 		.4byte	.LASF6
 149 0061 02       		.uleb128 0x2
 150 0062 08       		.byte	0x8
 151 0063 07       		.byte	0x7
 152 0064 F4000000 		.4byte	.LASF7
 153 0068 04       		.uleb128 0x4
 154 0069 04       		.byte	0x4
 155 006a 05       		.byte	0x5
 156 006b 696E7400 		.ascii	"int\000"
 157 006f 02       		.uleb128 0x2
 158 0070 04       		.byte	0x4
 159 0071 07       		.byte	0x7
 160 0072 29000000 		.4byte	.LASF8
 161 0076 03       		.uleb128 0x3
 162 0077 C5010000 		.4byte	.LASF10
 163 007b 03       		.byte	0x3
 164 007c 2C       		.byte	0x2c
 165 007d 41000000 		.4byte	0x41
 166 0081 02       		.uleb128 0x2
 167 0082 04       		.byte	0x4
 168 0083 04       		.byte	0x4
 169 0084 B5010000 		.4byte	.LASF11
 170 0088 02       		.uleb128 0x2
 171 0089 08       		.byte	0x8
 172 008a 04       		.byte	0x4
 173 008b 76010000 		.4byte	.LASF12
 174 008f 02       		.uleb128 0x2
 175 0090 01       		.byte	0x1
 176 0091 08       		.byte	0x8
 177 0092 55010000 		.4byte	.LASF13
 178 0096 02       		.uleb128 0x2
 179 0097 08       		.byte	0x8
 180 0098 04       		.byte	0x4
 181 0099 9F010000 		.4byte	.LASF14
 182 009d 02       		.uleb128 0x2
 183 009e 04       		.byte	0x4
 184 009f 07       		.byte	0x7
 185 00a0 06020000 		.4byte	.LASF15
 186 00a4 05       		.uleb128 0x5
 187 00a5 27010000 		.4byte	.LASF27
 188 00a9 01       		.byte	0x1
 189 00aa 0F       		.byte	0xf
 190 00ab 00000000 		.4byte	.LFB63
 191 00af 1A000000 		.4byte	.LFE63-.LFB63
 192 00b3 01       		.uleb128 0x1
 193 00b4 9C       		.byte	0x9c
 194 00b5 DE000000 		.4byte	0xde
 195 00b9 06       		.uleb128 0x6
 196 00ba 06000000 		.4byte	.LVL0
 197 00be 36010000 		.4byte	0x136
 198 00c2 06       		.uleb128 0x6
 199 00c3 10000000 		.4byte	.LVL1
ARM GAS  C:\Users\Fabian\AppData\Local\Temp\ccsfcVfM.s 			page 5


 200 00c7 41010000 		.4byte	0x141
 201 00cb 06       		.uleb128 0x6
 202 00cc 14000000 		.4byte	.LVL2
 203 00d0 4C010000 		.4byte	0x14c
 204 00d4 06       		.uleb128 0x6
 205 00d5 18000000 		.4byte	.LVL3
 206 00d9 57010000 		.4byte	0x157
 207 00dd 00       		.byte	0
 208 00de 07       		.uleb128 0x7
 209 00df 3D000000 		.4byte	.LASF28
 210 00e3 01       		.byte	0x1
 211 00e4 18       		.byte	0x18
 212 00e5 68000000 		.4byte	0x68
 213 00e9 00000000 		.4byte	.LFB64
 214 00ed 14000000 		.4byte	.LFE64-.LFB64
 215 00f1 01       		.uleb128 0x1
 216 00f2 9C       		.byte	0x9c
 217 00f3 14010000 		.4byte	0x114
 218 00f7 06       		.uleb128 0x6
 219 00f8 08000000 		.4byte	.LVL4
 220 00fc 62010000 		.4byte	0x162
 221 0100 08       		.uleb128 0x8
 222 0101 0E000000 		.4byte	.LVL5
 223 0105 6D010000 		.4byte	0x16d
 224 0109 09       		.uleb128 0x9
 225 010a 01       		.uleb128 0x1
 226 010b 50       		.byte	0x50
 227 010c 05       		.uleb128 0x5
 228 010d 03       		.byte	0x3
 229 010e 00000000 		.4byte	Interruption
 230 0112 00       		.byte	0
 231 0113 00       		.byte	0
 232 0114 0A       		.uleb128 0xa
 233 0115 86010000 		.4byte	.LASF16
 234 0119 04       		.byte	0x4
 235 011a 1207     		.2byte	0x712
 236 011c 20010000 		.4byte	0x120
 237 0120 0B       		.uleb128 0xb
 238 0121 76000000 		.4byte	0x76
 239 0125 0C       		.uleb128 0xc
 240 0126 42000000 		.4byte	.LASF17
 241 012a 01       		.byte	0x1
 242 012b 0E       		.byte	0xe
 243 012c 68000000 		.4byte	0x68
 244 0130 05       		.uleb128 0x5
 245 0131 03       		.byte	0x3
 246 0132 00000000 		.4byte	lectura
 247 0136 0D       		.uleb128 0xd
 248 0137 1E010000 		.4byte	.LASF18
 249 013b 1E010000 		.4byte	.LASF18
 250 013f 05       		.byte	0x5
 251 0140 29       		.byte	0x29
 252 0141 0D       		.uleb128 0xd
 253 0142 D8000000 		.4byte	.LASF19
 254 0146 D8000000 		.4byte	.LASF19
 255 014a 05       		.byte	0x5
 256 014b 26       		.byte	0x26
ARM GAS  C:\Users\Fabian\AppData\Local\Temp\ccsfcVfM.s 			page 6


 257 014c 0D       		.uleb128 0xd
 258 014d 34010000 		.4byte	.LASF20
 259 0151 34010000 		.4byte	.LASF20
 260 0155 06       		.byte	0x6
 261 0156 28       		.byte	0x28
 262 0157 0D       		.uleb128 0xd
 263 0158 0E000000 		.4byte	.LASF21
 264 015c 0E000000 		.4byte	.LASF21
 265 0160 07       		.byte	0x7
 266 0161 5E       		.byte	0x5e
 267 0162 0D       		.uleb128 0xd
 268 0163 68010000 		.4byte	.LASF22
 269 0167 68010000 		.4byte	.LASF22
 270 016b 07       		.byte	0x7
 271 016c 5A       		.byte	0x5a
 272 016d 0D       		.uleb128 0xd
 273 016e 5A010000 		.4byte	.LASF23
 274 0172 5A010000 		.4byte	.LASF23
 275 0176 06       		.byte	0x6
 276 0177 18       		.byte	0x18
 277 0178 00       		.byte	0
 278              		.section	.debug_abbrev,"",%progbits
 279              	.Ldebug_abbrev0:
 280 0000 01       		.uleb128 0x1
 281 0001 11       		.uleb128 0x11
 282 0002 01       		.byte	0x1
 283 0003 25       		.uleb128 0x25
 284 0004 0E       		.uleb128 0xe
 285 0005 13       		.uleb128 0x13
 286 0006 0B       		.uleb128 0xb
 287 0007 03       		.uleb128 0x3
 288 0008 0E       		.uleb128 0xe
 289 0009 1B       		.uleb128 0x1b
 290 000a 0E       		.uleb128 0xe
 291 000b 55       		.uleb128 0x55
 292 000c 17       		.uleb128 0x17
 293 000d 11       		.uleb128 0x11
 294 000e 01       		.uleb128 0x1
 295 000f 10       		.uleb128 0x10
 296 0010 17       		.uleb128 0x17
 297 0011 00       		.byte	0
 298 0012 00       		.byte	0
 299 0013 02       		.uleb128 0x2
 300 0014 24       		.uleb128 0x24
 301 0015 00       		.byte	0
 302 0016 0B       		.uleb128 0xb
 303 0017 0B       		.uleb128 0xb
 304 0018 3E       		.uleb128 0x3e
 305 0019 0B       		.uleb128 0xb
 306 001a 03       		.uleb128 0x3
 307 001b 0E       		.uleb128 0xe
 308 001c 00       		.byte	0
 309 001d 00       		.byte	0
 310 001e 03       		.uleb128 0x3
 311 001f 16       		.uleb128 0x16
 312 0020 00       		.byte	0
 313 0021 03       		.uleb128 0x3
ARM GAS  C:\Users\Fabian\AppData\Local\Temp\ccsfcVfM.s 			page 7


 314 0022 0E       		.uleb128 0xe
 315 0023 3A       		.uleb128 0x3a
 316 0024 0B       		.uleb128 0xb
 317 0025 3B       		.uleb128 0x3b
 318 0026 0B       		.uleb128 0xb
 319 0027 49       		.uleb128 0x49
 320 0028 13       		.uleb128 0x13
 321 0029 00       		.byte	0
 322 002a 00       		.byte	0
 323 002b 04       		.uleb128 0x4
 324 002c 24       		.uleb128 0x24
 325 002d 00       		.byte	0
 326 002e 0B       		.uleb128 0xb
 327 002f 0B       		.uleb128 0xb
 328 0030 3E       		.uleb128 0x3e
 329 0031 0B       		.uleb128 0xb
 330 0032 03       		.uleb128 0x3
 331 0033 08       		.uleb128 0x8
 332 0034 00       		.byte	0
 333 0035 00       		.byte	0
 334 0036 05       		.uleb128 0x5
 335 0037 2E       		.uleb128 0x2e
 336 0038 01       		.byte	0x1
 337 0039 3F       		.uleb128 0x3f
 338 003a 19       		.uleb128 0x19
 339 003b 03       		.uleb128 0x3
 340 003c 0E       		.uleb128 0xe
 341 003d 3A       		.uleb128 0x3a
 342 003e 0B       		.uleb128 0xb
 343 003f 3B       		.uleb128 0x3b
 344 0040 0B       		.uleb128 0xb
 345 0041 27       		.uleb128 0x27
 346 0042 19       		.uleb128 0x19
 347 0043 11       		.uleb128 0x11
 348 0044 01       		.uleb128 0x1
 349 0045 12       		.uleb128 0x12
 350 0046 06       		.uleb128 0x6
 351 0047 40       		.uleb128 0x40
 352 0048 18       		.uleb128 0x18
 353 0049 9742     		.uleb128 0x2117
 354 004b 19       		.uleb128 0x19
 355 004c 01       		.uleb128 0x1
 356 004d 13       		.uleb128 0x13
 357 004e 00       		.byte	0
 358 004f 00       		.byte	0
 359 0050 06       		.uleb128 0x6
 360 0051 898201   		.uleb128 0x4109
 361 0054 00       		.byte	0
 362 0055 11       		.uleb128 0x11
 363 0056 01       		.uleb128 0x1
 364 0057 31       		.uleb128 0x31
 365 0058 13       		.uleb128 0x13
 366 0059 00       		.byte	0
 367 005a 00       		.byte	0
 368 005b 07       		.uleb128 0x7
 369 005c 2E       		.uleb128 0x2e
 370 005d 01       		.byte	0x1
ARM GAS  C:\Users\Fabian\AppData\Local\Temp\ccsfcVfM.s 			page 8


 371 005e 3F       		.uleb128 0x3f
 372 005f 19       		.uleb128 0x19
 373 0060 03       		.uleb128 0x3
 374 0061 0E       		.uleb128 0xe
 375 0062 3A       		.uleb128 0x3a
 376 0063 0B       		.uleb128 0xb
 377 0064 3B       		.uleb128 0x3b
 378 0065 0B       		.uleb128 0xb
 379 0066 27       		.uleb128 0x27
 380 0067 19       		.uleb128 0x19
 381 0068 49       		.uleb128 0x49
 382 0069 13       		.uleb128 0x13
 383 006a 8701     		.uleb128 0x87
 384 006c 19       		.uleb128 0x19
 385 006d 11       		.uleb128 0x11
 386 006e 01       		.uleb128 0x1
 387 006f 12       		.uleb128 0x12
 388 0070 06       		.uleb128 0x6
 389 0071 40       		.uleb128 0x40
 390 0072 18       		.uleb128 0x18
 391 0073 9742     		.uleb128 0x2117
 392 0075 19       		.uleb128 0x19
 393 0076 01       		.uleb128 0x1
 394 0077 13       		.uleb128 0x13
 395 0078 00       		.byte	0
 396 0079 00       		.byte	0
 397 007a 08       		.uleb128 0x8
 398 007b 898201   		.uleb128 0x4109
 399 007e 01       		.byte	0x1
 400 007f 11       		.uleb128 0x11
 401 0080 01       		.uleb128 0x1
 402 0081 31       		.uleb128 0x31
 403 0082 13       		.uleb128 0x13
 404 0083 00       		.byte	0
 405 0084 00       		.byte	0
 406 0085 09       		.uleb128 0x9
 407 0086 8A8201   		.uleb128 0x410a
 408 0089 00       		.byte	0
 409 008a 02       		.uleb128 0x2
 410 008b 18       		.uleb128 0x18
 411 008c 9142     		.uleb128 0x2111
 412 008e 18       		.uleb128 0x18
 413 008f 00       		.byte	0
 414 0090 00       		.byte	0
 415 0091 0A       		.uleb128 0xa
 416 0092 34       		.uleb128 0x34
 417 0093 00       		.byte	0
 418 0094 03       		.uleb128 0x3
 419 0095 0E       		.uleb128 0xe
 420 0096 3A       		.uleb128 0x3a
 421 0097 0B       		.uleb128 0xb
 422 0098 3B       		.uleb128 0x3b
 423 0099 05       		.uleb128 0x5
 424 009a 49       		.uleb128 0x49
 425 009b 13       		.uleb128 0x13
 426 009c 3F       		.uleb128 0x3f
 427 009d 19       		.uleb128 0x19
ARM GAS  C:\Users\Fabian\AppData\Local\Temp\ccsfcVfM.s 			page 9


 428 009e 3C       		.uleb128 0x3c
 429 009f 19       		.uleb128 0x19
 430 00a0 00       		.byte	0
 431 00a1 00       		.byte	0
 432 00a2 0B       		.uleb128 0xb
 433 00a3 35       		.uleb128 0x35
 434 00a4 00       		.byte	0
 435 00a5 49       		.uleb128 0x49
 436 00a6 13       		.uleb128 0x13
 437 00a7 00       		.byte	0
 438 00a8 00       		.byte	0
 439 00a9 0C       		.uleb128 0xc
 440 00aa 34       		.uleb128 0x34
 441 00ab 00       		.byte	0
 442 00ac 03       		.uleb128 0x3
 443 00ad 0E       		.uleb128 0xe
 444 00ae 3A       		.uleb128 0x3a
 445 00af 0B       		.uleb128 0xb
 446 00b0 3B       		.uleb128 0x3b
 447 00b1 0B       		.uleb128 0xb
 448 00b2 49       		.uleb128 0x49
 449 00b3 13       		.uleb128 0x13
 450 00b4 3F       		.uleb128 0x3f
 451 00b5 19       		.uleb128 0x19
 452 00b6 02       		.uleb128 0x2
 453 00b7 18       		.uleb128 0x18
 454 00b8 00       		.byte	0
 455 00b9 00       		.byte	0
 456 00ba 0D       		.uleb128 0xd
 457 00bb 2E       		.uleb128 0x2e
 458 00bc 00       		.byte	0
 459 00bd 3F       		.uleb128 0x3f
 460 00be 19       		.uleb128 0x19
 461 00bf 3C       		.uleb128 0x3c
 462 00c0 19       		.uleb128 0x19
 463 00c1 6E       		.uleb128 0x6e
 464 00c2 0E       		.uleb128 0xe
 465 00c3 03       		.uleb128 0x3
 466 00c4 0E       		.uleb128 0xe
 467 00c5 3A       		.uleb128 0x3a
 468 00c6 0B       		.uleb128 0xb
 469 00c7 3B       		.uleb128 0x3b
 470 00c8 0B       		.uleb128 0xb
 471 00c9 00       		.byte	0
 472 00ca 00       		.byte	0
 473 00cb 00       		.byte	0
 474              		.section	.debug_aranges,"",%progbits
 475 0000 24000000 		.4byte	0x24
 476 0004 0200     		.2byte	0x2
 477 0006 00000000 		.4byte	.Ldebug_info0
 478 000a 04       		.byte	0x4
 479 000b 00       		.byte	0
 480 000c 0000     		.2byte	0
 481 000e 0000     		.2byte	0
 482 0010 00000000 		.4byte	.LFB63
 483 0014 1A000000 		.4byte	.LFE63-.LFB63
 484 0018 00000000 		.4byte	.LFB64
ARM GAS  C:\Users\Fabian\AppData\Local\Temp\ccsfcVfM.s 			page 10


 485 001c 14000000 		.4byte	.LFE64-.LFB64
 486 0020 00000000 		.4byte	0
 487 0024 00000000 		.4byte	0
 488              		.section	.debug_ranges,"",%progbits
 489              	.Ldebug_ranges0:
 490 0000 00000000 		.4byte	.LFB63
 491 0004 1A000000 		.4byte	.LFE63
 492 0008 00000000 		.4byte	.LFB64
 493 000c 14000000 		.4byte	.LFE64
 494 0010 00000000 		.4byte	0
 495 0014 00000000 		.4byte	0
 496              		.section	.debug_line,"",%progbits
 497              	.Ldebug_line0:
 498 0000 8A010000 		.section	.debug_str,"MS",%progbits,1
 498      02006001 
 498      00000201 
 498      FB0E0D00 
 498      01010101 
 499              	.LASF6:
 500 0000 6C6F6E67 		.ascii	"long long int\000"
 500      206C6F6E 
 500      6720696E 
 500      7400
 501              	.LASF21:
 502 000e 54696D65 		.ascii	"Timer_1_ReadStatusRegister\000"
 502      725F315F 
 502      52656164 
 502      53746174 
 502      75735265 
 503              	.LASF8:
 504 0029 756E7369 		.ascii	"unsigned int\000"
 504      676E6564 
 504      20696E74 
 504      00
 505              	.LASF25:
 506 0036 6D61696E 		.ascii	"main.c\000"
 506      2E6300
 507              	.LASF28:
 508 003d 6D61696E 		.ascii	"main\000"
 508      00
 509              	.LASF17:
 510 0042 6C656374 		.ascii	"lectura\000"
 510      75726100 
 511              	.LASF24:
 512 004a 474E5520 		.ascii	"GNU C11 5.4.1 20160609 (release) [ARM/embedded-5-br"
 512      43313120 
 512      352E342E 
 512      31203230 
 512      31363036 
 513 007d 616E6368 		.ascii	"anch revision 237715] -mcpu=cortex-m3 -mthumb -g -O"
 513      20726576 
 513      6973696F 
 513      6E203233 
 513      37373135 
 514 00b0 67202D66 		.ascii	"g -ffunction-sections -ffat-lto-objects\000"
 514      66756E63 
 514      74696F6E 
ARM GAS  C:\Users\Fabian\AppData\Local\Temp\ccsfcVfM.s 			page 11


 514      2D736563 
 514      74696F6E 
 515              	.LASF19:
 516 00d8 4C45445F 		.ascii	"LED_Write\000"
 516      57726974 
 516      6500
 517              	.LASF5:
 518 00e2 6C6F6E67 		.ascii	"long unsigned int\000"
 518      20756E73 
 518      69676E65 
 518      6420696E 
 518      7400
 519              	.LASF7:
 520 00f4 6C6F6E67 		.ascii	"long long unsigned int\000"
 520      206C6F6E 
 520      6720756E 
 520      7369676E 
 520      65642069 
 521              	.LASF3:
 522 010b 73686F72 		.ascii	"short unsigned int\000"
 522      7420756E 
 522      7369676E 
 522      65642069 
 522      6E7400
 523              	.LASF18:
 524 011e 4C45445F 		.ascii	"LED_Read\000"
 524      52656164 
 524      00
 525              	.LASF27:
 526 0127 496E7465 		.ascii	"Interruption\000"
 526      72727570 
 526      74696F6E 
 526      00
 527              	.LASF20:
 528 0134 6973725F 		.ascii	"isr_1_ClearPending\000"
 528      315F436C 
 528      65617250 
 528      656E6469 
 528      6E6700
 529              	.LASF1:
 530 0147 756E7369 		.ascii	"unsigned char\000"
 530      676E6564 
 530      20636861 
 530      7200
 531              	.LASF13:
 532 0155 63686172 		.ascii	"char\000"
 532      00
 533              	.LASF23:
 534 015a 6973725F 		.ascii	"isr_1_StartEx\000"
 534      315F5374 
 534      61727445 
 534      7800
 535              	.LASF22:
 536 0168 54696D65 		.ascii	"Timer_1_Start\000"
 536      725F315F 
 536      53746172 
 536      7400
ARM GAS  C:\Users\Fabian\AppData\Local\Temp\ccsfcVfM.s 			page 12


 537              	.LASF12:
 538 0176 646F7562 		.ascii	"double\000"
 538      6C6500
 539              	.LASF4:
 540 017d 6C6F6E67 		.ascii	"long int\000"
 540      20696E74 
 540      00
 541              	.LASF16:
 542 0186 49544D5F 		.ascii	"ITM_RxBuffer\000"
 542      52784275 
 542      66666572 
 542      00
 543              	.LASF0:
 544 0193 7369676E 		.ascii	"signed char\000"
 544      65642063 
 544      68617200 
 545              	.LASF14:
 546 019f 6C6F6E67 		.ascii	"long double\000"
 546      20646F75 
 546      626C6500 
 547              	.LASF9:
 548 01ab 5F5F696E 		.ascii	"__int32_t\000"
 548      7433325F 
 548      7400
 549              	.LASF11:
 550 01b5 666C6F61 		.ascii	"float\000"
 550      7400
 551              	.LASF2:
 552 01bb 73686F72 		.ascii	"short int\000"
 552      7420696E 
 552      7400
 553              	.LASF10:
 554 01c5 696E7433 		.ascii	"int32_t\000"
 554      325F7400 
 555              	.LASF26:
 556 01cd 433A5C55 		.ascii	"C:\\Users\\Fabian\\Documents\\PSoC Creator\\Timer\\"
 556      73657273 
 556      5C466162 
 556      69616E5C 
 556      446F6375 
 557 01fa 54696D65 		.ascii	"Timer.cydsn\000"
 557      722E6379 
 557      64736E00 
 558              	.LASF15:
 559 0206 73697A65 		.ascii	"sizetype\000"
 559      74797065 
 559      00
 560              		.ident	"GCC: (GNU Tools for ARM Embedded Processors) 5.4.1 20160609 (release) [ARM/embedded-5-bran
